{
  "stats": {
    "suites": 5,
    "tests": 69,
    "passes": 64,
    "pending": 0,
    "failures": 5,
    "start": "2024-01-08T01:39:37.044Z",
    "end": "2024-01-08T01:49:26.860Z",
    "duration": 589816,
    "testsRegistered": 69,
    "passPercent": 92.7536231884058,
    "pendingPercent": 0,
    "other": 0,
    "hasOther": false,
    "skipped": 0,
    "hasSkipped": false
  },
  "results": [
    {
      "uuid": "36717d42-f977-4955-8a19-131bc7a0e8f0",
      "title": "",
      "fullFile": "cypress/e2e/DriverUser.cy.js",
      "file": "cypress/e2e/DriverUser.cy.js",
      "beforeHooks": [],
      "afterHooks": [],
      "tests": [],
      "suites": [
        {
          "uuid": "37319546-6964-4a2e-b9d2-38e9985ae4f4",
          "title": "Login Tests",
          "fullFile": "",
          "file": "",
          "beforeHooks": [],
          "afterHooks": [],
          "tests": [
            {
              "title": "Verify that the user is able to access the url https://biskit-frontend-dev.eha.im/",
              "fullTitle": "Login Tests Verify that the user is able to access the url https://biskit-frontend-dev.eha.im/",
              "timedOut": null,
              "duration": 1670,
              "state": "passed",
              "speed": "fast",
              "pass": true,
              "fail": false,
              "pending": false,
              "context": null,
              "code": "loginPage.navigate(\"https://biskit-frontend-dev.eha.im/#/signin\");\ncy.get(\".sc-ikZpkk\").should(\"have.text\", \"Welcome back! Please enter your details\");",
              "err": {},
              "uuid": "7ec79185-3178-4dee-8e47-124770bf5003",
              "parentUUID": "37319546-6964-4a2e-b9d2-38e9985ae4f4",
              "isHook": false,
              "skipped": false
            },
            {
              "title": "Verify that the user is not able to access the app with an invalid login credential (Password)",
              "fullTitle": "Login Tests Verify that the user is not able to access the app with an invalid login credential (Password)",
              "timedOut": null,
              "duration": 11156,
              "state": "passed",
              "speed": "slow",
              "pass": true,
              "fail": false,
              "pending": false,
              "context": null,
              "code": "loginPage.navigate(\"https://biskit-frontend-dev.eha.im/#/signin\");\nloginPage.enterusername(\"nelo_driver\");\nloginPage.enterPassword(\"password2\");\nloginPage.clickLogin();\ncy.wait(10000);\ncy.get(\".rs-notification-content\").should(\"contain\", \"Error\").and(\"not.have.text\", \"Welcome to BISKIT\");",
              "err": {},
              "uuid": "56269876-6f3b-41d1-a2c2-2fde094d086f",
              "parentUUID": "37319546-6964-4a2e-b9d2-38e9985ae4f4",
              "isHook": false,
              "skipped": false
            },
            {
              "title": "Verify that the user is not able to access the app with an invalid login credential (Username)",
              "fullTitle": "Login Tests Verify that the user is not able to access the app with an invalid login credential (Username)",
              "timedOut": null,
              "duration": 1497,
              "state": "passed",
              "speed": "fast",
              "pass": true,
              "fail": false,
              "pending": false,
              "context": null,
              "code": "loginPage.navigate(\"https://biskit-frontend-dev.eha.im/#/signin\");\nloginPage.enterusername(\"nelo_driver123\");\nloginPage.enterPassword(\"password\");\nloginPage.clickLogin();\n// cy.wait(10000)\ncy.get(\".rs-notification-content\").should(\"contain\", \"Error\").and(\"not.have.text\", \"Welcome to BISKIT\");",
              "err": {},
              "uuid": "47bf7658-d8d6-4986-b44d-65096ab20b4c",
              "parentUUID": "37319546-6964-4a2e-b9d2-38e9985ae4f4",
              "isHook": false,
              "skipped": false
            },
            {
              "title": "Verify that the user is able to login to the app with a valid username and password",
              "fullTitle": "Login Tests Verify that the user is able to login to the app with a valid username and password",
              "timedOut": null,
              "duration": 2217,
              "state": "passed",
              "speed": "fast",
              "pass": true,
              "fail": false,
              "pending": false,
              "context": null,
              "code": "loginPage.navigate(\"https://biskit-frontend-dev.eha.im/#/signin\");\nloginPage.enterusername(\"nelo_driver\");\nloginPage.enterPassword(\"password\");\nloginPage.clickLogin();\ncy.get('[data-testid=\"home-welcome\"]').should(\"be.visible\").and(\"have.text\", \"Welcome to BISKIT\");",
              "err": {},
              "uuid": "7107b5a4-40bb-4173-a65a-677685617cf3",
              "parentUUID": "37319546-6964-4a2e-b9d2-38e9985ae4f4",
              "isHook": false,
              "skipped": false
            }
          ],
          "suites": [],
          "passes": [
            "7ec79185-3178-4dee-8e47-124770bf5003",
            "56269876-6f3b-41d1-a2c2-2fde094d086f",
            "47bf7658-d8d6-4986-b44d-65096ab20b4c",
            "7107b5a4-40bb-4173-a65a-677685617cf3"
          ],
          "failures": [],
          "pending": [],
          "skipped": [],
          "duration": 16540,
          "root": false,
          "rootEmpty": false,
          "_timeout": 2000
        },
        {
          "uuid": "d179e526-ddb3-413a-ba58-d6d3458dc965",
          "title": "Landing page",
          "fullFile": "",
          "file": "",
          "beforeHooks": [],
          "afterHooks": [],
          "tests": [
            {
              "title": "Verify that the user is able to view the login landing page with a \"Welcome to BISKIT\" message",
              "fullTitle": "Landing page Verify that the user is able to view the login landing page with a \"Welcome to BISKIT\" message",
              "timedOut": null,
              "duration": 11502,
              "state": "passed",
              "speed": "slow",
              "pass": true,
              "fail": false,
              "pending": false,
              "context": null,
              "code": "loginPage.navigate(\"https://biskit-frontend-dev.eha.im/#/signin\");\nloginPage.enterusername(\"nelo_driver\");\nloginPage.enterPassword(\"password\");\nloginPage.clickLogin();\ncy.wait(10000);\ncy.get('[data-testid=\"home-welcome\"]').should(\"be.visible\");",
              "err": {},
              "uuid": "338d6d8d-fb30-46b0-8295-38dee61151b5",
              "parentUUID": "d179e526-ddb3-413a-ba58-d6d3458dc965",
              "isHook": false,
              "skipped": false
            },
            {
              "title": "Verify that the user is able to view the login landing page with the \"Dashboard\" menu button clearly visible",
              "fullTitle": "Landing page Verify that the user is able to view the login landing page with the \"Dashboard\" menu button clearly visible",
              "timedOut": null,
              "duration": 11376,
              "state": "passed",
              "speed": "slow",
              "pass": true,
              "fail": false,
              "pending": false,
              "context": null,
              "code": "loginPage.navigate(\"https://biskit-frontend-dev.eha.im/#/signin\");\nloginPage.enterusername(\"nelo_driver\");\nloginPage.enterPassword(\"password\");\nloginPage.clickLogin();\ncy.wait(10000);\ncy.contains(\"Dashboard\").click();\ncy.get(\".rs-flex-box-grid > :nth-child(1) > .sc-llJcti\").should(\"have.text\", \"Track, Manage and Get a birds eye view of all activities\").and(\"not.be.NaN\").and(\"be.visible\");",
              "err": {},
              "uuid": "cb524add-cafd-49f2-9b9c-0bb8dd014b15",
              "parentUUID": "d179e526-ddb3-413a-ba58-d6d3458dc965",
              "isHook": false,
              "skipped": false
            },
            {
              "title": "Verify that the user is able to view the login landing page with the \"Facilities\" menu button clearly visible",
              "fullTitle": "Landing page Verify that the user is able to view the login landing page with the \"Facilities\" menu button clearly visible",
              "timedOut": null,
              "duration": 2266,
              "state": "passed",
              "speed": "fast",
              "pass": true,
              "fail": false,
              "pending": false,
              "context": null,
              "code": "loginPage.navigate(\"https://biskit-frontend-dev.eha.im/#/signin\");\nloginPage.enterusername(\"nelo_driver\");\nloginPage.enterPassword(\"password\");\nloginPage.clickLogin();\n// cy.wait(10000)\ncy.get('[data-testid=\"nav-group-facilities\"] > .rs-dropdown-toggle > [data-testid=\"nav-item-undefined\"] > :nth-child(2) > .sc-BeQoi').should(\"have.text\", \"Facilities\").and(\"be.visible\");",
              "err": {},
              "uuid": "6f97214f-a5b5-48e1-951a-7b7bf5b5d732",
              "parentUUID": "d179e526-ddb3-413a-ba58-d6d3458dc965",
              "isHook": false,
              "skipped": false
            },
            {
              "title": "Verify that the user is able to view the login landing page with a the \"Reports\" menu button clearly visible",
              "fullTitle": "Landing page Verify that the user is able to view the login landing page with a the \"Reports\" menu button clearly visible",
              "timedOut": null,
              "duration": 11526,
              "state": "passed",
              "speed": "slow",
              "pass": true,
              "fail": false,
              "pending": false,
              "context": null,
              "code": "loginPage.navigate(\"https://biskit-frontend-dev.eha.im/#/signin\");\nloginPage.enterusername(\"nelo_driver\");\nloginPage.enterPassword(\"password\");\nloginPage.clickLogin();\ncy.wait(10000);\ncy.contains(\"Reports\").should(\"have.text\", \"Reports\").and(\"be.visible\");",
              "err": {},
              "uuid": "1f37fee2-5740-4ca7-a914-f195473e00b7",
              "parentUUID": "d179e526-ddb3-413a-ba58-d6d3458dc965",
              "isHook": false,
              "skipped": false
            },
            {
              "title": "Verify that the user is able to view the login landing page with a the \"Users\" menu button clearly visible",
              "fullTitle": "Landing page Verify that the user is able to view the login landing page with a the \"Users\" menu button clearly visible",
              "timedOut": null,
              "duration": 12351,
              "state": "failed",
              "speed": null,
              "pass": false,
              "fail": true,
              "pending": false,
              "context": "{\n  \"title\": \"cypress-mochawesome-reporter-screenshots\",\n  \"value\": [\n    [\n      \"/DriverUser.cy.js/Landing page -- Verify that the user is able to view the login landing page with a the Users menu button clearly visible (failed).png\"\n    ]\n  ]\n}",
              "code": "loginPage.navigate(\"https://biskit-frontend-dev.eha.im/#/signin\");\nloginPage.enterusername(\"nelo_driver\");\nloginPage.enterPassword(\"password\");\nloginPage.clickLogin();\n// cy.wait(10000)\ncy.contains(\"Users\").should(\"have.text\", \"Users\").and(\"be.visible\");",
              "err": {
                "message": "AssertionError: Timed out retrying after 10000ms: Expected to find content: 'Users' but never did.",
                "estack": "AssertionError: Timed out retrying after 10000ms: Expected to find content: 'Users' but never did.\n    at Context.eval (webpack://biskit/./cypress/e2e/DriverUser.cy.js:98:25)",
                "diff": null
              },
              "uuid": "cd13c952-ccdb-4320-adac-71b4e34cba6f",
              "parentUUID": "d179e526-ddb3-413a-ba58-d6d3458dc965",
              "isHook": false,
              "skipped": false
            },
            {
              "title": "Verify that the user is able to view clearly thye BISKIT logo on top of the landing page",
              "fullTitle": "Landing page Verify that the user is able to view clearly thye BISKIT logo on top of the landing page",
              "timedOut": null,
              "duration": 2193,
              "state": "passed",
              "speed": "fast",
              "pass": true,
              "fail": false,
              "pending": false,
              "context": null,
              "code": "loginPage.navigate(\"https://biskit-frontend-dev.eha.im/#/signin\");\nloginPage.enterusername(\"nelo_driver\");\nloginPage.enterPassword(\"password\");\nloginPage.clickLogin();\n// cy.wait(10000)\ncy.get('[data-testid=\"home-welcome\"]').should(\"have.text\", \"Welcome to BISKIT\").and(\"be.visible\");",
              "err": {},
              "uuid": "52323c0d-a2ff-42e5-a675-64d86b7ca9bf",
              "parentUUID": "d179e526-ddb3-413a-ba58-d6d3458dc965",
              "isHook": false,
              "skipped": false
            },
            {
              "title": "Verify that the user is able to view the profile details of the logged in user on the landing page",
              "fullTitle": "Landing page Verify that the user is able to view the profile details of the logged in user on the landing page",
              "timedOut": null,
              "duration": 2870,
              "state": "passed",
              "speed": "fast",
              "pass": true,
              "fail": false,
              "pending": false,
              "context": null,
              "code": "loginPage.navigate(\"https://biskit-frontend-dev.eha.im/#/signin\");\nloginPage.enterusername(\"nelo_driver\");\nloginPage.enterPassword(\"password\");\nloginPage.clickLogin();\n// cy.wait(10000)\ncy.get('[data-testid=\"user-info-nelo_driver\"]').should(\"be.visible\");",
              "err": {},
              "uuid": "5e762913-49ca-43fb-8a6d-12ea91097888",
              "parentUUID": "d179e526-ddb3-413a-ba58-d6d3458dc965",
              "isHook": false,
              "skipped": false
            },
            {
              "title": "Verify that the user is able to view the \"Notification\" icon on the login landing page",
              "fullTitle": "Landing page Verify that the user is able to view the \"Notification\" icon on the login landing page",
              "timedOut": null,
              "duration": 2898,
              "state": "passed",
              "speed": "fast",
              "pass": true,
              "fail": false,
              "pending": false,
              "context": null,
              "code": "loginPage.navigate(\"https://biskit-frontend-dev.eha.im/#/signin\");\nloginPage.enterusername(\"nelo_driver\");\nloginPage.enterPassword(\"password\");\nloginPage.clickLogin();\n// cy.wait(10000)\ncy.get(\".fa-regular\").should(\"be.visible\");",
              "err": {},
              "uuid": "76e746a8-8597-49b2-90c8-dc4758786eb9",
              "parentUUID": "d179e526-ddb3-413a-ba58-d6d3458dc965",
              "isHook": false,
              "skipped": false
            },
            {
              "title": "Verify that the user is able to click on the \"Dashboard\" menu button",
              "fullTitle": "Landing page Verify that the user is able to click on the \"Dashboard\" menu button",
              "timedOut": null,
              "duration": 3337,
              "state": "passed",
              "speed": "fast",
              "pass": true,
              "fail": false,
              "pending": false,
              "context": null,
              "code": "loginPage.navigate(\"https://biskit-frontend-dev.eha.im/#/signin\");\nloginPage.enterusername(\"nelo_driver\");\nloginPage.enterPassword(\"password\");\nloginPage.clickLogin();\n// cy.wait(10000)\ncy.contains(\"Dashboard\").click().should(\"be.visible\");",
              "err": {},
              "uuid": "818f93de-d05e-41f8-a974-adb734e741e5",
              "parentUUID": "d179e526-ddb3-413a-ba58-d6d3458dc965",
              "isHook": false,
              "skipped": false
            },
            {
              "title": "Verify that the user is able to view the page title message which reads \"Dashboard, Track, Manage and Get a birds eye view of all activities\"",
              "fullTitle": "Landing page Verify that the user is able to view the page title message which reads \"Dashboard, Track, Manage and Get a birds eye view of all activities\"",
              "timedOut": null,
              "duration": 3200,
              "state": "passed",
              "speed": "fast",
              "pass": true,
              "fail": false,
              "pending": false,
              "context": null,
              "code": "loginPage.navigate(\"https://biskit-frontend-dev.eha.im/#/signin\");\nloginPage.enterusername(\"nelo_driver\");\nloginPage.enterPassword(\"password\");\nloginPage.clickLogin();\n// cy.wait(10000)\ncy.contains(\"Dashboard\").click();\ncy.get(\".rs-flex-box-grid > :nth-child(1) > .sc-llJcti\").should(\"have.text\", \"Track, Manage and Get a birds eye view of all activities\").and(\"be.visible\");",
              "err": {},
              "uuid": "72343b29-1654-45fa-b9e7-6d7bc0abe61d",
              "parentUUID": "d179e526-ddb3-413a-ba58-d6d3458dc965",
              "isHook": false,
              "skipped": false
            },
            {
              "title": "Verify that the user is able to view the date field on top of the page",
              "fullTitle": "Landing page Verify that the user is able to view the date field on top of the page",
              "timedOut": null,
              "duration": 2782,
              "state": "passed",
              "speed": "fast",
              "pass": true,
              "fail": false,
              "pending": false,
              "context": null,
              "code": "loginPage.navigate(\"https://biskit-frontend-dev.eha.im/#/signin\");\nloginPage.enterusername(\"nelo_driver\");\nloginPage.enterPassword(\"password\");\nloginPage.clickLogin();\n// cy.wait(10000)\ncy.contains(\"Dashboard\").click();\ncy.contains(\"Jan\").should(\"be.visible\").and(\"not.be.NaN\");",
              "err": {},
              "uuid": "e8c477e8-9ce7-4e0c-9682-435c8a17cacd",
              "parentUUID": "d179e526-ddb3-413a-ba58-d6d3458dc965",
              "isHook": false,
              "skipped": false
            },
            {
              "title": "Verify that the date on the date field can be selected and changed to any date in the past",
              "fullTitle": "Landing page Verify that the date on the date field can be selected and changed to any date in the past",
              "timedOut": null,
              "duration": 13494,
              "state": "failed",
              "speed": null,
              "pass": false,
              "fail": true,
              "pending": false,
              "context": "{\n  \"title\": \"cypress-mochawesome-reporter-screenshots\",\n  \"value\": [\n    [\n      \"/DriverUser.cy.js/Landing page -- Verify that the date on the date field can be selected and changed to any date in the past (failed).png\"\n    ]\n  ]\n}",
              "code": "loginPage.navigate(\"https://biskit-frontend-dev.eha.im/#/signin\");\nloginPage.enterusername(\"nelo_driver\");\nloginPage.enterPassword(\"password\");\nloginPage.clickLogin();\n// cy.wait(10000)\ncy.contains(\"Dashboard\").click();\ncy.contains(\"Jan\").click().should(\"be.focused\");\nconsole.log(\"The dropdown does not open and userv is unable to select dates\");",
              "err": {
                "message": "AssertionError: Timed out retrying after 10050ms: expected '<button#menubutton-:r0:.rs-dropdown-toggle.rs-btn.rs-btn-default.rs-btn-sm>' to be 'focused'",
                "estack": "AssertionError: Timed out retrying after 10050ms: expected '<button#menubutton-:r0:.rs-dropdown-toggle.rs-btn.rs-btn-default.rs-btn-sm>' to be 'focused'\n    at Context.eval (webpack://biskit/./cypress/e2e/DriverUser.cy.js:169:31)",
                "diff": null
              },
              "uuid": "477af20d-8701-4e22-947a-dc028a12b996",
              "parentUUID": "d179e526-ddb3-413a-ba58-d6d3458dc965",
              "isHook": false,
              "skipped": false
            },
            {
              "title": "Verify that the user is not able to select a date in the future",
              "fullTitle": "Landing page Verify that the user is not able to select a date in the future",
              "timedOut": null,
              "duration": 13139,
              "state": "failed",
              "speed": null,
              "pass": false,
              "fail": true,
              "pending": false,
              "context": "{\n  \"title\": \"cypress-mochawesome-reporter-screenshots\",\n  \"value\": [\n    [\n      \"/DriverUser.cy.js/Landing page -- Verify that the user is not able to select a date in the future (failed).png\"\n    ]\n  ]\n}",
              "code": "loginPage.navigate(\"https://biskit-frontend-dev.eha.im/#/signin\");\nloginPage.enterusername(\"nelo_driver\");\nloginPage.enterPassword(\"password\");\nloginPage.clickLogin();\n// cy.wait(10000)\ncy.contains(\"Dashboard\").click();\ncy.contains(\"Jan\").click().should(\"be.focused\");\nconsole.log(\"User is unable to select any dates as dropdwon does not open when clicked on\");",
              "err": {
                "message": "AssertionError: Timed out retrying after 10050ms: expected '<button#menubutton-:r0:.rs-dropdown-toggle.rs-btn.rs-btn-default.rs-btn-sm>' to be 'focused'",
                "estack": "AssertionError: Timed out retrying after 10050ms: expected '<button#menubutton-:r0:.rs-dropdown-toggle.rs-btn.rs-btn-default.rs-btn-sm>' to be 'focused'\n    at Context.eval (webpack://biskit/./cypress/e2e/DriverUser.cy.js:181:31)",
                "diff": null
              },
              "uuid": "10a92346-a1fa-4deb-b4c3-41b6e11a7616",
              "parentUUID": "d179e526-ddb3-413a-ba58-d6d3458dc965",
              "isHook": false,
              "skipped": false
            },
            {
              "title": "Verify that the user is able to view and select a location of choice",
              "fullTitle": "Landing page Verify that the user is able to view and select a location of choice",
              "timedOut": null,
              "duration": 12752,
              "state": "failed",
              "speed": null,
              "pass": false,
              "fail": true,
              "pending": false,
              "context": "{\n  \"title\": \"cypress-mochawesome-reporter-screenshots\",\n  \"value\": [\n    [\n      \"/DriverUser.cy.js/Landing page -- Verify that the user is able to view and select a location of choice (failed).png\"\n    ]\n  ]\n}",
              "code": "loginPage.navigate(\"https://biskit-frontend-dev.eha.im/#/signin\");\nloginPage.enterusername(\"nelo_driver\");\nloginPage.enterPassword(\"password\");\nloginPage.clickLogin();\n// cy.wait(10000)\ncy.contains(\"Dashboard\").click();\ncy.contains(\"Johannesburg\").should(\"be.focused\");\nconsole.log(\"the dropdown is not clickable\");",
              "err": {
                "message": "AssertionError: Timed out retrying after 10000ms: expected '<button#menubutton-:r2:.rs-dropdown-toggle.rs-btn.rs-btn-default.rs-btn-sm>' to be 'focused'",
                "estack": "AssertionError: Timed out retrying after 10000ms: expected '<button#menubutton-:r2:.rs-dropdown-toggle.rs-btn.rs-btn-default.rs-btn-sm>' to be 'focused'\n    at Context.eval (webpack://biskit/./cypress/e2e/DriverUser.cy.js:194:32)",
                "diff": null
              },
              "uuid": "6f7a2177-8059-4e7b-9556-7865b19ce27a",
              "parentUUID": "d179e526-ddb3-413a-ba58-d6d3458dc965",
              "isHook": false,
              "skipped": false
            },
            {
              "title": "Verify that the user is able to view the report in a table format and contains No of Donors",
              "fullTitle": "Landing page Verify that the user is able to view the report in a table format and contains No of Donors",
              "timedOut": null,
              "duration": 2294,
              "state": "passed",
              "speed": "fast",
              "pass": true,
              "fail": false,
              "pending": false,
              "context": null,
              "code": "loginPage.navigate(\"https://biskit-frontend-dev.eha.im/#/signin\");\nloginPage.enterusername(\"nelo_driver\");\nloginPage.enterPassword(\"password\");\nloginPage.clickLogin();\n// cy.wait(10000)\ncy.contains(\"Dashboard\").click();\ncy.get(\".show-grid > :nth-child(1) > .strong\").should(\"be.visible\").and(\"have.text\", \"No. of Donors\");",
              "err": {},
              "uuid": "32c4224b-0a8c-4b1a-a738-8eabca49d18f",
              "parentUUID": "d179e526-ddb3-413a-ba58-d6d3458dc965",
              "isHook": false,
              "skipped": false
            },
            {
              "title": "Verify that the value under the No of Donors column is a number",
              "fullTitle": "Landing page Verify that the value under the No of Donors column is a number",
              "timedOut": null,
              "duration": 11181,
              "state": "passed",
              "speed": "slow",
              "pass": true,
              "fail": false,
              "pending": false,
              "context": null,
              "code": "loginPage.navigate(\"https://biskit-frontend-dev.eha.im/#/signin\");\nloginPage.enterusername(\"nelo_driver\");\nloginPage.enterPassword(\"password\");\nloginPage.clickLogin();\ncy.wait(10000);\ncy.contains(\"Dashboard\").click();\ncy.get(\".show-grid > :nth-child(1) > .sc-llJcti\").should(\"be.visible\").and(\"not.be.NaN\");",
              "err": {},
              "uuid": "3aff94e8-5adb-46f1-9538-c06235ecb0f5",
              "parentUUID": "d179e526-ddb3-413a-ba58-d6d3458dc965",
              "isHook": false,
              "skipped": false
            },
            {
              "title": "Verify that the user is able to view the report in a table format and contains Donations",
              "fullTitle": "Landing page Verify that the user is able to view the report in a table format and contains Donations",
              "timedOut": null,
              "duration": 11233,
              "state": "passed",
              "speed": "slow",
              "pass": true,
              "fail": false,
              "pending": false,
              "context": null,
              "code": "loginPage.navigate(\"https://biskit-frontend-dev.eha.im/#/signin\");\nloginPage.enterusername(\"nelo_driver\");\nloginPage.enterPassword(\"password\");\nloginPage.clickLogin();\ncy.wait(10000);\ncy.contains(\"Dashboard\").click();\ncy.get(\":nth-child(2) > .strong\").should(\"be.visible\").and(\"have.text\", \"Donations\");",
              "err": {},
              "uuid": "c0ca95ce-b6f9-4783-94e0-213377f49f4e",
              "parentUUID": "d179e526-ddb3-413a-ba58-d6d3458dc965",
              "isHook": false,
              "skipped": false
            },
            {
              "title": "Verify that the value under the Donations column is a number",
              "fullTitle": "Landing page Verify that the value under the Donations column is a number",
              "timedOut": null,
              "duration": 11308,
              "state": "passed",
              "speed": "slow",
              "pass": true,
              "fail": false,
              "pending": false,
              "context": null,
              "code": "loginPage.navigate(\"https://biskit-frontend-dev.eha.im/#/signin\");\nloginPage.enterusername(\"nelo_driver\");\nloginPage.enterPassword(\"password\");\nloginPage.clickLogin();\ncy.wait(10000);\ncy.contains(\"Dashboard\").click();\ncy.get(\":nth-child(2) > .sc-llJcti\").should(\"be.visible\").and(\"not.be.NaN\");",
              "err": {},
              "uuid": "a0c8bbfb-9943-4ea0-93e8-681b3295500d",
              "parentUUID": "d179e526-ddb3-413a-ba58-d6d3458dc965",
              "isHook": false,
              "skipped": false
            },
            {
              "title": "Verify that the user is able to view the report in a table format and contains Blood products ",
              "fullTitle": "Landing page Verify that the user is able to view the report in a table format and contains Blood products ",
              "timedOut": null,
              "duration": 11365,
              "state": "passed",
              "speed": "slow",
              "pass": true,
              "fail": false,
              "pending": false,
              "context": null,
              "code": "loginPage.navigate(\"https://biskit-frontend-dev.eha.im/#/signin\");\nloginPage.enterusername(\"nelo_driver\");\nloginPage.enterPassword(\"password\");\nloginPage.clickLogin();\ncy.wait(10000);\ncy.contains(\"Dashboard\").click();\ncy.get(\":nth-child(3) > .strong\").should(\"be.visible\").and(\"have.text\", \"Blood Products\");",
              "err": {},
              "uuid": "1313e50e-67fd-4106-b86e-15f5619f710e",
              "parentUUID": "d179e526-ddb3-413a-ba58-d6d3458dc965",
              "isHook": false,
              "skipped": false
            },
            {
              "title": "Verify that the value under the Blood Products column is a number",
              "fullTitle": "Landing page Verify that the value under the Blood Products column is a number",
              "timedOut": null,
              "duration": 11645,
              "state": "passed",
              "speed": "slow",
              "pass": true,
              "fail": false,
              "pending": false,
              "context": null,
              "code": "loginPage.navigate(\"https://biskit-frontend-dev.eha.im/#/signin\");\nloginPage.enterusername(\"nelo_driver\");\nloginPage.enterPassword(\"password\");\nloginPage.clickLogin();\ncy.wait(10000);\ncy.contains(\"Dashboard\").click();\ncy.get(\":nth-child(3) > .sc-llJcti\").should(\"be.visible\").and(\"not.be.NaN\");",
              "err": {},
              "uuid": "75aff740-1a4c-453d-8bce-7fd242716dae",
              "parentUUID": "d179e526-ddb3-413a-ba58-d6d3458dc965",
              "isHook": false,
              "skipped": false
            },
            {
              "title": "Verify that the user is able to view the report in a table format and contains Blood requests",
              "fullTitle": "Landing page Verify that the user is able to view the report in a table format and contains Blood requests",
              "timedOut": null,
              "duration": 11248,
              "state": "passed",
              "speed": "slow",
              "pass": true,
              "fail": false,
              "pending": false,
              "context": null,
              "code": "loginPage.navigate(\"https://biskit-frontend-dev.eha.im/#/signin\");\nloginPage.enterusername(\"nelo_driver\");\nloginPage.enterPassword(\"password\");\nloginPage.clickLogin();\ncy.wait(10000);\ncy.contains(\"Dashboard\").click();\ncy.get(\":nth-child(4) > .strong\").should(\"be.visible\").and(\"have.text\", \"Blood Requests\");",
              "err": {},
              "uuid": "1a13200b-57ca-4c5c-8ce2-1508b0bdc69b",
              "parentUUID": "d179e526-ddb3-413a-ba58-d6d3458dc965",
              "isHook": false,
              "skipped": false
            },
            {
              "title": "Verify that the value under the Blood request column is a number ",
              "fullTitle": "Landing page Verify that the value under the Blood request column is a number ",
              "timedOut": null,
              "duration": 11302,
              "state": "passed",
              "speed": "slow",
              "pass": true,
              "fail": false,
              "pending": false,
              "context": null,
              "code": "loginPage.navigate(\"https://biskit-frontend-dev.eha.im/#/signin\");\nloginPage.enterusername(\"nelo_driver\");\nloginPage.enterPassword(\"password\");\nloginPage.clickLogin();\ncy.wait(10000);\ncy.contains(\"Dashboard\").click();\ncy.get(\":nth-child(4) > .sc-llJcti\").should(\"be.visible\").and(\"not.be.NaN\");",
              "err": {},
              "uuid": "6d7e59af-e467-4223-a357-5e45ddd93df7",
              "parentUUID": "d179e526-ddb3-413a-ba58-d6d3458dc965",
              "isHook": false,
              "skipped": false
            },
            {
              "title": "Verify that the user is able to view the report in a table format and contains Adverse events",
              "fullTitle": "Landing page Verify that the user is able to view the report in a table format and contains Adverse events",
              "timedOut": null,
              "duration": 11217,
              "state": "passed",
              "speed": "slow",
              "pass": true,
              "fail": false,
              "pending": false,
              "context": null,
              "code": "loginPage.navigate(\"https://biskit-frontend-dev.eha.im/#/signin\");\nloginPage.enterusername(\"nelo_driver\");\nloginPage.enterPassword(\"password\");\nloginPage.clickLogin();\ncy.wait(10000);\ncy.contains(\"Dashboard\").click();\ncy.get(\":nth-child(5) > .strong\").should(\"be.visible\").and(\"have.text\", \"Adverse Events\");",
              "err": {},
              "uuid": "d488eced-4dcb-4743-96a6-4ba16a59783a",
              "parentUUID": "d179e526-ddb3-413a-ba58-d6d3458dc965",
              "isHook": false,
              "skipped": false
            },
            {
              "title": "Verify that the value under the Adverse events column is a number ",
              "fullTitle": "Landing page Verify that the value under the Adverse events column is a number ",
              "timedOut": null,
              "duration": 11232,
              "state": "passed",
              "speed": "slow",
              "pass": true,
              "fail": false,
              "pending": false,
              "context": null,
              "code": "loginPage.navigate(\"https://biskit-frontend-dev.eha.im/#/signin\");\nloginPage.enterusername(\"nelo_driver\");\nloginPage.enterPassword(\"password\");\nloginPage.clickLogin();\ncy.wait(10000);\ncy.contains(\"Dashboard\").click();\ncy.get(\":nth-child(5) > .sc-llJcti\").should(\"be.visible\").and(\"not.be.NaN\");",
              "err": {},
              "uuid": "9277bb93-4e7f-41c3-a2ac-3a600c83e140",
              "parentUUID": "d179e526-ddb3-413a-ba58-d6d3458dc965",
              "isHook": false,
              "skipped": false
            },
            {
              "title": "Verify that the user is able to view the report in a tale format and contains Appointments",
              "fullTitle": "Landing page Verify that the user is able to view the report in a tale format and contains Appointments",
              "timedOut": null,
              "duration": 11278,
              "state": "passed",
              "speed": "slow",
              "pass": true,
              "fail": false,
              "pending": false,
              "context": null,
              "code": "loginPage.navigate(\"https://biskit-frontend-dev.eha.im/#/signin\");\nloginPage.enterusername(\"nelo_driver\");\nloginPage.enterPassword(\"password\");\nloginPage.clickLogin();\ncy.wait(10000);\ncy.contains(\"Dashboard\").click();\ncy.get(\":nth-child(6) > .strong\").should(\"be.visible\").and(\"have.text\", \"Appointments\");",
              "err": {},
              "uuid": "60fa1ede-b81f-4d24-9c17-38b96f082e97",
              "parentUUID": "d179e526-ddb3-413a-ba58-d6d3458dc965",
              "isHook": false,
              "skipped": false
            },
            {
              "title": "Verify that the value under the Appointments column is a number",
              "fullTitle": "Landing page Verify that the value under the Appointments column is a number",
              "timedOut": null,
              "duration": 11291,
              "state": "passed",
              "speed": "slow",
              "pass": true,
              "fail": false,
              "pending": false,
              "context": null,
              "code": "loginPage.navigate(\"https://biskit-frontend-dev.eha.im/#/signin\");\nloginPage.enterusername(\"nelo_driver\");\nloginPage.enterPassword(\"password\");\nloginPage.clickLogin();\ncy.wait(10000);\ncy.contains(\"Dashboard\").click();\ncy.get(\":nth-child(6) > .sc-llJcti\").should(\"be.visible\").and(\"not.be.NaN\");",
              "err": {},
              "uuid": "669136c8-0577-47ce-ac89-c13a9447332e",
              "parentUUID": "d179e526-ddb3-413a-ba58-d6d3458dc965",
              "isHook": false,
              "skipped": false
            },
            {
              "title": "Verify that the user is able to view the pie-chart representation of proportion of donor by gender ",
              "fullTitle": "Landing page Verify that the user is able to view the pie-chart representation of proportion of donor by gender ",
              "timedOut": null,
              "duration": 11639,
              "state": "passed",
              "speed": "slow",
              "pass": true,
              "fail": false,
              "pending": false,
              "context": null,
              "code": "loginPage.navigate(\"https://biskit-frontend-dev.eha.im/#/signin\");\nloginPage.enterusername(\"nelo_driver\");\nloginPage.enterPassword(\"password\");\nloginPage.clickLogin();\ncy.wait(10000);\ncy.contains(\"Dashboard\").click();\ncy.get(\".chart-one-doughnut-container > div > canvas\").should(\"be.visible\").and(\"have.text\", \"\");",
              "err": {},
              "uuid": "9d26d6d8-b1e6-4d63-9bc1-98b7aaa48fea",
              "parentUUID": "d179e526-ddb3-413a-ba58-d6d3458dc965",
              "isHook": false,
              "skipped": false
            },
            {
              "title": "Verify that the pie-chart contains a part representing male gender",
              "fullTitle": "Landing page Verify that the pie-chart contains a part representing male gender",
              "timedOut": null,
              "duration": 11305,
              "state": "passed",
              "speed": "slow",
              "pass": true,
              "fail": false,
              "pending": false,
              "context": null,
              "code": "loginPage.navigate(\"https://biskit-frontend-dev.eha.im/#/signin\");\nloginPage.enterusername(\"nelo_driver\");\nloginPage.enterPassword(\"password\");\nloginPage.clickLogin();\ncy.wait(10000);\ncy.contains(\"Dashboard\").click();\ncy.get(\".chart-one-doughnut-container > div > canvas\").should(\"be.visible\").and(\"have.text\", \"\");",
              "err": {},
              "uuid": "9af548e6-8d4d-4785-ba98-fe1abcf1cf2d",
              "parentUUID": "d179e526-ddb3-413a-ba58-d6d3458dc965",
              "isHook": false,
              "skipped": false
            },
            {
              "title": "Verify that the pie-chart contains a part representing female gender",
              "fullTitle": "Landing page Verify that the pie-chart contains a part representing female gender",
              "timedOut": null,
              "duration": 11304,
              "state": "passed",
              "speed": "slow",
              "pass": true,
              "fail": false,
              "pending": false,
              "context": null,
              "code": "loginPage.navigate(\"https://biskit-frontend-dev.eha.im/#/signin\");\nloginPage.enterusername(\"nelo_driver\");\nloginPage.enterPassword(\"password\");\nloginPage.clickLogin();\ncy.wait(10000);\ncy.contains(\"Dashboard\").click();\ncy.get(\".chart-one-doughnut-container > div > canvas\").should(\"be.visible\").and(\"have.text\", \"\");",
              "err": {},
              "uuid": "b154255c-e06e-48a7-8c98-af8b28378917",
              "parentUUID": "d179e526-ddb3-413a-ba58-d6d3458dc965",
              "isHook": false,
              "skipped": false
            },
            {
              "title": "Verify that the radio buttons associated with the pie-chart is clickable",
              "fullTitle": "Landing page Verify that the radio buttons associated with the pie-chart is clickable",
              "timedOut": null,
              "duration": 11366,
              "state": "passed",
              "speed": "slow",
              "pass": true,
              "fail": false,
              "pending": false,
              "context": null,
              "code": "loginPage.navigate(\"https://biskit-frontend-dev.eha.im/#/signin\");\nloginPage.enterusername(\"nelo_driver\");\nloginPage.enterPassword(\"password\");\nloginPage.clickLogin();\ncy.wait(10000);\ncy.contains(\"Dashboard\").click();\ncy.get(\".chart-one-doughnut-container > div > canvas\").should(\"be.visible\").and(\"contain\", \"\");",
              "err": {},
              "uuid": "06ccb7b3-5895-4f49-970b-933d2e94eb60",
              "parentUUID": "d179e526-ddb3-413a-ba58-d6d3458dc965",
              "isHook": false,
              "skipped": false
            },
            {
              "title": "Verify that the user is able to view the bar chart representation of blood donation by month",
              "fullTitle": "Landing page Verify that the user is able to view the bar chart representation of blood donation by month",
              "timedOut": null,
              "duration": 11527,
              "state": "passed",
              "speed": "slow",
              "pass": true,
              "fail": false,
              "pending": false,
              "context": null,
              "code": "loginPage.navigate(\"https://biskit-frontend-dev.eha.im/#/signin\");\nloginPage.enterusername(\"nelo_driver\");\nloginPage.enterPassword(\"password\");\nloginPage.clickLogin();\ncy.wait(10000);\ncy.contains(\"Dashboard\").click();\ncy.get(\".chart-one-bar-container > div > canvas\").should(\"be.visible\").and(\"have.text\", \"\");",
              "err": {},
              "uuid": "bc0beba4-4875-4b4f-8d8b-26fdd30cf7a2",
              "parentUUID": "d179e526-ddb3-413a-ba58-d6d3458dc965",
              "isHook": false,
              "skipped": false
            },
            {
              "title": "Verify that the user is able to view the bar chart representation of distribution of donors by age",
              "fullTitle": "Landing page Verify that the user is able to view the bar chart representation of distribution of donors by age",
              "timedOut": null,
              "duration": 11175,
              "state": "passed",
              "speed": "slow",
              "pass": true,
              "fail": false,
              "pending": false,
              "context": null,
              "code": "loginPage.navigate(\"https://biskit-frontend-dev.eha.im/#/signin\");\nloginPage.enterusername(\"nelo_driver\");\nloginPage.enterPassword(\"password\");\nloginPage.clickLogin();\ncy.wait(10000);\ncy.contains(\"Dashboard\").click();\ncy.get(\".flexed-chart-two-section > :nth-child(1) > div > canvas\").should(\"be.visible\").and(\"have.text\", \"\");",
              "err": {},
              "uuid": "4c3036d7-1714-4891-83d4-c96480362846",
              "parentUUID": "d179e526-ddb3-413a-ba58-d6d3458dc965",
              "isHook": false,
              "skipped": false
            },
            {
              "title": "Verify that the user is able to view the bar chart representation of distribution of tests by status",
              "fullTitle": "Landing page Verify that the user is able to view the bar chart representation of distribution of tests by status",
              "timedOut": null,
              "duration": 11251,
              "state": "passed",
              "speed": "slow",
              "pass": true,
              "fail": false,
              "pending": false,
              "context": null,
              "code": "loginPage.navigate(\"https://biskit-frontend-dev.eha.im/#/signin\");\nloginPage.enterusername(\"nelo_driver\");\nloginPage.enterPassword(\"password\");\nloginPage.clickLogin();\ncy.wait(10000);\ncy.contains(\"Dashboard\").click();\ncy.get(\":nth-child(3) > div > canvas\").should(\"be.visible\").and(\"have.text\", \"\");",
              "err": {},
              "uuid": "1ba2539e-d671-4dc4-a26f-559064214be8",
              "parentUUID": "d179e526-ddb3-413a-ba58-d6d3458dc965",
              "isHook": false,
              "skipped": false
            },
            {
              "title": "Verify that the user is able to view the graph representation of distribution of tests by type",
              "fullTitle": "Landing page Verify that the user is able to view the graph representation of distribution of tests by type",
              "timedOut": null,
              "duration": 11201,
              "state": "passed",
              "speed": "slow",
              "pass": true,
              "fail": false,
              "pending": false,
              "context": null,
              "code": "loginPage.navigate(\"https://biskit-frontend-dev.eha.im/#/signin\");\nloginPage.enterusername(\"nelo_driver\");\nloginPage.enterPassword(\"password\");\nloginPage.clickLogin();\ncy.wait(10000);\ncy.contains(\"Dashboard\").click();\ncy.get(\".flexed-chart-three-section > div > canvas\").should(\"be.visible\").and(\"have.text\", \"\");",
              "err": {},
              "uuid": "0f88b823-f44b-412b-87a6-463b8f87c7e8",
              "parentUUID": "d179e526-ddb3-413a-ba58-d6d3458dc965",
              "isHook": false,
              "skipped": false
            }
          ],
          "suites": [],
          "passes": [
            "338d6d8d-fb30-46b0-8295-38dee61151b5",
            "cb524add-cafd-49f2-9b9c-0bb8dd014b15",
            "6f97214f-a5b5-48e1-951a-7b7bf5b5d732",
            "1f37fee2-5740-4ca7-a914-f195473e00b7",
            "52323c0d-a2ff-42e5-a675-64d86b7ca9bf",
            "5e762913-49ca-43fb-8a6d-12ea91097888",
            "76e746a8-8597-49b2-90c8-dc4758786eb9",
            "818f93de-d05e-41f8-a974-adb734e741e5",
            "72343b29-1654-45fa-b9e7-6d7bc0abe61d",
            "e8c477e8-9ce7-4e0c-9682-435c8a17cacd",
            "32c4224b-0a8c-4b1a-a738-8eabca49d18f",
            "3aff94e8-5adb-46f1-9538-c06235ecb0f5",
            "c0ca95ce-b6f9-4783-94e0-213377f49f4e",
            "a0c8bbfb-9943-4ea0-93e8-681b3295500d",
            "1313e50e-67fd-4106-b86e-15f5619f710e",
            "75aff740-1a4c-453d-8bce-7fd242716dae",
            "1a13200b-57ca-4c5c-8ce2-1508b0bdc69b",
            "6d7e59af-e467-4223-a357-5e45ddd93df7",
            "d488eced-4dcb-4743-96a6-4ba16a59783a",
            "9277bb93-4e7f-41c3-a2ac-3a600c83e140",
            "60fa1ede-b81f-4d24-9c17-38b96f082e97",
            "669136c8-0577-47ce-ac89-c13a9447332e",
            "9d26d6d8-b1e6-4d63-9bc1-98b7aaa48fea",
            "9af548e6-8d4d-4785-ba98-fe1abcf1cf2d",
            "b154255c-e06e-48a7-8c98-af8b28378917",
            "06ccb7b3-5895-4f49-970b-933d2e94eb60",
            "bc0beba4-4875-4b4f-8d8b-26fdd30cf7a2",
            "4c3036d7-1714-4891-83d4-c96480362846",
            "1ba2539e-d671-4dc4-a26f-559064214be8",
            "0f88b823-f44b-412b-87a6-463b8f87c7e8"
          ],
          "failures": [
            "cd13c952-ccdb-4320-adac-71b4e34cba6f",
            "477af20d-8701-4e22-947a-dc028a12b996",
            "10a92346-a1fa-4deb-b4c3-41b6e11a7616",
            "6f7a2177-8059-4e7b-9556-7865b19ce27a"
          ],
          "pending": [],
          "skipped": [],
          "duration": 323048,
          "root": false,
          "rootEmpty": false,
          "_timeout": 2000
        },
        {
          "uuid": "39694157-d1f9-4cba-bd4e-ca94e64b76ae",
          "title": "Facilities menu",
          "fullFile": "",
          "file": "",
          "beforeHooks": [],
          "afterHooks": [],
          "tests": [
            {
              "title": "Verify that the user is able to click on the \"Facilities\"  menu button",
              "fullTitle": "Facilities menu Verify that the user is able to click on the \"Facilities\"  menu button",
              "timedOut": null,
              "duration": 11197,
              "state": "passed",
              "speed": "slow",
              "pass": true,
              "fail": false,
              "pending": false,
              "context": null,
              "code": "loginPage.navigate(\"https://biskit-frontend-dev.eha.im/#/signin\");\nloginPage.enterusername(\"nelo_driver\");\nloginPage.enterPassword(\"password\");\nloginPage.clickLogin();\ncy.wait(10000);\ncy.contains(\"Facilities\").click().should(\"be.visible\").and(\"have.text\", \"Facilities\");",
              "err": {},
              "uuid": "4b4b2500-487f-437b-aa22-2f98a7037589",
              "parentUUID": "39694157-d1f9-4cba-bd4e-ca94e64b76ae",
              "isHook": false,
              "skipped": false
            },
            {
              "title": "Verify that the facilities menu button expands to display a \"Facility\" sub-menu button",
              "fullTitle": "Facilities menu Verify that the facilities menu button expands to display a \"Facility\" sub-menu button",
              "timedOut": null,
              "duration": 11168,
              "state": "passed",
              "speed": "slow",
              "pass": true,
              "fail": false,
              "pending": false,
              "context": null,
              "code": "loginPage.navigate(\"https://biskit-frontend-dev.eha.im/#/signin\");\nloginPage.enterusername(\"nelo_driver\");\nloginPage.enterPassword(\"password\");\nloginPage.clickLogin();\ncy.wait(10000);\ncy.contains(\"Facilities\").click();\ncy.get('[data-testid=\"nav-item-facility\"] > .rs-stack-item > .sc-BeQoi').should(\"be.visible\").and(\"have.text\", \"Facility\");",
              "err": {},
              "uuid": "f2b3849e-93d2-47f1-83d8-1486b35ceaec",
              "parentUUID": "39694157-d1f9-4cba-bd4e-ca94e64b76ae",
              "isHook": false,
              "skipped": false
            },
            {
              "title": "Verify that the \"Facility\" button is visible and clickable",
              "fullTitle": "Facilities menu Verify that the \"Facility\" button is visible and clickable",
              "timedOut": null,
              "duration": 11224,
              "state": "passed",
              "speed": "slow",
              "pass": true,
              "fail": false,
              "pending": false,
              "context": null,
              "code": "loginPage.navigate(\"https://biskit-frontend-dev.eha.im/#/signin\");\nloginPage.enterusername(\"nelo_driver\");\nloginPage.enterPassword(\"password\");\nloginPage.clickLogin();\ncy.wait(10000);\ncy.contains(\"Facilities\").click();\ncy.get('[data-testid=\"nav-item-facility\"] > .rs-stack-item > .sc-BeQoi').click();",
              "err": {},
              "uuid": "2f78119b-8dff-4c15-a4a2-81726659f19f",
              "parentUUID": "39694157-d1f9-4cba-bd4e-ca94e64b76ae",
              "isHook": false,
              "skipped": false
            },
            {
              "title": "Verify that the user is able to view a list of facilities on the \"Facility\" landing page",
              "fullTitle": "Facilities menu Verify that the user is able to view a list of facilities on the \"Facility\" landing page",
              "timedOut": null,
              "duration": 21557,
              "state": "failed",
              "speed": null,
              "pass": false,
              "fail": true,
              "pending": false,
              "context": "{\n  \"title\": \"cypress-mochawesome-reporter-screenshots\",\n  \"value\": [\n    [\n      \"/DriverUser.cy.js/Facilities menu -- Verify that the user is able to view a list of facilities on the Facility landing page (failed).png\"\n    ]\n  ]\n}",
              "code": "loginPage.navigate(\"https://biskit-frontend-dev.eha.im/#/signin\");\nloginPage.enterusername(\"nelo_driver\");\nloginPage.enterPassword(\"password\");\nloginPage.clickLogin();\ncy.wait(10000);\ncy.contains(\"Facilities\").click();\ncy.get('[data-testid=\"nav-item-facility\"] > .rs-stack-item > .sc-BeQoi').click();\ncy.get('[data-testid=\"home-welcome\"]').should(\"be.visible\").and(\"contain\", \"Facilities\");",
              "err": {
                "message": "AssertionError: Timed out retrying after 10000ms: expected '<div.home-message>' to contain 'Facilities'",
                "estack": "AssertionError: Timed out retrying after 10000ms: expected '<div.home-message>' to contain 'Facilities'\n    at Context.eval (webpack://biskit/./cypress/e2e/DriverUser.cy.js:461:7)",
                "diff": null
              },
              "uuid": "1475357e-fbd6-4b6e-826b-054a30bfa474",
              "parentUUID": "39694157-d1f9-4cba-bd4e-ca94e64b76ae",
              "isHook": false,
              "skipped": false
            }
          ],
          "suites": [],
          "passes": [
            "4b4b2500-487f-437b-aa22-2f98a7037589",
            "f2b3849e-93d2-47f1-83d8-1486b35ceaec",
            "2f78119b-8dff-4c15-a4a2-81726659f19f"
          ],
          "failures": [
            "1475357e-fbd6-4b6e-826b-054a30bfa474"
          ],
          "pending": [],
          "skipped": [],
          "duration": 55146,
          "root": false,
          "rootEmpty": false,
          "_timeout": 2000
        },
        {
          "uuid": "1458860a-281e-40d8-975a-0ba2b757f545",
          "title": "Deliveries",
          "fullFile": "",
          "file": "",
          "beforeHooks": [],
          "afterHooks": [],
          "tests": [
            {
              "title": "Verify that the user is able to view and click on the \"Deliveries\" sub-menu button",
              "fullTitle": "Deliveries Verify that the user is able to view and click on the \"Deliveries\" sub-menu button",
              "timedOut": null,
              "duration": 11277,
              "state": "passed",
              "speed": "slow",
              "pass": true,
              "fail": false,
              "pending": false,
              "context": null,
              "code": "loginPage.navigate(\"https://biskit-frontend-dev.eha.im/#/signin\");\nloginPage.enterusername(\"nelo_driver\");\nloginPage.enterPassword(\"password\");\nloginPage.clickLogin();\ncy.wait(10000);\ncy.contains(\"Reports\").click();\ncy.contains(\"Deliveries\").click().should(\"contain\", \"Deliveries\");",
              "err": {},
              "uuid": "f9d9bc81-8845-4e83-ad6c-18b17cbf847b",
              "parentUUID": "1458860a-281e-40d8-975a-0ba2b757f545",
              "isHook": false,
              "skipped": false
            },
            {
              "title": "Verify that the \"Deliveries\" page title contains Deliveries as a title text",
              "fullTitle": "Deliveries Verify that the \"Deliveries\" page title contains Deliveries as a title text",
              "timedOut": null,
              "duration": 11532,
              "state": "passed",
              "speed": "slow",
              "pass": true,
              "fail": false,
              "pending": false,
              "context": null,
              "code": "loginPage.navigate(\"https://biskit-frontend-dev.eha.im/#/signin\");\nloginPage.enterusername(\"nelo_driver\");\nloginPage.enterPassword(\"password\");\nloginPage.clickLogin();\ncy.wait(10000);\ncy.contains(\"Reports\").click();\ncy.contains(\"Deliveries\").click();\ncy.get(\".sc-kgflAQ\").should(\"contain\", \"Deliveries\").and(\"be.visible\");",
              "err": {},
              "uuid": "3b0c5dd9-e5b4-4fa4-9b59-75058a4d2429",
              "parentUUID": "1458860a-281e-40d8-975a-0ba2b757f545",
              "isHook": false,
              "skipped": false
            },
            {
              "title": "Verify that the Deliveries landing page contains a table with columns namely; blood product type, quantity, pickup point, destination and action",
              "fullTitle": "Deliveries Verify that the Deliveries landing page contains a table with columns namely; blood product type, quantity, pickup point, destination and action",
              "timedOut": null,
              "duration": 11657,
              "state": "passed",
              "speed": "slow",
              "pass": true,
              "fail": false,
              "pending": false,
              "context": null,
              "code": "loginPage.navigate(\"https://biskit-frontend-dev.eha.im/#/signin\");\nloginPage.enterusername(\"nelo_driver\");\nloginPage.enterPassword(\"password\");\nloginPage.clickLogin();\ncy.wait(10000);\ncy.contains(\"Reports\").click();\ncy.contains(\"Deliveries\").click();\ncy.contains(\"Blood Product Type\").should(\"contain\", \"Blood Product Type\").and(\"be.visible\");\ncy.contains(\"Quantity\").should(\"contain\", \"Quantity\").and(\"be.visible\");\ncy.get(\":nth-child(3) > .rs-table-cell > .rs-table-cell-content > .sc-kDDrLX\").should(\"contain\", \"Pickup Point\").and(\"be.visible\");\ncy.contains(\"Destination\").should(\"contain\", \"Destination\").and(\"be.visible\");\ncy.contains(\"ACTION\").should(\"contain\", \"ACTION\").and(\"be.visible\");",
              "err": {},
              "uuid": "4bc0a29a-a38b-41dc-9337-47b038929d0b",
              "parentUUID": "1458860a-281e-40d8-975a-0ba2b757f545",
              "isHook": false,
              "skipped": false
            },
            {
              "title": "Verify that the Deliveries landing page has search field with a place holder \"Search Deliveries records\"",
              "fullTitle": "Deliveries Verify that the Deliveries landing page has search field with a place holder \"Search Deliveries records\"",
              "timedOut": null,
              "duration": 11306,
              "state": "passed",
              "speed": "slow",
              "pass": true,
              "fail": false,
              "pending": false,
              "context": null,
              "code": "loginPage.navigate(\"https://biskit-frontend-dev.eha.im/#/signin\");\nloginPage.enterusername(\"nelo_driver\");\nloginPage.enterPassword(\"password\");\nloginPage.clickLogin();\ncy.wait(10000);\ncy.contains(\"Reports\").click();\ncy.contains(\"Deliveries\").click();\ncy.get(\".sc-fnykZs\").should(\"be.visible\");",
              "err": {},
              "uuid": "74598174-55e3-464b-b118-500421e6b731",
              "parentUUID": "1458860a-281e-40d8-975a-0ba2b757f545",
              "isHook": false,
              "skipped": false
            },
            {
              "title": "Verify that the user is able to search Deliveries by blood product type and that the result is clearly visible",
              "fullTitle": "Deliveries Verify that the user is able to search Deliveries by blood product type and that the result is clearly visible",
              "timedOut": null,
              "duration": 11948,
              "state": "passed",
              "speed": "slow",
              "pass": true,
              "fail": false,
              "pending": false,
              "context": null,
              "code": "loginPage.navigate(\"https://biskit-frontend-dev.eha.im/#/signin\");\nloginPage.enterusername(\"nelo_driver\");\nloginPage.enterPassword(\"password\");\nloginPage.clickLogin();\ncy.wait(10000);\ncy.contains(\"Reports\").click();\ncy.contains(\"Deliveries\").click();\ncy.get(\".sc-fnykZs\").type(\"red\");\ncy.get('[aria-rowindex=\"2\"] > .rs-table-cell-group > .rs-table-cell-first > .rs-table-cell-content').should(\"be.visible\");",
              "err": {},
              "uuid": "20b9b8cf-6c08-4e1e-92e0-d1b26bac060f",
              "parentUUID": "1458860a-281e-40d8-975a-0ba2b757f545",
              "isHook": false,
              "skipped": false
            },
            {
              "title": "Verify that the user is able to search Deliveries by quantity and that the result is clearly visible",
              "fullTitle": "Deliveries Verify that the user is able to search Deliveries by quantity and that the result is clearly visible",
              "timedOut": null,
              "duration": 11525,
              "state": "passed",
              "speed": "slow",
              "pass": true,
              "fail": false,
              "pending": false,
              "context": null,
              "code": "loginPage.navigate(\"https://biskit-frontend-dev.eha.im/#/signin\");\nloginPage.enterusername(\"nelo_driver\");\nloginPage.enterPassword(\"password\");\nloginPage.clickLogin();\ncy.wait(10000);\ncy.contains(\"Reports\").click();\ncy.contains(\"Deliveries\").click();\ncy.get(\".sc-fnykZs\").type(\"107\");\ncy.get('[aria-rowindex=\"2\"] > .rs-table-cell-group > .rs-table-cell-first > .rs-table-cell-content').should(\"be.visible\");",
              "err": {},
              "uuid": "4e7107d6-5740-4054-9927-334cf64fc8a3",
              "parentUUID": "1458860a-281e-40d8-975a-0ba2b757f545",
              "isHook": false,
              "skipped": false
            },
            {
              "title": "Verify that the user is able to search Deliveries by pickup point and that the result is clearly visible",
              "fullTitle": "Deliveries Verify that the user is able to search Deliveries by pickup point and that the result is clearly visible",
              "timedOut": null,
              "duration": 11651,
              "state": "passed",
              "speed": "slow",
              "pass": true,
              "fail": false,
              "pending": false,
              "context": null,
              "code": "loginPage.navigate(\"https://biskit-frontend-dev.eha.im/#/signin\");\nloginPage.enterusername(\"nelo_driver\");\nloginPage.enterPassword(\"password\");\nloginPage.clickLogin();\ncy.wait(10000);\ncy.contains(\"Reports\").click();\ncy.contains(\"Deliveries\").click();\ncy.get(\".sc-fnykZs\").type(\"HQ Store\");\ncy.get('[aria-rowindex=\"2\"] > .rs-table-cell-group > [aria-colindex=\"3\"] > .rs-table-cell-content').should(\"be.visible\");",
              "err": {},
              "uuid": "a2ac31e6-12dd-498f-8001-4c658e07c2da",
              "parentUUID": "1458860a-281e-40d8-975a-0ba2b757f545",
              "isHook": false,
              "skipped": false
            },
            {
              "title": "Verify that the user is able to search Deliveries by destination and that the result is clearly visible",
              "fullTitle": "Deliveries Verify that the user is able to search Deliveries by destination and that the result is clearly visible",
              "timedOut": null,
              "duration": 11676,
              "state": "passed",
              "speed": "slow",
              "pass": true,
              "fail": false,
              "pending": false,
              "context": null,
              "code": "loginPage.navigate(\"https://biskit-frontend-dev.eha.im/#/signin\");\nloginPage.enterusername(\"nelo_driver\");\nloginPage.enterPassword(\"password\");\nloginPage.clickLogin();\ncy.wait(10000);\ncy.contains(\"Reports\").click();\ncy.contains(\"Deliveries\").click();\ncy.get(\".sc-fnykZs\").type(\"Blood bank\");\ncy.get('[aria-rowindex=\"2\"] > .rs-table-cell-group > [aria-colindex=\"4\"] > .rs-table-cell-content').should(\"be.visible\");",
              "err": {},
              "uuid": "a3cbf724-e598-4058-96e5-3b826fab68fc",
              "parentUUID": "1458860a-281e-40d8-975a-0ba2b757f545",
              "isHook": false,
              "skipped": false
            },
            {
              "title": "Verify that the ellipses under the \"Actions\" column expands to  enable the user view details",
              "fullTitle": "Deliveries Verify that the ellipses under the \"Actions\" column expands to  enable the user view details",
              "timedOut": null,
              "duration": 11487,
              "state": "passed",
              "speed": "slow",
              "pass": true,
              "fail": false,
              "pending": false,
              "context": null,
              "code": "loginPage.navigate(\"https://biskit-frontend-dev.eha.im/#/signin\");\nloginPage.enterusername(\"nelo_driver\");\nloginPage.enterPassword(\"password\");\nloginPage.clickLogin();\ncy.wait(10000);\ncy.contains(\"Reports\").click();\ncy.contains(\"Deliveries\").click();\ncy.get('[aria-rowindex=\"2\"] > .rs-table-cell-group > .rs-table-cell-last > .rs-table-cell-content > .rs-btn-icon').click();\ncy.contains(\"View details\").should(\"contain\", \"View details\").and(\"be.visible\");",
              "err": {},
              "uuid": "106b8f73-eb38-4783-9a4f-8f6bca42d153",
              "parentUUID": "1458860a-281e-40d8-975a-0ba2b757f545",
              "isHook": false,
              "skipped": false
            },
            {
              "title": "Verify that when the user clicks on \"View details\" the system pops up a modal with title \"Test Result information\" ",
              "fullTitle": "Deliveries Verify that when the user clicks on \"View details\" the system pops up a modal with title \"Test Result information\" ",
              "timedOut": null,
              "duration": 11712,
              "state": "passed",
              "speed": "slow",
              "pass": true,
              "fail": false,
              "pending": false,
              "context": null,
              "code": "loginPage.navigate(\"https://biskit-frontend-dev.eha.im/#/signin\");\nloginPage.enterusername(\"nelo_driver\");\nloginPage.enterPassword(\"password\");\nloginPage.clickLogin();\ncy.wait(10000);\ncy.contains(\"Reports\").click();\ncy.contains(\"Deliveries\").click();\ncy.get('[aria-rowindex=\"2\"] > .rs-table-cell-group > .rs-table-cell-last > .rs-table-cell-content > .rs-btn-icon').click();\ncy.contains(\"View details\").click();\ncy.get(\".sc-ivTmOn\").should(\"contain\", \"Delivery Details\");",
              "err": {},
              "uuid": "3fc639ef-3664-4d0a-a020-c04e25380de5",
              "parentUUID": "1458860a-281e-40d8-975a-0ba2b757f545",
              "isHook": false,
              "skipped": false
            },
            {
              "title": "Verify that the modal contains details under other information details",
              "fullTitle": "Deliveries Verify that the modal contains details under other information details",
              "timedOut": null,
              "duration": 11805,
              "state": "passed",
              "speed": "slow",
              "pass": true,
              "fail": false,
              "pending": false,
              "context": null,
              "code": "loginPage.navigate(\"https://biskit-frontend-dev.eha.im/#/signin\");\nloginPage.enterusername(\"nelo_driver\");\nloginPage.enterPassword(\"password\");\nloginPage.clickLogin();\ncy.wait(10000);\ncy.contains(\"Reports\").click();\ncy.contains(\"Deliveries\").click();\ncy.get('[aria-rowindex=\"2\"] > .rs-table-cell-group > .rs-table-cell-last > .rs-table-cell-content > .rs-btn-icon').click();\ncy.contains(\"View details\").click();\ncy.get(\".rs-modal-body > :nth-child(2)\").scrollIntoView().should(\"have.text\", \"Other Information\").and(\"be.visible\");",
              "err": {},
              "uuid": "618e3129-6a59-45d4-91d9-b5886c447f83",
              "parentUUID": "1458860a-281e-40d8-975a-0ba2b757f545",
              "isHook": false,
              "skipped": false
            },
            {
              "title": "Verify that the user is able to close the modal by clicking on the \"Close\"  button",
              "fullTitle": "Deliveries Verify that the user is able to close the modal by clicking on the \"Close\"  button",
              "timedOut": null,
              "duration": 11837,
              "state": "passed",
              "speed": "slow",
              "pass": true,
              "fail": false,
              "pending": false,
              "context": null,
              "code": "loginPage.navigate(\"https://biskit-frontend-dev.eha.im/#/signin\");\nloginPage.enterusername(\"nelo_driver\");\nloginPage.enterPassword(\"password\");\nloginPage.clickLogin();\ncy.wait(10000);\ncy.contains(\"Reports\").click();\ncy.contains(\"Deliveries\").click();\ncy.get('[aria-rowindex=\"2\"] > .rs-table-cell-group > .rs-table-cell-last > .rs-table-cell-content > .rs-btn-icon').click();\ncy.contains(\"View details\").click();\ncy.get(\".sc-ezWOiH\").click();",
              "err": {},
              "uuid": "a6ece3d6-b586-4ac3-bed7-b5f7191204fc",
              "parentUUID": "1458860a-281e-40d8-975a-0ba2b757f545",
              "isHook": false,
              "skipped": false
            },
            {
              "title": "Verify that the user is able to view and click on the \"Download Report\" button",
              "fullTitle": "Deliveries Verify that the user is able to view and click on the \"Download Report\" button",
              "timedOut": null,
              "duration": 2418,
              "state": "passed",
              "speed": "fast",
              "pass": true,
              "fail": false,
              "pending": false,
              "context": null,
              "code": "loginPage.navigate(\"https://biskit-frontend-dev.eha.im/#/signin\");\nloginPage.enterusername(\"nelo_driver\");\nloginPage.enterPassword(\"password\");\nloginPage.clickLogin();\ncy.contains(\"Reports\").click();\ncy.contains(\"Deliveries\").click();\ncy.contains(\"Download Report\").click();",
              "err": {},
              "uuid": "5fc9d3e1-cdb6-416f-af6d-b27a1ed66625",
              "parentUUID": "1458860a-281e-40d8-975a-0ba2b757f545",
              "isHook": false,
              "skipped": false
            },
            {
              "title": "Verify that the report format can be in either CSV, Docx or PDF",
              "fullTitle": "Deliveries Verify that the report format can be in either CSV, Docx or PDF",
              "timedOut": null,
              "duration": 2889,
              "state": "passed",
              "speed": "fast",
              "pass": true,
              "fail": false,
              "pending": false,
              "context": null,
              "code": "loginPage.navigate(\"https://biskit-frontend-dev.eha.im/#/signin\");\nloginPage.enterusername(\"nelo_driver\");\nloginPage.enterPassword(\"password\");\nloginPage.clickLogin();\ncy.contains(\"Reports\").click();\ncy.contains(\"Deliveries\").click();\ncy.contains(\"Download Report\").click();\ncy.contains(\"CSV\").should(\"have.text\", \"CSV\").and(\"be.visible\");\ncy.contains(\"PDF\").should(\"have.text\", \"PDF\").and(\"be.visible\");\ncy.contains(\"Docx\").should(\"have.text\", \"Docx\").and(\"be.visible\");",
              "err": {},
              "uuid": "6058c04a-db2f-4ebf-adff-90808c0231b3",
              "parentUUID": "1458860a-281e-40d8-975a-0ba2b757f545",
              "isHook": false,
              "skipped": false
            },
            {
              "title": "Verify that the system is able to download the report in Docx format",
              "fullTitle": "Deliveries Verify that the system is able to download the report in Docx format",
              "timedOut": null,
              "duration": 3344,
              "state": "passed",
              "speed": "fast",
              "pass": true,
              "fail": false,
              "pending": false,
              "context": null,
              "code": "loginPage.navigate(\"https://biskit-frontend-dev.eha.im/#/signin\");\nloginPage.enterusername(\"nelo_driver\");\nloginPage.enterPassword(\"password\");\nloginPage.clickLogin();\ncy.contains(\"Reports\").click();\ncy.contains(\"Deliveries\").click();\ncy.contains(\"Download Report\").click();\ncy.contains(\"Docx\").click();",
              "err": {},
              "uuid": "0566f00a-36ef-4837-aa1d-86faa6debd67",
              "parentUUID": "1458860a-281e-40d8-975a-0ba2b757f545",
              "isHook": false,
              "skipped": false
            },
            {
              "title": "Verify that the system is able to download the report in PDF format",
              "fullTitle": "Deliveries Verify that the system is able to download the report in PDF format",
              "timedOut": null,
              "duration": 2849,
              "state": "passed",
              "speed": "fast",
              "pass": true,
              "fail": false,
              "pending": false,
              "context": null,
              "code": "loginPage.navigate(\"https://biskit-frontend-dev.eha.im/#/signin\");\nloginPage.enterusername(\"nelo_driver\");\nloginPage.enterPassword(\"password\");\nloginPage.clickLogin();\ncy.contains(\"Reports\").click();\ncy.contains(\"Deliveries\").click();\ncy.contains(\"Download Report\").click();\ncy.contains(\"PDF\").click();",
              "err": {},
              "uuid": "f10811cd-6082-43d6-9c8a-2f5ffc249ad3",
              "parentUUID": "1458860a-281e-40d8-975a-0ba2b757f545",
              "isHook": false,
              "skipped": false
            },
            {
              "title": "Verify that the system is able to download the report in CSV format",
              "fullTitle": "Deliveries Verify that the system is able to download the report in CSV format",
              "timedOut": null,
              "duration": 3510,
              "state": "passed",
              "speed": "fast",
              "pass": true,
              "fail": false,
              "pending": false,
              "context": null,
              "code": "loginPage.navigate(\"https://biskit-frontend-dev.eha.im/#/signin\");\nloginPage.enterusername(\"nelo_driver\");\nloginPage.enterPassword(\"password\");\nloginPage.clickLogin();\ncy.contains(\"Reports\").click();\ncy.contains(\"Deliveries\").click();\ncy.contains(\"Download Report\").click();\ncy.contains(\"CSV\").click();",
              "err": {},
              "uuid": "4c302e9d-4c62-4a68-a4cc-5f705f2b47eb",
              "parentUUID": "1458860a-281e-40d8-975a-0ba2b757f545",
              "isHook": false,
              "skipped": false
            },
            {
              "title": "Verify that the total number of records available is displayed on top and bottom of the Deliveries page",
              "fullTitle": "Deliveries Verify that the total number of records available is displayed on top and bottom of the Deliveries page",
              "timedOut": null,
              "duration": 2521,
              "state": "passed",
              "speed": "fast",
              "pass": true,
              "fail": false,
              "pending": false,
              "context": null,
              "code": "loginPage.navigate(\"https://biskit-frontend-dev.eha.im/#/signin\");\nloginPage.enterusername(\"nelo_driver\");\nloginPage.enterPassword(\"password\");\nloginPage.clickLogin();\ncy.contains(\"Reports\").click();\ncy.contains(\"Deliveries\").click();\ncy.get('[style=\"font-size: 14px; margin-left: 30px;\"] > .sc-papXJ').should(\"be.visible\").and(\"not.be.NaN\");\ncy.get(\".rs-pagination-group-total > :nth-child(2)\").should(\"be.visible\").and(\"not.be.NaN\");",
              "err": {},
              "uuid": "e7edd018-c759-4b1c-972e-1810c8061d24",
              "parentUUID": "1458860a-281e-40d8-975a-0ba2b757f545",
              "isHook": false,
              "skipped": false
            },
            {
              "title": "Verify that the Deliveries page is paginated",
              "fullTitle": "Deliveries Verify that the Deliveries page is paginated",
              "timedOut": null,
              "duration": 6860,
              "state": "passed",
              "speed": "medium",
              "pass": true,
              "fail": false,
              "pending": false,
              "context": null,
              "code": "loginPage.navigate(\"https://biskit-frontend-dev.eha.im/#/signin\");\nloginPage.enterusername(\"nelo_driver\");\nloginPage.enterPassword(\"password\");\nloginPage.clickLogin();\ncy.contains(\"Reports\").click();\ncy.contains(\"Deliveries\").click();\ncy.get(\".rs-pagination-btn-active\").should(\"not.be.empty\").and(\"not.be.NaN\").and(\"be.enabled\");",
              "err": {},
              "uuid": "9abe0475-ab09-4d28-8afc-6fcc059e20cd",
              "parentUUID": "1458860a-281e-40d8-975a-0ba2b757f545",
              "isHook": false,
              "skipped": false
            },
            {
              "title": "Verify that the user is able to view and click on the filter button",
              "fullTitle": "Deliveries Verify that the user is able to view and click on the filter button",
              "timedOut": null,
              "duration": 2947,
              "state": "passed",
              "speed": "fast",
              "pass": true,
              "fail": false,
              "pending": false,
              "context": null,
              "code": "loginPage.navigate(\"https://biskit-frontend-dev.eha.im/#/signin\");\nloginPage.enterusername(\"nelo_driver\");\nloginPage.enterPassword(\"password\");\nloginPage.clickLogin();\ncy.contains(\"Reports\").click();\ncy.contains(\"Deliveries\").click();\ncy.get(\".rs-flex-box-grid-item > .sc-bczRLJ\").should(\"have.text\", \"Filter by\").and(\"be.visible\");\ncy.get(\".rs-flex-box-grid-item > .sc-bczRLJ\").click();",
              "err": {},
              "uuid": "c2b01d95-c65f-4785-b388-02a20735078a",
              "parentUUID": "1458860a-281e-40d8-975a-0ba2b757f545",
              "isHook": false,
              "skipped": false
            },
            {
              "title": "Verify that the user is able to filter by destination",
              "fullTitle": "Deliveries Verify that the user is able to filter by destination",
              "timedOut": null,
              "duration": 3302,
              "state": "passed",
              "speed": "fast",
              "pass": true,
              "fail": false,
              "pending": false,
              "context": null,
              "code": "loginPage.navigate(\"https://biskit-frontend-dev.eha.im/#/signin\");\nloginPage.enterusername(\"nelo_driver\");\nloginPage.enterPassword(\"password\");\nloginPage.clickLogin();\ncy.contains(\"Reports\").click();\ncy.contains(\"Deliveries\").click();\ncy.get(\".rs-flex-box-grid-item > .sc-bczRLJ\").click();\ncy.contains(\"Select Destination\").click();",
              "err": {},
              "uuid": "9dda1db4-243d-487d-84b5-9f3fe5f0a0e4",
              "parentUUID": "1458860a-281e-40d8-975a-0ba2b757f545",
              "isHook": false,
              "skipped": false
            },
            {
              "title": "Verify that the user is able to filter by pickup point",
              "fullTitle": "Deliveries Verify that the user is able to filter by pickup point",
              "timedOut": null,
              "duration": 3521,
              "state": "passed",
              "speed": "fast",
              "pass": true,
              "fail": false,
              "pending": false,
              "context": null,
              "code": "loginPage.navigate(\"https://biskit-frontend-dev.eha.im/#/signin\");\nloginPage.enterusername(\"nelo_driver\");\nloginPage.enterPassword(\"password\");\nloginPage.clickLogin();\ncy.contains(\"Reports\").click();\ncy.contains(\"Deliveries\").click();\ncy.get(\".rs-flex-box-grid-item > .sc-bczRLJ\").click();\ncy.contains(\"Select Pickup Point\").click();",
              "err": {},
              "uuid": "5d8e6d48-cf34-4571-8f42-48dbd61129c2",
              "parentUUID": "1458860a-281e-40d8-975a-0ba2b757f545",
              "isHook": false,
              "skipped": false
            },
            {
              "title": "Verify that the user is able to filter by priority",
              "fullTitle": "Deliveries Verify that the user is able to filter by priority",
              "timedOut": null,
              "duration": 3367,
              "state": "passed",
              "speed": "fast",
              "pass": true,
              "fail": false,
              "pending": false,
              "context": null,
              "code": "loginPage.navigate(\"https://biskit-frontend-dev.eha.im/#/signin\");\nloginPage.enterusername(\"nelo_driver\");\nloginPage.enterPassword(\"password\");\nloginPage.clickLogin();\ncy.contains(\"Reports\").click();\ncy.contains(\"Deliveries\").click();\ncy.get(\".rs-flex-box-grid-item > .sc-bczRLJ\").click();\ncy.contains(\"Select Priority\").click();",
              "err": {},
              "uuid": "9e6dd341-b7ef-49c1-a6b8-0027e817ccf9",
              "parentUUID": "1458860a-281e-40d8-975a-0ba2b757f545",
              "isHook": false,
              "skipped": false
            },
            {
              "title": "Verify that the user is able to filter by status",
              "fullTitle": "Deliveries Verify that the user is able to filter by status",
              "timedOut": null,
              "duration": 2674,
              "state": "passed",
              "speed": "fast",
              "pass": true,
              "fail": false,
              "pending": false,
              "context": null,
              "code": "loginPage.navigate(\"https://biskit-frontend-dev.eha.im/#/signin\");\nloginPage.enterusername(\"nelo_driver\");\nloginPage.enterPassword(\"password\");\nloginPage.clickLogin();\ncy.contains(\"Reports\").click();\ncy.contains(\"Deliveries\").click();\ncy.get(\".rs-flex-box-grid-item > .sc-bczRLJ\").click();\ncy.contains(\"Select Status\").click();",
              "err": {},
              "uuid": "34a20ae3-74cc-40dc-9b94-e906d28759d9",
              "parentUUID": "1458860a-281e-40d8-975a-0ba2b757f545",
              "isHook": false,
              "skipped": false
            },
            {
              "title": "Verify that the filter is triggered by clicking on a \"Filter\" button which is clearly visible and clickable",
              "fullTitle": "Deliveries Verify that the filter is triggered by clicking on a \"Filter\" button which is clearly visible and clickable",
              "timedOut": null,
              "duration": 3035,
              "state": "passed",
              "speed": "fast",
              "pass": true,
              "fail": false,
              "pending": false,
              "context": null,
              "code": "loginPage.navigate(\"https://biskit-frontend-dev.eha.im/#/signin\");\nloginPage.enterusername(\"nelo_driver\");\nloginPage.enterPassword(\"password\");\nloginPage.clickLogin();\ncy.contains(\"Reports\").click();\ncy.contains(\"Deliveries\").click();\ncy.get(\".rs-flex-box-grid-item > .sc-bczRLJ\").click();\ncy.contains(\"Select Status\").click();\ncy.contains(\"Scheduled\").click();\ncy.get('[style=\"margin-top: 24px;\"] > .sc-bczRLJ').click();",
              "err": {},
              "uuid": "c8f0f077-777f-4e41-ae65-02e469f6093b",
              "parentUUID": "1458860a-281e-40d8-975a-0ba2b757f545",
              "isHook": false,
              "skipped": false
            }
          ],
          "suites": [],
          "passes": [
            "f9d9bc81-8845-4e83-ad6c-18b17cbf847b",
            "3b0c5dd9-e5b4-4fa4-9b59-75058a4d2429",
            "4bc0a29a-a38b-41dc-9337-47b038929d0b",
            "74598174-55e3-464b-b118-500421e6b731",
            "20b9b8cf-6c08-4e1e-92e0-d1b26bac060f",
            "4e7107d6-5740-4054-9927-334cf64fc8a3",
            "a2ac31e6-12dd-498f-8001-4c658e07c2da",
            "a3cbf724-e598-4058-96e5-3b826fab68fc",
            "106b8f73-eb38-4783-9a4f-8f6bca42d153",
            "3fc639ef-3664-4d0a-a020-c04e25380de5",
            "618e3129-6a59-45d4-91d9-b5886c447f83",
            "a6ece3d6-b586-4ac3-bed7-b5f7191204fc",
            "5fc9d3e1-cdb6-416f-af6d-b27a1ed66625",
            "6058c04a-db2f-4ebf-adff-90808c0231b3",
            "0566f00a-36ef-4837-aa1d-86faa6debd67",
            "f10811cd-6082-43d6-9c8a-2f5ffc249ad3",
            "4c302e9d-4c62-4a68-a4cc-5f705f2b47eb",
            "e7edd018-c759-4b1c-972e-1810c8061d24",
            "9abe0475-ab09-4d28-8afc-6fcc059e20cd",
            "c2b01d95-c65f-4785-b388-02a20735078a",
            "9dda1db4-243d-487d-84b5-9f3fe5f0a0e4",
            "5d8e6d48-cf34-4571-8f42-48dbd61129c2",
            "9e6dd341-b7ef-49c1-a6b8-0027e817ccf9",
            "34a20ae3-74cc-40dc-9b94-e906d28759d9",
            "c8f0f077-777f-4e41-ae65-02e469f6093b"
          ],
          "failures": [],
          "pending": [],
          "skipped": [],
          "duration": 182650,
          "root": false,
          "rootEmpty": false,
          "_timeout": 2000
        },
        {
          "uuid": "6cbd5b69-54c5-4da6-9513-6161a99f2c4d",
          "title": "Logout",
          "fullFile": "",
          "file": "",
          "beforeHooks": [],
          "afterHooks": [],
          "tests": [
            {
              "title": "Verify that the logout button is visible and clickable",
              "fullTitle": "Logout Verify that the logout button is visible and clickable",
              "timedOut": null,
              "duration": 2581,
              "state": "passed",
              "speed": "fast",
              "pass": true,
              "fail": false,
              "pending": false,
              "context": null,
              "code": "loginPage.navigate(\"https://biskit-frontend-dev.eha.im/#/signin\");\nloginPage.enterusername(\"nelo_BDC\");\nloginPage.enterPassword(\"password\");\nloginPage.clickLogin();\ncy.contains(\"Reports\").click();\ncy.get('[data-testid=\"user-info-logout\"]').click();\ncy.contains(\"logout\").should(\"contain\", \"logout\").and(\"be.visible\");",
              "err": {},
              "uuid": "89e9ee58-9444-41d2-a40e-5500eae43482",
              "parentUUID": "6cbd5b69-54c5-4da6-9513-6161a99f2c4d",
              "isHook": false,
              "skipped": false
            },
            {
              "title": "Verify that the logout button is visible and clickable",
              "fullTitle": "Logout Verify that the logout button is visible and clickable",
              "timedOut": null,
              "duration": 3367,
              "state": "passed",
              "speed": "fast",
              "pass": true,
              "fail": false,
              "pending": false,
              "context": null,
              "code": "loginPage.navigate(\"https://biskit-frontend-dev.eha.im/#/signin\");\nloginPage.enterusername(\"nelo_BDC\");\nloginPage.enterPassword(\"password\");\nloginPage.clickLogin();\ncy.contains(\"Reports\").click();\ncy.get('[data-testid=\"user-info-logout\"]').click();\ncy.contains(\"logout\").click();\ncy.get(\".sc-bczRLJ\").should(\"contain\", \"Login\");",
              "err": {},
              "uuid": "7cbb97b1-118d-4e29-9af8-7865fa25df8c",
              "parentUUID": "6cbd5b69-54c5-4da6-9513-6161a99f2c4d",
              "isHook": false,
              "skipped": false
            }
          ],
          "suites": [],
          "passes": [
            "89e9ee58-9444-41d2-a40e-5500eae43482",
            "7cbb97b1-118d-4e29-9af8-7865fa25df8c"
          ],
          "failures": [],
          "pending": [],
          "skipped": [],
          "duration": 5948,
          "root": false,
          "rootEmpty": false,
          "_timeout": 2000
        }
      ],
      "passes": [],
      "failures": [],
      "pending": [],
      "skipped": [],
      "duration": 0,
      "root": true,
      "rootEmpty": true,
      "_timeout": 2000
    }
  ],
  "meta": {
    "mocha": {
      "version": "7.0.1"
    },
    "mochawesome": {
      "options": {
        "quiet": false,
        "reportFilename": "mochawesome",
        "saveHtml": false,
        "saveJson": true,
        "consoleReporter": "spec",
        "useInlineDiffs": false,
        "code": true
      },
      "version": "7.1.3"
    },
    "marge": {
      "options": {
        "reportDir": "cypress/report/.jsons",
        "charts": true,
        "reportPageTitle": "BISKIT WEB AUTOMATION",
        "overwrite": false,
        "html": false,
        "json": true
      },
      "version": "6.2.0"
    }
  }
}