{
  "stats": {
    "suites": 7,
    "tests": 124,
    "passes": 109,
    "pending": 0,
    "failures": 15,
    "start": "2024-01-08T01:09:48.863Z",
    "end": "2024-01-08T01:26:04.621Z",
    "duration": 975758,
    "testsRegistered": 124,
    "passPercent": 87.90322580645162,
    "pendingPercent": 0,
    "other": 0,
    "hasOther": false,
    "skipped": 0,
    "hasSkipped": false
  },
  "results": [
    {
      "uuid": "ab6df27d-24ce-424d-8ef8-a58cdbaaeab4",
      "title": "",
      "fullFile": "cypress/e2e/BloodProcessingUser.cy.js",
      "file": "cypress/e2e/BloodProcessingUser.cy.js",
      "beforeHooks": [],
      "afterHooks": [],
      "tests": [],
      "suites": [
        {
          "uuid": "9f7887d5-d191-41fb-bd40-8be64f2bdeeb",
          "title": "Login Tests",
          "fullFile": "",
          "file": "",
          "beforeHooks": [],
          "afterHooks": [],
          "tests": [
            {
              "title": "Verify that the user is able to access the url https://biskit-frontend-dev.eha.im/",
              "fullTitle": "Login Tests Verify that the user is able to access the url https://biskit-frontend-dev.eha.im/",
              "timedOut": null,
              "duration": 1733,
              "state": "passed",
              "speed": "fast",
              "pass": true,
              "fail": false,
              "pending": false,
              "context": null,
              "code": "loginPage.navigate('https://biskit-frontend-dev.eha.im/#/signin');\ncy.get('.sc-ikZpkk').should('have.text', 'Welcome back! Please enter your details');",
              "err": {},
              "uuid": "0be4bc73-325c-4c90-b04e-f9dff5a74115",
              "parentUUID": "9f7887d5-d191-41fb-bd40-8be64f2bdeeb",
              "isHook": false,
              "skipped": false
            },
            {
              "title": "Verify that the user is not able to access the app with an invalid login credential (Password)",
              "fullTitle": "Login Tests Verify that the user is not able to access the app with an invalid login credential (Password)",
              "timedOut": null,
              "duration": 11169,
              "state": "passed",
              "speed": "slow",
              "pass": true,
              "fail": false,
              "pending": false,
              "context": null,
              "code": "loginPage.navigate('https://biskit-frontend-dev.eha.im/#/signin');\nloginPage.enterusername('nelo_processing');\nloginPage.enterPassword('password2');\nloginPage.clickLogin();\ncy.wait(10000);\ncy.get('.rs-notification-content').should('contain', 'Error').and('not.have.text', 'Welcome to BISKIT');",
              "err": {},
              "uuid": "2eada0c5-e035-4db6-89fc-6420a26d9077",
              "parentUUID": "9f7887d5-d191-41fb-bd40-8be64f2bdeeb",
              "isHook": false,
              "skipped": false
            },
            {
              "title": "Verify that the user is not able to access the app with an invalid login credential (Username)",
              "fullTitle": "Login Tests Verify that the user is not able to access the app with an invalid login credential (Username)",
              "timedOut": null,
              "duration": 1603,
              "state": "passed",
              "speed": "fast",
              "pass": true,
              "fail": false,
              "pending": false,
              "context": null,
              "code": "loginPage.navigate('https://biskit-frontend-dev.eha.im/#/signin');\nloginPage.enterusername('nelo_processing123');\nloginPage.enterPassword('password');\nloginPage.clickLogin();\n// cy.wait(10000)\ncy.get('.rs-notification-content').should('contain', 'Error').and('not.have.text', 'Welcome to BISKIT');",
              "err": {},
              "uuid": "b0e0315e-42d0-4717-9f23-3e211ef9df5a",
              "parentUUID": "9f7887d5-d191-41fb-bd40-8be64f2bdeeb",
              "isHook": false,
              "skipped": false
            },
            {
              "title": "Verify that the user is able to login to the app with a valid username and password",
              "fullTitle": "Login Tests Verify that the user is able to login to the app with a valid username and password",
              "timedOut": null,
              "duration": 2645,
              "state": "passed",
              "speed": "fast",
              "pass": true,
              "fail": false,
              "pending": false,
              "context": null,
              "code": "loginPage.navigate('https://biskit-frontend-dev.eha.im/#/signin');\nloginPage.enterusername('nelo_processing');\nloginPage.enterPassword('password');\nloginPage.clickLogin();\ncy.get('[data-testid=\"home-welcome\"]').should('be.visible').and('have.text', 'Welcome to BISKIT');",
              "err": {},
              "uuid": "09f6a244-78d6-405e-87f1-2e718823ab3d",
              "parentUUID": "9f7887d5-d191-41fb-bd40-8be64f2bdeeb",
              "isHook": false,
              "skipped": false
            }
          ],
          "suites": [],
          "passes": [
            "0be4bc73-325c-4c90-b04e-f9dff5a74115",
            "2eada0c5-e035-4db6-89fc-6420a26d9077",
            "b0e0315e-42d0-4717-9f23-3e211ef9df5a",
            "09f6a244-78d6-405e-87f1-2e718823ab3d"
          ],
          "failures": [],
          "pending": [],
          "skipped": [],
          "duration": 17150,
          "root": false,
          "rootEmpty": false,
          "_timeout": 2000
        },
        {
          "uuid": "09a07ba9-687b-4985-8285-92c604ade75a",
          "title": "Landing page",
          "fullFile": "",
          "file": "",
          "beforeHooks": [],
          "afterHooks": [],
          "tests": [
            {
              "title": "Verify that the user is able to view the login landing page with a \"Welcome to BISKIT\" message",
              "fullTitle": "Landing page Verify that the user is able to view the login landing page with a \"Welcome to BISKIT\" message",
              "timedOut": null,
              "duration": 11719,
              "state": "passed",
              "speed": "slow",
              "pass": true,
              "fail": false,
              "pending": false,
              "context": null,
              "code": "loginPage.navigate('https://biskit-frontend-dev.eha.im/#/signin');\nloginPage.enterusername('nelo_processing');\nloginPage.enterPassword('password');\nloginPage.clickLogin();\ncy.wait(10000);\ncy.get('[data-testid=\"home-welcome\"]').should('be.visible');",
              "err": {},
              "uuid": "e50d1586-0f7a-4ea5-b25d-69a4cfed08ff",
              "parentUUID": "09a07ba9-687b-4985-8285-92c604ade75a",
              "isHook": false,
              "skipped": false
            },
            {
              "title": "Verify that the user is able to view the login landing page with the \"Dashboard\" menu button clearly visible",
              "fullTitle": "Landing page Verify that the user is able to view the login landing page with the \"Dashboard\" menu button clearly visible",
              "timedOut": null,
              "duration": 11772,
              "state": "passed",
              "speed": "slow",
              "pass": true,
              "fail": false,
              "pending": false,
              "context": null,
              "code": "loginPage.navigate('https://biskit-frontend-dev.eha.im/#/signin');\nloginPage.enterusername('nelo_processing');\nloginPage.enterPassword('password');\nloginPage.clickLogin();\ncy.wait(10000);\ncy.contains('Dashboard').click();\ncy.get('.rs-flex-box-grid > :nth-child(1) > .sc-llJcti').should('have.text', 'Track, Manage and Get a birds eye view of all activities').and('not.be.NaN').and('be.visible');",
              "err": {},
              "uuid": "53149928-d46d-4918-b1b4-1ca8f6bd56cf",
              "parentUUID": "09a07ba9-687b-4985-8285-92c604ade75a",
              "isHook": false,
              "skipped": false
            },
            {
              "title": "Verify that the user is able to view the login landing page with the \"Facilities\" menu button clearly visible",
              "fullTitle": "Landing page Verify that the user is able to view the login landing page with the \"Facilities\" menu button clearly visible",
              "timedOut": null,
              "duration": 2454,
              "state": "passed",
              "speed": "fast",
              "pass": true,
              "fail": false,
              "pending": false,
              "context": null,
              "code": "loginPage.navigate('https://biskit-frontend-dev.eha.im/#/signin');\nloginPage.enterusername('nelo_processing');\nloginPage.enterPassword('password');\nloginPage.clickLogin();\n// cy.wait(10000)\ncy.get('[data-testid=\"nav-group-facilities\"] > .rs-dropdown-toggle > [data-testid=\"nav-item-undefined\"] > :nth-child(2) > .sc-BeQoi').should('have.text', 'Facilities').and('be.visible');",
              "err": {},
              "uuid": "fa962368-d80e-4f78-a3bc-2b80a642bba2",
              "parentUUID": "09a07ba9-687b-4985-8285-92c604ade75a",
              "isHook": false,
              "skipped": false
            },
            {
              "title": "Verify that the user is able to view the login landing page with a the \"Reports\" menu button clearly visible",
              "fullTitle": "Landing page Verify that the user is able to view the login landing page with a the \"Reports\" menu button clearly visible",
              "timedOut": null,
              "duration": 11598,
              "state": "passed",
              "speed": "slow",
              "pass": true,
              "fail": false,
              "pending": false,
              "context": null,
              "code": "loginPage.navigate('https://biskit-frontend-dev.eha.im/#/signin');\nloginPage.enterusername('nelo_processing');\nloginPage.enterPassword('password');\nloginPage.clickLogin();\ncy.wait(10000);\ncy.contains('Reports').should('have.text', 'Reports').and('be.visible');",
              "err": {},
              "uuid": "04a00d0a-9978-4c3f-a0b6-e331bc3ab7a2",
              "parentUUID": "09a07ba9-687b-4985-8285-92c604ade75a",
              "isHook": false,
              "skipped": false
            },
            {
              "title": "Verify that the user is able to view the login landing page with a the \"Users\" menu button clearly visible",
              "fullTitle": "Landing page Verify that the user is able to view the login landing page with a the \"Users\" menu button clearly visible",
              "timedOut": null,
              "duration": 2339,
              "state": "passed",
              "speed": "fast",
              "pass": true,
              "fail": false,
              "pending": false,
              "context": null,
              "code": "loginPage.navigate('https://biskit-frontend-dev.eha.im/#/signin');\nloginPage.enterusername('nelo_processing');\nloginPage.enterPassword('password');\nloginPage.clickLogin();\n// cy.wait(10000)\ncy.contains('Users').should('have.text', 'Users').and('be.visible');",
              "err": {},
              "uuid": "52cabf07-7779-4072-86e0-d79b2d122847",
              "parentUUID": "09a07ba9-687b-4985-8285-92c604ade75a",
              "isHook": false,
              "skipped": false
            },
            {
              "title": "Verify that the user is able to view clearly thye BISKIT logo on top of the landing page",
              "fullTitle": "Landing page Verify that the user is able to view clearly thye BISKIT logo on top of the landing page",
              "timedOut": null,
              "duration": 2864,
              "state": "passed",
              "speed": "fast",
              "pass": true,
              "fail": false,
              "pending": false,
              "context": null,
              "code": "loginPage.navigate('https://biskit-frontend-dev.eha.im/#/signin');\nloginPage.enterusername('nelo_processing');\nloginPage.enterPassword('password');\nloginPage.clickLogin();\n// cy.wait(10000)\ncy.get('[data-testid=\"home-welcome\"]').should('have.text', 'Welcome to BISKIT').and('be.visible');",
              "err": {},
              "uuid": "1b97cb09-d4db-4501-994f-f18df201c248",
              "parentUUID": "09a07ba9-687b-4985-8285-92c604ade75a",
              "isHook": false,
              "skipped": false
            },
            {
              "title": "Verify that the user is able to view the profile details of the logged in user on the landing page",
              "fullTitle": "Landing page Verify that the user is able to view the profile details of the logged in user on the landing page",
              "timedOut": null,
              "duration": 3342,
              "state": "passed",
              "speed": "fast",
              "pass": true,
              "fail": false,
              "pending": false,
              "context": null,
              "code": "loginPage.navigate('https://biskit-frontend-dev.eha.im/#/signin');\nloginPage.enterusername('nelo_processing');\nloginPage.enterPassword('password');\nloginPage.clickLogin();\n// cy.wait(10000)\ncy.get('[data-testid=\"user-info-nelo_processing\"]').should('be.visible');",
              "err": {},
              "uuid": "a2743fd6-303b-4bd6-96b2-7416d66f6efa",
              "parentUUID": "09a07ba9-687b-4985-8285-92c604ade75a",
              "isHook": false,
              "skipped": false
            },
            {
              "title": "Verify that the user is able to view the \"Notification\" icon on the login landing page",
              "fullTitle": "Landing page Verify that the user is able to view the \"Notification\" icon on the login landing page",
              "timedOut": null,
              "duration": 3083,
              "state": "passed",
              "speed": "fast",
              "pass": true,
              "fail": false,
              "pending": false,
              "context": null,
              "code": "loginPage.navigate('https://biskit-frontend-dev.eha.im/#/signin');\nloginPage.enterusername('nelo_processing');\nloginPage.enterPassword('password');\nloginPage.clickLogin();\n// cy.wait(10000)\ncy.get('.fa-regular').should('be.visible');",
              "err": {},
              "uuid": "a28b400b-22a6-4fef-b208-323e1077db6f",
              "parentUUID": "09a07ba9-687b-4985-8285-92c604ade75a",
              "isHook": false,
              "skipped": false
            },
            {
              "title": "Verify that the user is able to click on the \"Dashboard\" menu button",
              "fullTitle": "Landing page Verify that the user is able to click on the \"Dashboard\" menu button",
              "timedOut": null,
              "duration": 3143,
              "state": "passed",
              "speed": "fast",
              "pass": true,
              "fail": false,
              "pending": false,
              "context": null,
              "code": "loginPage.navigate('https://biskit-frontend-dev.eha.im/#/signin');\nloginPage.enterusername('nelo_processing');\nloginPage.enterPassword('password');\nloginPage.clickLogin();\n// cy.wait(10000)\ncy.contains('Dashboard').click().should('be.visible');",
              "err": {},
              "uuid": "894dea0e-5597-46a0-9e78-2707b5b28671",
              "parentUUID": "09a07ba9-687b-4985-8285-92c604ade75a",
              "isHook": false,
              "skipped": false
            },
            {
              "title": "Verify that the user is able to view the page title message which reads \"Dashboard, Track, Manage and Get a birds eye view of all activities\"",
              "fullTitle": "Landing page Verify that the user is able to view the page title message which reads \"Dashboard, Track, Manage and Get a birds eye view of all activities\"",
              "timedOut": null,
              "duration": 3511,
              "state": "passed",
              "speed": "fast",
              "pass": true,
              "fail": false,
              "pending": false,
              "context": null,
              "code": "loginPage.navigate('https://biskit-frontend-dev.eha.im/#/signin');\nloginPage.enterusername('nelo_processing');\nloginPage.enterPassword('password');\nloginPage.clickLogin();\n// cy.wait(10000)\ncy.contains('Dashboard').click();\ncy.get('.rs-flex-box-grid > :nth-child(1) > .sc-llJcti').should('have.text', 'Track, Manage and Get a birds eye view of all activities').and('be.visible');",
              "err": {},
              "uuid": "99276c7c-a4a3-45bc-bf39-99d9a77b02b6",
              "parentUUID": "09a07ba9-687b-4985-8285-92c604ade75a",
              "isHook": false,
              "skipped": false
            },
            {
              "title": "Verify that the user is able to view the date field on top of the page",
              "fullTitle": "Landing page Verify that the user is able to view the date field on top of the page",
              "timedOut": null,
              "duration": 2693,
              "state": "passed",
              "speed": "fast",
              "pass": true,
              "fail": false,
              "pending": false,
              "context": null,
              "code": "loginPage.navigate('https://biskit-frontend-dev.eha.im/#/signin');\nloginPage.enterusername('nelo_processing');\nloginPage.enterPassword('password');\nloginPage.clickLogin();\n// cy.wait(10000)\ncy.contains('Dashboard').click();\ncy.contains('Jan').should('be.visible').and('not.be.NaN');",
              "err": {},
              "uuid": "91f8b40a-3114-4219-9cc6-65c67aba9244",
              "parentUUID": "09a07ba9-687b-4985-8285-92c604ade75a",
              "isHook": false,
              "skipped": false
            },
            {
              "title": "Verify that the date on the date field can be selected and changed to any date in the past",
              "fullTitle": "Landing page Verify that the date on the date field can be selected and changed to any date in the past",
              "timedOut": null,
              "duration": 13683,
              "state": "failed",
              "speed": null,
              "pass": false,
              "fail": true,
              "pending": false,
              "context": "{\n  \"title\": \"cypress-mochawesome-reporter-screenshots\",\n  \"value\": [\n    [\n      \"/BloodProcessingUser.cy.js/Landing page -- Verify that the date on the date field can be selected and changed to any date in the past (failed) (2).png\"\n    ]\n  ]\n}",
              "code": "loginPage.navigate('https://biskit-frontend-dev.eha.im/#/signin');\nloginPage.enterusername('nelo_processing');\nloginPage.enterPassword('password');\nloginPage.clickLogin();\n// cy.wait(10000)\ncy.contains('Dashboard').click();\ncy.contains('Jan').click().should('be.focused');\nconsole.log('The dropdown does not open and userv is unable to select dates');",
              "err": {
                "message": "AssertionError: Timed out retrying after 10050ms: expected '<button#menubutton-:r0:.rs-dropdown-toggle.rs-btn.rs-btn-default.rs-btn-sm>' to be 'focused'",
                "estack": "AssertionError: Timed out retrying after 10050ms: expected '<button#menubutton-:r0:.rs-dropdown-toggle.rs-btn.rs-btn-default.rs-btn-sm>' to be 'focused'\n    at Context.eval (webpack://biskit/./cypress/e2e/BloodProcessingUser.cy.js:188:5)",
                "diff": null
              },
              "uuid": "2e2f22c2-8de9-44ff-a227-26c8498d0ef4",
              "parentUUID": "09a07ba9-687b-4985-8285-92c604ade75a",
              "isHook": false,
              "skipped": false
            },
            {
              "title": "Verify that the user is not able to select a date in the future",
              "fullTitle": "Landing page Verify that the user is not able to select a date in the future",
              "timedOut": null,
              "duration": 12791,
              "state": "failed",
              "speed": null,
              "pass": false,
              "fail": true,
              "pending": false,
              "context": "{\n  \"title\": \"cypress-mochawesome-reporter-screenshots\",\n  \"value\": [\n    [\n      \"/BloodProcessingUser.cy.js/Landing page -- Verify that the user is not able to select a date in the future (failed) (2).png\"\n    ]\n  ]\n}",
              "code": "loginPage.navigate('https://biskit-frontend-dev.eha.im/#/signin');\nloginPage.enterusername('nelo_processing');\nloginPage.enterPassword('password');\nloginPage.clickLogin();\n// cy.wait(10000)\ncy.contains('Dashboard').click();\ncy.contains('Jan').click().should('be.focused');\nconsole.log('User is unable to select any dates as dropdwon does not open when clicked on');",
              "err": {
                "message": "AssertionError: Timed out retrying after 10050ms: expected '<button#menubutton-:r0:.rs-dropdown-toggle.rs-btn.rs-btn-default.rs-btn-sm>' to be 'focused'",
                "estack": "AssertionError: Timed out retrying after 10050ms: expected '<button#menubutton-:r0:.rs-dropdown-toggle.rs-btn.rs-btn-default.rs-btn-sm>' to be 'focused'\n    at Context.eval (webpack://biskit/./cypress/e2e/BloodProcessingUser.cy.js:200:5)",
                "diff": null
              },
              "uuid": "3b9d0fdb-9958-40d5-9247-66c3fc4de0eb",
              "parentUUID": "09a07ba9-687b-4985-8285-92c604ade75a",
              "isHook": false,
              "skipped": false
            },
            {
              "title": "Verify that the user is able to view and select a location of choice",
              "fullTitle": "Landing page Verify that the user is able to view and select a location of choice",
              "timedOut": null,
              "duration": 12696,
              "state": "failed",
              "speed": null,
              "pass": false,
              "fail": true,
              "pending": false,
              "context": "{\n  \"title\": \"cypress-mochawesome-reporter-screenshots\",\n  \"value\": [\n    [\n      \"/BloodProcessingUser.cy.js/Landing page -- Verify that the user is able to view and select a location of choice (failed) (2).png\"\n    ]\n  ]\n}",
              "code": "loginPage.navigate('https://biskit-frontend-dev.eha.im/#/signin');\nloginPage.enterusername('nelo_processing');\nloginPage.enterPassword('password');\nloginPage.clickLogin();\n// cy.wait(10000)\ncy.contains('Dashboard').click();\ncy.contains('Johannesburg').should('be.focused');\nconsole.log('the dropdown is not clickable');",
              "err": {
                "message": "AssertionError: Timed out retrying after 10000ms: expected '<button#menubutton-:r2:.rs-dropdown-toggle.rs-btn.rs-btn-default.rs-btn-sm>' to be 'focused'",
                "estack": "AssertionError: Timed out retrying after 10000ms: expected '<button#menubutton-:r2:.rs-dropdown-toggle.rs-btn.rs-btn-default.rs-btn-sm>' to be 'focused'\n    at Context.eval (webpack://biskit/./cypress/e2e/BloodProcessingUser.cy.js:212:5)",
                "diff": null
              },
              "uuid": "e0ba9f5c-8fb8-4458-8b4c-42b5097cb235",
              "parentUUID": "09a07ba9-687b-4985-8285-92c604ade75a",
              "isHook": false,
              "skipped": false
            },
            {
              "title": "Verify that the user is able to view the report in a table format and contains No of Donors",
              "fullTitle": "Landing page Verify that the user is able to view the report in a table format and contains No of Donors",
              "timedOut": null,
              "duration": 2262,
              "state": "passed",
              "speed": "fast",
              "pass": true,
              "fail": false,
              "pending": false,
              "context": null,
              "code": "loginPage.navigate('https://biskit-frontend-dev.eha.im/#/signin');\nloginPage.enterusername('nelo_processing');\nloginPage.enterPassword('password');\nloginPage.clickLogin();\n// cy.wait(10000)\ncy.contains('Dashboard').click();\ncy.get('.show-grid > :nth-child(1) > .strong').should('be.visible').and('have.text', 'No. of Donors');",
              "err": {},
              "uuid": "5bda799e-cf98-4076-b8ad-207b98d771cf",
              "parentUUID": "09a07ba9-687b-4985-8285-92c604ade75a",
              "isHook": false,
              "skipped": false
            },
            {
              "title": "Verify that the value under the No of Donors column is a number",
              "fullTitle": "Landing page Verify that the value under the No of Donors column is a number",
              "timedOut": null,
              "duration": 11455,
              "state": "passed",
              "speed": "slow",
              "pass": true,
              "fail": false,
              "pending": false,
              "context": null,
              "code": "loginPage.navigate('https://biskit-frontend-dev.eha.im/#/signin');\nloginPage.enterusername('nelo_processing');\nloginPage.enterPassword('password');\nloginPage.clickLogin();\ncy.wait(10000);\ncy.contains('Dashboard').click();\ncy.get('.show-grid > :nth-child(1) > .sc-llJcti').should('be.visible').and('not.be.NaN');",
              "err": {},
              "uuid": "e7c9f534-8bd4-4775-88c0-5d83b39cc9d0",
              "parentUUID": "09a07ba9-687b-4985-8285-92c604ade75a",
              "isHook": false,
              "skipped": false
            },
            {
              "title": "Verify that the user is able to view the report in a table format and contains Donations",
              "fullTitle": "Landing page Verify that the user is able to view the report in a table format and contains Donations",
              "timedOut": null,
              "duration": 11321,
              "state": "passed",
              "speed": "slow",
              "pass": true,
              "fail": false,
              "pending": false,
              "context": null,
              "code": "loginPage.navigate('https://biskit-frontend-dev.eha.im/#/signin');\nloginPage.enterusername('nelo_processing');\nloginPage.enterPassword('password');\nloginPage.clickLogin();\ncy.wait(10000);\ncy.contains('Dashboard').click();\ncy.get(':nth-child(2) > .strong').should('be.visible').and('have.text', 'Donations');",
              "err": {},
              "uuid": "a6f1d602-56cf-413f-a2db-914d06cc16e3",
              "parentUUID": "09a07ba9-687b-4985-8285-92c604ade75a",
              "isHook": false,
              "skipped": false
            },
            {
              "title": "Verify that the value under the Donations column is a number",
              "fullTitle": "Landing page Verify that the value under the Donations column is a number",
              "timedOut": null,
              "duration": 11463,
              "state": "passed",
              "speed": "slow",
              "pass": true,
              "fail": false,
              "pending": false,
              "context": null,
              "code": "loginPage.navigate('https://biskit-frontend-dev.eha.im/#/signin');\nloginPage.enterusername('nelo_processing');\nloginPage.enterPassword('password');\nloginPage.clickLogin();\ncy.wait(10000);\ncy.contains('Dashboard').click();\ncy.get(':nth-child(2) > .sc-llJcti').should('be.visible').and('not.be.NaN');",
              "err": {},
              "uuid": "98223329-a44a-43b0-999e-017b47d19090",
              "parentUUID": "09a07ba9-687b-4985-8285-92c604ade75a",
              "isHook": false,
              "skipped": false
            },
            {
              "title": "Verify that the user is able to view the report in a table format and contains Blood products ",
              "fullTitle": "Landing page Verify that the user is able to view the report in a table format and contains Blood products ",
              "timedOut": null,
              "duration": 11540,
              "state": "passed",
              "speed": "slow",
              "pass": true,
              "fail": false,
              "pending": false,
              "context": null,
              "code": "loginPage.navigate('https://biskit-frontend-dev.eha.im/#/signin');\nloginPage.enterusername('nelo_processing');\nloginPage.enterPassword('password');\nloginPage.clickLogin();\ncy.wait(10000);\ncy.contains('Dashboard').click();\ncy.get(':nth-child(3) > .strong').should('be.visible').and('have.text', 'Blood Products');",
              "err": {},
              "uuid": "61ce3e56-2862-4788-9a8e-c47d2247b57d",
              "parentUUID": "09a07ba9-687b-4985-8285-92c604ade75a",
              "isHook": false,
              "skipped": false
            },
            {
              "title": "Verify that the value under the Blood Products column is a number",
              "fullTitle": "Landing page Verify that the value under the Blood Products column is a number",
              "timedOut": null,
              "duration": 11420,
              "state": "passed",
              "speed": "slow",
              "pass": true,
              "fail": false,
              "pending": false,
              "context": null,
              "code": "loginPage.navigate('https://biskit-frontend-dev.eha.im/#/signin');\nloginPage.enterusername('nelo_processing');\nloginPage.enterPassword('password');\nloginPage.clickLogin();\ncy.wait(10000);\ncy.contains('Dashboard').click();\ncy.get(':nth-child(3) > .sc-llJcti').should('be.visible').and('not.be.NaN');",
              "err": {},
              "uuid": "1ca51720-46de-4645-87e0-cfbe6bb2e2de",
              "parentUUID": "09a07ba9-687b-4985-8285-92c604ade75a",
              "isHook": false,
              "skipped": false
            },
            {
              "title": "Verify that the user is able to view the report in a table format and contains Blood requests",
              "fullTitle": "Landing page Verify that the user is able to view the report in a table format and contains Blood requests",
              "timedOut": null,
              "duration": 11537,
              "state": "passed",
              "speed": "slow",
              "pass": true,
              "fail": false,
              "pending": false,
              "context": null,
              "code": "loginPage.navigate('https://biskit-frontend-dev.eha.im/#/signin');\nloginPage.enterusername('nelo_processing');\nloginPage.enterPassword('password');\nloginPage.clickLogin();\ncy.wait(10000);\ncy.contains('Dashboard').click();\ncy.get(':nth-child(4) > .strong').should('be.visible').and('have.text', 'Blood Requests');",
              "err": {},
              "uuid": "5f5c1067-15aa-48af-b1b9-feb7f92b5e0b",
              "parentUUID": "09a07ba9-687b-4985-8285-92c604ade75a",
              "isHook": false,
              "skipped": false
            },
            {
              "title": "Verify that the value under the Blood request column is a number ",
              "fullTitle": "Landing page Verify that the value under the Blood request column is a number ",
              "timedOut": null,
              "duration": 11345,
              "state": "passed",
              "speed": "slow",
              "pass": true,
              "fail": false,
              "pending": false,
              "context": null,
              "code": "loginPage.navigate('https://biskit-frontend-dev.eha.im/#/signin');\nloginPage.enterusername('nelo_processing');\nloginPage.enterPassword('password');\nloginPage.clickLogin();\ncy.wait(10000);\ncy.contains('Dashboard').click();\ncy.get(':nth-child(4) > .sc-llJcti').should('be.visible').and('not.be.NaN');",
              "err": {},
              "uuid": "29e09bdd-f0c2-4111-b0e8-68970819e67e",
              "parentUUID": "09a07ba9-687b-4985-8285-92c604ade75a",
              "isHook": false,
              "skipped": false
            },
            {
              "title": "Verify that the user is able to view the report in a table format and contains Adverse events",
              "fullTitle": "Landing page Verify that the user is able to view the report in a table format and contains Adverse events",
              "timedOut": null,
              "duration": 16172,
              "state": "passed",
              "speed": "slow",
              "pass": true,
              "fail": false,
              "pending": false,
              "context": null,
              "code": "loginPage.navigate('https://biskit-frontend-dev.eha.im/#/signin');\nloginPage.enterusername('nelo_processing');\nloginPage.enterPassword('password');\nloginPage.clickLogin();\ncy.wait(10000);\ncy.contains('Dashboard').click();\ncy.get(':nth-child(5) > .strong').should('be.visible').and('have.text', 'Adverse Events');",
              "err": {},
              "uuid": "aedd7bcf-6c70-4d1c-aba3-0799437c4dfd",
              "parentUUID": "09a07ba9-687b-4985-8285-92c604ade75a",
              "isHook": false,
              "skipped": false
            },
            {
              "title": "Verify that the value under the Adverse events column is a number ",
              "fullTitle": "Landing page Verify that the value under the Adverse events column is a number ",
              "timedOut": null,
              "duration": 11342,
              "state": "passed",
              "speed": "slow",
              "pass": true,
              "fail": false,
              "pending": false,
              "context": null,
              "code": "loginPage.navigate('https://biskit-frontend-dev.eha.im/#/signin');\nloginPage.enterusername('nelo_processing');\nloginPage.enterPassword('password');\nloginPage.clickLogin();\ncy.wait(10000);\ncy.contains('Dashboard').click();\ncy.get(':nth-child(5) > .sc-llJcti').should('be.visible').and('not.be.NaN');",
              "err": {},
              "uuid": "1d4d0459-d1ac-4c02-92be-d523247fce60",
              "parentUUID": "09a07ba9-687b-4985-8285-92c604ade75a",
              "isHook": false,
              "skipped": false
            },
            {
              "title": "Verify that the user is able to view the report in a tale format and contains Appointments",
              "fullTitle": "Landing page Verify that the user is able to view the report in a tale format and contains Appointments",
              "timedOut": null,
              "duration": 11343,
              "state": "passed",
              "speed": "slow",
              "pass": true,
              "fail": false,
              "pending": false,
              "context": null,
              "code": "loginPage.navigate('https://biskit-frontend-dev.eha.im/#/signin');\nloginPage.enterusername('nelo_processing');\nloginPage.enterPassword('password');\nloginPage.clickLogin();\ncy.wait(10000);\ncy.contains('Dashboard').click();\ncy.get(':nth-child(6) > .strong').should('be.visible').and('have.text', 'Appointments');",
              "err": {},
              "uuid": "bc109cf5-17cf-4b02-a691-b5108494381b",
              "parentUUID": "09a07ba9-687b-4985-8285-92c604ade75a",
              "isHook": false,
              "skipped": false
            },
            {
              "title": "Verify that the value under the Appointments column is a number",
              "fullTitle": "Landing page Verify that the value under the Appointments column is a number",
              "timedOut": null,
              "duration": 11325,
              "state": "passed",
              "speed": "slow",
              "pass": true,
              "fail": false,
              "pending": false,
              "context": null,
              "code": "loginPage.navigate('https://biskit-frontend-dev.eha.im/#/signin');\nloginPage.enterusername('nelo_processing');\nloginPage.enterPassword('password');\nloginPage.clickLogin();\ncy.wait(10000);\ncy.contains('Dashboard').click();\ncy.get(':nth-child(6) > .sc-llJcti').should('be.visible').and('not.be.NaN');",
              "err": {},
              "uuid": "520a7d1d-0713-4a17-834e-1b589f740301",
              "parentUUID": "09a07ba9-687b-4985-8285-92c604ade75a",
              "isHook": false,
              "skipped": false
            },
            {
              "title": "Verify that the user is able to view the pie-chart representation of proportion of donor by gender ",
              "fullTitle": "Landing page Verify that the user is able to view the pie-chart representation of proportion of donor by gender ",
              "timedOut": null,
              "duration": 11381,
              "state": "passed",
              "speed": "slow",
              "pass": true,
              "fail": false,
              "pending": false,
              "context": null,
              "code": "loginPage.navigate('https://biskit-frontend-dev.eha.im/#/signin');\nloginPage.enterusername('nelo_processing');\nloginPage.enterPassword('password');\nloginPage.clickLogin();\ncy.wait(10000);\ncy.contains('Dashboard').click();\ncy.get('.chart-one-doughnut-container > div > canvas').should('be.visible').and('have.text', '');",
              "err": {},
              "uuid": "fb50d2dc-7e59-420c-8c6f-b75f248ee2b1",
              "parentUUID": "09a07ba9-687b-4985-8285-92c604ade75a",
              "isHook": false,
              "skipped": false
            },
            {
              "title": "Verify that the pie-chart contains a part representing male gender",
              "fullTitle": "Landing page Verify that the pie-chart contains a part representing male gender",
              "timedOut": null,
              "duration": 11339,
              "state": "passed",
              "speed": "slow",
              "pass": true,
              "fail": false,
              "pending": false,
              "context": null,
              "code": "loginPage.navigate('https://biskit-frontend-dev.eha.im/#/signin');\nloginPage.enterusername('nelo_processing');\nloginPage.enterPassword('password');\nloginPage.clickLogin();\ncy.wait(10000);\ncy.contains('Dashboard').click();\ncy.get('.chart-one-doughnut-container > div > canvas').should('be.visible').and('have.text', '');",
              "err": {},
              "uuid": "2d92178b-aedf-44e4-8800-41e20c150120",
              "parentUUID": "09a07ba9-687b-4985-8285-92c604ade75a",
              "isHook": false,
              "skipped": false
            },
            {
              "title": "Verify that the pie-chart contains a part representing female gender",
              "fullTitle": "Landing page Verify that the pie-chart contains a part representing female gender",
              "timedOut": null,
              "duration": 11487,
              "state": "passed",
              "speed": "slow",
              "pass": true,
              "fail": false,
              "pending": false,
              "context": null,
              "code": "loginPage.navigate('https://biskit-frontend-dev.eha.im/#/signin');\nloginPage.enterusername('nelo_processing');\nloginPage.enterPassword('password');\nloginPage.clickLogin();\ncy.wait(10000);\ncy.contains('Dashboard').click();\ncy.get('.chart-one-doughnut-container > div > canvas').should('be.visible').and('have.text', '');",
              "err": {},
              "uuid": "2e434edb-2485-47b0-bf8e-0f55bd8fff20",
              "parentUUID": "09a07ba9-687b-4985-8285-92c604ade75a",
              "isHook": false,
              "skipped": false
            },
            {
              "title": "Verify that the radio buttons associated with the pie-chart is clickable",
              "fullTitle": "Landing page Verify that the radio buttons associated with the pie-chart is clickable",
              "timedOut": null,
              "duration": 11356,
              "state": "passed",
              "speed": "slow",
              "pass": true,
              "fail": false,
              "pending": false,
              "context": null,
              "code": "loginPage.navigate('https://biskit-frontend-dev.eha.im/#/signin');\nloginPage.enterusername('nelo_processing');\nloginPage.enterPassword('password');\nloginPage.clickLogin();\ncy.wait(10000);\ncy.contains('Dashboard').click();\ncy.get('.chart-one-doughnut-container > div > canvas').should('be.visible').and('contain', '');",
              "err": {},
              "uuid": "c3a73702-40a4-487e-9187-9508c5d85449",
              "parentUUID": "09a07ba9-687b-4985-8285-92c604ade75a",
              "isHook": false,
              "skipped": false
            },
            {
              "title": "Verify that the user is able to view the bar chart representation of blood donation by month",
              "fullTitle": "Landing page Verify that the user is able to view the bar chart representation of blood donation by month",
              "timedOut": null,
              "duration": 11384,
              "state": "passed",
              "speed": "slow",
              "pass": true,
              "fail": false,
              "pending": false,
              "context": null,
              "code": "loginPage.navigate('https://biskit-frontend-dev.eha.im/#/signin');\nloginPage.enterusername('nelo_processing');\nloginPage.enterPassword('password');\nloginPage.clickLogin();\ncy.wait(10000);\ncy.contains('Dashboard').click();\ncy.get('.chart-one-bar-container > div > canvas').should('be.visible').and('have.text', '');",
              "err": {},
              "uuid": "6c538c41-90a9-4d58-9fe7-30887ca27d50",
              "parentUUID": "09a07ba9-687b-4985-8285-92c604ade75a",
              "isHook": false,
              "skipped": false
            },
            {
              "title": "Verify that the user is able to view the bar chart representation of distribution of donors by age",
              "fullTitle": "Landing page Verify that the user is able to view the bar chart representation of distribution of donors by age",
              "timedOut": null,
              "duration": 11365,
              "state": "passed",
              "speed": "slow",
              "pass": true,
              "fail": false,
              "pending": false,
              "context": null,
              "code": "loginPage.navigate('https://biskit-frontend-dev.eha.im/#/signin');\nloginPage.enterusername('nelo_processing');\nloginPage.enterPassword('password');\nloginPage.clickLogin();\ncy.wait(10000);\ncy.contains('Dashboard').click();\ncy.get('.flexed-chart-two-section > :nth-child(1) > div > canvas').should('be.visible').and('have.text', '');",
              "err": {},
              "uuid": "0045c710-ff54-460b-a5c0-b94da27591b5",
              "parentUUID": "09a07ba9-687b-4985-8285-92c604ade75a",
              "isHook": false,
              "skipped": false
            },
            {
              "title": "Verify that the user is able to view the bar chart representation of distribution of tests by status",
              "fullTitle": "Landing page Verify that the user is able to view the bar chart representation of distribution of tests by status",
              "timedOut": null,
              "duration": 11403,
              "state": "passed",
              "speed": "slow",
              "pass": true,
              "fail": false,
              "pending": false,
              "context": null,
              "code": "loginPage.navigate('https://biskit-frontend-dev.eha.im/#/signin');\nloginPage.enterusername('nelo_processing');\nloginPage.enterPassword('password');\nloginPage.clickLogin();\ncy.wait(10000);\ncy.contains('Dashboard').click();\ncy.get(':nth-child(3) > div > canvas').should('be.visible').and('have.text', '');",
              "err": {},
              "uuid": "a6ccbb09-7c74-41f7-abf4-62dd64ca3a3d",
              "parentUUID": "09a07ba9-687b-4985-8285-92c604ade75a",
              "isHook": false,
              "skipped": false
            },
            {
              "title": "Verify that the user is able to view the graph representation of distribution of tests by type",
              "fullTitle": "Landing page Verify that the user is able to view the graph representation of distribution of tests by type",
              "timedOut": null,
              "duration": 11462,
              "state": "passed",
              "speed": "slow",
              "pass": true,
              "fail": false,
              "pending": false,
              "context": null,
              "code": "loginPage.navigate('https://biskit-frontend-dev.eha.im/#/signin');\nloginPage.enterusername('nelo_processing');\nloginPage.enterPassword('password');\nloginPage.clickLogin();\ncy.wait(10000);\ncy.contains('Dashboard').click();\ncy.get('.flexed-chart-three-section > div > canvas').should('be.visible').and('have.text', '');",
              "err": {},
              "uuid": "b65c53eb-6370-4e72-869f-fe2dffdbdb09",
              "parentUUID": "09a07ba9-687b-4985-8285-92c604ade75a",
              "isHook": false,
              "skipped": false
            }
          ],
          "suites": [],
          "passes": [
            "e50d1586-0f7a-4ea5-b25d-69a4cfed08ff",
            "53149928-d46d-4918-b1b4-1ca8f6bd56cf",
            "fa962368-d80e-4f78-a3bc-2b80a642bba2",
            "04a00d0a-9978-4c3f-a0b6-e331bc3ab7a2",
            "52cabf07-7779-4072-86e0-d79b2d122847",
            "1b97cb09-d4db-4501-994f-f18df201c248",
            "a2743fd6-303b-4bd6-96b2-7416d66f6efa",
            "a28b400b-22a6-4fef-b208-323e1077db6f",
            "894dea0e-5597-46a0-9e78-2707b5b28671",
            "99276c7c-a4a3-45bc-bf39-99d9a77b02b6",
            "91f8b40a-3114-4219-9cc6-65c67aba9244",
            "5bda799e-cf98-4076-b8ad-207b98d771cf",
            "e7c9f534-8bd4-4775-88c0-5d83b39cc9d0",
            "a6f1d602-56cf-413f-a2db-914d06cc16e3",
            "98223329-a44a-43b0-999e-017b47d19090",
            "61ce3e56-2862-4788-9a8e-c47d2247b57d",
            "1ca51720-46de-4645-87e0-cfbe6bb2e2de",
            "5f5c1067-15aa-48af-b1b9-feb7f92b5e0b",
            "29e09bdd-f0c2-4111-b0e8-68970819e67e",
            "aedd7bcf-6c70-4d1c-aba3-0799437c4dfd",
            "1d4d0459-d1ac-4c02-92be-d523247fce60",
            "bc109cf5-17cf-4b02-a691-b5108494381b",
            "520a7d1d-0713-4a17-834e-1b589f740301",
            "fb50d2dc-7e59-420c-8c6f-b75f248ee2b1",
            "2d92178b-aedf-44e4-8800-41e20c150120",
            "2e434edb-2485-47b0-bf8e-0f55bd8fff20",
            "c3a73702-40a4-487e-9187-9508c5d85449",
            "6c538c41-90a9-4d58-9fe7-30887ca27d50",
            "0045c710-ff54-460b-a5c0-b94da27591b5",
            "a6ccbb09-7c74-41f7-abf4-62dd64ca3a3d",
            "b65c53eb-6370-4e72-869f-fe2dffdbdb09"
          ],
          "failures": [
            "2e2f22c2-8de9-44ff-a227-26c8498d0ef4",
            "3b9d0fdb-9958-40d5-9247-66c3fc4de0eb",
            "e0ba9f5c-8fb8-4458-8b4c-42b5097cb235"
          ],
          "pending": [],
          "skipped": [],
          "duration": 321390,
          "root": false,
          "rootEmpty": false,
          "_timeout": 2000
        },
        {
          "uuid": "ea6eb852-e7c5-400b-b48d-1f46512e29ed",
          "title": "Facilities menu",
          "fullFile": "",
          "file": "",
          "beforeHooks": [],
          "afterHooks": [],
          "tests": [
            {
              "title": "Verify that the user is able to click on the \"Facilities\"  menu button",
              "fullTitle": "Facilities menu Verify that the user is able to click on the \"Facilities\"  menu button",
              "timedOut": null,
              "duration": 11244,
              "state": "passed",
              "speed": "slow",
              "pass": true,
              "fail": false,
              "pending": false,
              "context": null,
              "code": "loginPage.navigate('https://biskit-frontend-dev.eha.im/#/signin');\nloginPage.enterusername('nelo_processing');\nloginPage.enterPassword('password');\nloginPage.clickLogin();\ncy.wait(10000);\ncy.contains('Facilities').click().should('be.visible').and('have.text', 'Facilities');",
              "err": {},
              "uuid": "4da0c4a6-6230-4198-9600-3f2a774bee73",
              "parentUUID": "ea6eb852-e7c5-400b-b48d-1f46512e29ed",
              "isHook": false,
              "skipped": false
            },
            {
              "title": "Verify that the facilities menu button expands to display a \"Facility\" sub-menu button",
              "fullTitle": "Facilities menu Verify that the facilities menu button expands to display a \"Facility\" sub-menu button",
              "timedOut": null,
              "duration": 11325,
              "state": "passed",
              "speed": "slow",
              "pass": true,
              "fail": false,
              "pending": false,
              "context": null,
              "code": "loginPage.navigate('https://biskit-frontend-dev.eha.im/#/signin');\nloginPage.enterusername('nelo_processing');\nloginPage.enterPassword('password');\nloginPage.clickLogin();\ncy.wait(10000);\ncy.contains('Facilities').click();\ncy.get('[data-testid=\"nav-item-facility\"] > .rs-stack-item > .sc-BeQoi').should('be.visible').and('have.text', 'Facility');",
              "err": {},
              "uuid": "10d90705-367d-40b6-a605-0399dab36ae1",
              "parentUUID": "ea6eb852-e7c5-400b-b48d-1f46512e29ed",
              "isHook": false,
              "skipped": false
            },
            {
              "title": "Verify that the \"Facility\" button is visible and clickable",
              "fullTitle": "Facilities menu Verify that the \"Facility\" button is visible and clickable",
              "timedOut": null,
              "duration": 11442,
              "state": "passed",
              "speed": "slow",
              "pass": true,
              "fail": false,
              "pending": false,
              "context": null,
              "code": "loginPage.navigate('https://biskit-frontend-dev.eha.im/#/signin');\nloginPage.enterusername('nelo_processing');\nloginPage.enterPassword('password');\nloginPage.clickLogin();\ncy.wait(10000);\ncy.contains('Facilities').click();\ncy.get('[data-testid=\"nav-item-facility\"] > .rs-stack-item > .sc-BeQoi').click();",
              "err": {},
              "uuid": "0e997e52-94e5-4592-8e6a-088df146ee58",
              "parentUUID": "ea6eb852-e7c5-400b-b48d-1f46512e29ed",
              "isHook": false,
              "skipped": false
            },
            {
              "title": "Verify that the user is able to view a list of facilities on the \"Facility\" landing page",
              "fullTitle": "Facilities menu Verify that the user is able to view a list of facilities on the \"Facility\" landing page",
              "timedOut": null,
              "duration": 21749,
              "state": "failed",
              "speed": null,
              "pass": false,
              "fail": true,
              "pending": false,
              "context": "{\n  \"title\": \"cypress-mochawesome-reporter-screenshots\",\n  \"value\": [\n    [\n      \"/BloodProcessingUser.cy.js/Facilities menu -- Verify that the user is able to view a list of facilities on the Facility landing page (failed) (2).png\"\n    ]\n  ]\n}",
              "code": "loginPage.navigate('https://biskit-frontend-dev.eha.im/#/signin');\nloginPage.enterusername('nelo_processing');\nloginPage.enterPassword('password');\nloginPage.clickLogin();\ncy.wait(10000);\ncy.contains('Facilities').click();\ncy.get('[data-testid=\"nav-item-facility\"] > .rs-stack-item > .sc-BeQoi').click();\ncy.get('[data-testid=\"home-welcome\"]').should('be.visible').and('contain', 'Facilities');",
              "err": {
                "message": "AssertionError: Timed out retrying after 10000ms: expected '<div.home-message>' to contain 'Facilities'",
                "estack": "AssertionError: Timed out retrying after 10000ms: expected '<div.home-message>' to contain 'Facilities'\n    at Context.eval (webpack://biskit/./cypress/e2e/BloodProcessingUser.cy.js:491:11)",
                "diff": null
              },
              "uuid": "c6cfcb4b-af3d-44ad-99eb-104e6e65ef86",
              "parentUUID": "ea6eb852-e7c5-400b-b48d-1f46512e29ed",
              "isHook": false,
              "skipped": false
            }
          ],
          "suites": [],
          "passes": [
            "4da0c4a6-6230-4198-9600-3f2a774bee73",
            "10d90705-367d-40b6-a605-0399dab36ae1",
            "0e997e52-94e5-4592-8e6a-088df146ee58"
          ],
          "failures": [
            "c6cfcb4b-af3d-44ad-99eb-104e6e65ef86"
          ],
          "pending": [],
          "skipped": [],
          "duration": 55760,
          "root": false,
          "rootEmpty": false,
          "_timeout": 2000
        },
        {
          "uuid": "84c78e12-9a49-488a-8b76-b1c1d51c5b98",
          "title": "Report menu",
          "fullFile": "",
          "file": "",
          "beforeHooks": [],
          "afterHooks": [],
          "tests": [
            {
              "title": "Verify that the user is able to click on the \"Reports\"  menu button",
              "fullTitle": "Report menu Verify that the user is able to click on the \"Reports\"  menu button",
              "timedOut": null,
              "duration": 12583,
              "state": "passed",
              "speed": "slow",
              "pass": true,
              "fail": false,
              "pending": false,
              "context": null,
              "code": "loginPage.navigate('https://biskit-frontend-dev.eha.im/#/signin');\nloginPage.enterusername('nelo_processing');\nloginPage.enterPassword('password');\nloginPage.clickLogin();\ncy.wait(10000);\ncy.contains('Reports').click().should('be.visible').and('have.text', 'Reports');",
              "err": {},
              "uuid": "4767dc39-1ed0-413d-b09e-00cd299a4ea7",
              "parentUUID": "84c78e12-9a49-488a-8b76-b1c1d51c5b98",
              "isHook": false,
              "skipped": false
            },
            {
              "title": "Verify that the \"Reports\" landing page has a \"Welcome to BISKIT\" message clearly displayed",
              "fullTitle": "Report menu Verify that the \"Reports\" landing page has a \"Welcome to BISKIT\" message clearly displayed",
              "timedOut": null,
              "duration": 11231,
              "state": "passed",
              "speed": "slow",
              "pass": true,
              "fail": false,
              "pending": false,
              "context": null,
              "code": "loginPage.navigate('https://biskit-frontend-dev.eha.im/#/signin');\nloginPage.enterusername('nelo_processing');\nloginPage.enterPassword('password');\nloginPage.clickLogin();\ncy.wait(10000);\ncy.contains('Reports').click();\ncy.get('[data-testid=\"home-welcome\"]').should('be.visible').and('have.text', 'Welcome to BISKIT');",
              "err": {},
              "uuid": "90857df4-024d-49ca-9183-cf5f2b4bb57e",
              "parentUUID": "84c78e12-9a49-488a-8b76-b1c1d51c5b98",
              "isHook": false,
              "skipped": false
            },
            {
              "title": "Verify that the \"Reports\" menu expands to show other sub-menu items namely; donors,appointments and blood donations",
              "fullTitle": "Report menu Verify that the \"Reports\" menu expands to show other sub-menu items namely; donors,appointments and blood donations",
              "timedOut": null,
              "duration": 21427,
              "state": "failed",
              "speed": null,
              "pass": false,
              "fail": true,
              "pending": false,
              "context": "{\n  \"title\": \"cypress-mochawesome-reporter-screenshots\",\n  \"value\": [\n    [\n      \"/BloodProcessingUser.cy.js/Report menu -- Verify that the Reports menu expands to show other sub-menu items namely; donors,appointments and blood donations (failed) (2).png\"\n    ]\n  ]\n}",
              "code": "loginPage.navigate('https://biskit-frontend-dev.eha.im/#/signin');\nloginPage.enterusername('nelo_processing');\nloginPage.enterPassword('password');\nloginPage.clickLogin();\ncy.wait(10000);\ncy.get('[data-testid=\"nav-group-reports\"] > .rs-dropdown-toggle').click();\ncy.contains('Donors').should('be.visible').and('have.text', 'Donors');\ncy.contains('Appointments').should('be.visible').and('have.text', 'Appointments');\ncy.contains('Blood Donations').should('be.visible').and('have.text', 'Blood Donations');",
              "err": {
                "message": "AssertionError: Timed out retrying after 10000ms: Expected to find content: 'Appointments' but never did.",
                "estack": "AssertionError: Timed out retrying after 10000ms: Expected to find content: 'Appointments' but never did.\n    at Context.eval (webpack://biskit/./cypress/e2e/BloodProcessingUser.cy.js:531:7)",
                "diff": null
              },
              "uuid": "db1617d4-b73f-4055-8034-8c02af919b32",
              "parentUUID": "84c78e12-9a49-488a-8b76-b1c1d51c5b98",
              "isHook": false,
              "skipped": false
            },
            {
              "title": "Verify that the user is able to view and click on the \"Donors\" sub-menu button",
              "fullTitle": "Report menu Verify that the user is able to view and click on the \"Donors\" sub-menu button",
              "timedOut": null,
              "duration": 2673,
              "state": "passed",
              "speed": "fast",
              "pass": true,
              "fail": false,
              "pending": false,
              "context": null,
              "code": "loginPage.navigate('https://biskit-frontend-dev.eha.im/#/signin');\nloginPage.enterusername('nelo_processing');\nloginPage.enterPassword('password');\nloginPage.clickLogin();\ncy.contains('Reports').click();\ncy.get('[data-testid=\"nav-group-reports\"] > .rs-dropdown-toggle').click();\ncy.contains('Donors').should('be.visible').and('have.text', 'Donors');",
              "err": {},
              "uuid": "2323a6f1-b0e7-4792-ab90-e760720a8980",
              "parentUUID": "84c78e12-9a49-488a-8b76-b1c1d51c5b98",
              "isHook": false,
              "skipped": false
            },
            {
              "title": "Verify that the \"Donors\" page title contains donors as a title text",
              "fullTitle": "Report menu Verify that the \"Donors\" page title contains donors as a title text",
              "timedOut": null,
              "duration": 2859,
              "state": "passed",
              "speed": "fast",
              "pass": true,
              "fail": false,
              "pending": false,
              "context": null,
              "code": "loginPage.navigate('https://biskit-frontend-dev.eha.im/#/signin');\nloginPage.enterusername('nelo_processing');\nloginPage.enterPassword('password');\nloginPage.clickLogin();\ncy.contains('Reports').click();\ncy.get('[data-testid=\"nav-item-donors\"] > .rs-stack-item > .sc-BeQoi').click();\ncy.get('.sc-kgflAQ').should('be.visible').and('have.text', 'Donors');",
              "err": {},
              "uuid": "b60537da-1f3d-4092-aaef-0d540e77fafd",
              "parentUUID": "84c78e12-9a49-488a-8b76-b1c1d51c5b98",
              "isHook": false,
              "skipped": false
            },
            {
              "title": "Verify that the donors landing page contains a table with columns namely; donor code, donor name, gender, blood type, facility and action",
              "fullTitle": "Report menu Verify that the donors landing page contains a table with columns namely; donor code, donor name, gender, blood type, facility and action",
              "timedOut": null,
              "duration": 2818,
              "state": "passed",
              "speed": "fast",
              "pass": true,
              "fail": false,
              "pending": false,
              "context": null,
              "code": "loginPage.navigate('https://biskit-frontend-dev.eha.im/#/signin');\nloginPage.enterusername('nelo_processing');\nloginPage.enterPassword('password');\nloginPage.clickLogin();\ncy.contains('Reports').click();\ncy.get('[data-testid=\"nav-item-donors\"] > .rs-stack-item > .sc-BeQoi').click();\ncy.get(':nth-child(1) > .rs-table-cell > .rs-table-cell-content > .sc-kDDrLX').should('contain.text', 'Donor Code').and('be.visible');\ncy.get(':nth-child(2) > .rs-table-cell > .rs-table-cell-content > .sc-kDDrLX').should('contain.text', 'Donor Name').and('be.visible');\ncy.get(':nth-child(3) > .rs-table-cell > .rs-table-cell-content > .sc-kDDrLX').should('contain.text', 'Gender').and('be.visible');\ncy.get(':nth-child(4) > .rs-table-cell > .rs-table-cell-content > .sc-kDDrLX').should('contain.text', 'Blood Type').and('be.visible');\ncy.get(':nth-child(5) > .rs-table-cell > .rs-table-cell-content > .sc-kDDrLX').should('contain.text', 'Facility').and('be.visible');\ncy.get(':nth-child(6) > .rs-table-cell > .rs-table-cell-content > .sc-kDDrLX').should('contain.text', 'ACTION').and('be.visible');",
              "err": {},
              "uuid": "08a6719f-023f-42bb-829e-32b1d46643c0",
              "parentUUID": "84c78e12-9a49-488a-8b76-b1c1d51c5b98",
              "isHook": false,
              "skipped": false
            },
            {
              "title": "Verify that the donor landing page has search field with a place holder \"Search Donors\"",
              "fullTitle": "Report menu Verify that the donor landing page has search field with a place holder \"Search Donors\"",
              "timedOut": null,
              "duration": 3275,
              "state": "passed",
              "speed": "fast",
              "pass": true,
              "fail": false,
              "pending": false,
              "context": null,
              "code": "loginPage.navigate('https://biskit-frontend-dev.eha.im/#/signin');\nloginPage.enterusername('nelo_processing');\nloginPage.enterPassword('password');\nloginPage.clickLogin();\ncy.contains('Reports').click();\ncy.get('[data-testid=\"nav-item-donors\"] > .rs-stack-item > .sc-BeQoi').click();\ncy.get('.sc-fnykZs').should('be.visible');",
              "err": {},
              "uuid": "c2d0823d-8888-4f85-aeb5-e85cd0efc22c",
              "parentUUID": "84c78e12-9a49-488a-8b76-b1c1d51c5b98",
              "isHook": false,
              "skipped": false
            },
            {
              "title": "Verify that the user is able to search donors by donor code and that the result is clearly visible",
              "fullTitle": "Report menu Verify that the user is able to search donors by donor code and that the result is clearly visible",
              "timedOut": null,
              "duration": 4392,
              "state": "passed",
              "speed": "fast",
              "pass": true,
              "fail": false,
              "pending": false,
              "context": null,
              "code": "loginPage.navigate('https://biskit-frontend-dev.eha.im/#/signin');\nloginPage.enterusername('nelo_processing');\nloginPage.enterPassword('password');\nloginPage.clickLogin();\ncy.contains('Reports').click();\ncy.get('[data-testid=\"nav-item-donors\"] > .rs-stack-item > .sc-BeQoi').click();\ncy.get('.sc-fnykZs').type('BD-D271A83F10E9');\ncy.get('.rs-table-cell-group > .rs-table-cell-first > .rs-table-cell-content').should('contain', 'BD-D271A83F10E9');",
              "err": {},
              "uuid": "9077711e-0c81-4229-98a6-28fed0d65f44",
              "parentUUID": "84c78e12-9a49-488a-8b76-b1c1d51c5b98",
              "isHook": false,
              "skipped": false
            },
            {
              "title": "Verify that the user is able to search donors by donor name and that the result is clearly visible",
              "fullTitle": "Report menu Verify that the user is able to search donors by donor name and that the result is clearly visible",
              "timedOut": null,
              "duration": 3745,
              "state": "passed",
              "speed": "fast",
              "pass": true,
              "fail": false,
              "pending": false,
              "context": null,
              "code": "loginPage.navigate('https://biskit-frontend-dev.eha.im/#/signin');\nloginPage.enterusername('nelo_processing');\nloginPage.enterPassword('password');\nloginPage.clickLogin();\ncy.contains('Reports').click();\ncy.get('[data-testid=\"nav-item-donors\"] > .rs-stack-item > .sc-BeQoi').click();\ncy.get('.sc-fnykZs').type('Qwerty');\ncy.get('.rs-table-cell-group > [aria-colindex=\"2\"] > .rs-table-cell-content').should('contain', 'Qwerty');",
              "err": {},
              "uuid": "38b87b1d-849a-4921-a08e-6d8ce02bfbca",
              "parentUUID": "84c78e12-9a49-488a-8b76-b1c1d51c5b98",
              "isHook": false,
              "skipped": false
            },
            {
              "title": "Verify that the user is able to search donors by gender and that the result is clearly visible",
              "fullTitle": "Report menu Verify that the user is able to search donors by gender and that the result is clearly visible",
              "timedOut": null,
              "duration": 2983,
              "state": "passed",
              "speed": "fast",
              "pass": true,
              "fail": false,
              "pending": false,
              "context": null,
              "code": "loginPage.navigate('https://biskit-frontend-dev.eha.im/#/signin');\nloginPage.enterusername('nelo_processing');\nloginPage.enterPassword('password');\nloginPage.clickLogin();\ncy.contains('Reports').click();\ncy.get('[data-testid=\"nav-item-donors\"] > .rs-stack-item > .sc-BeQoi').click();\ncy.get('.sc-fnykZs').type('Male');\ncy.get('.rs-table-cell-group > [aria-colindex=\"3\"] > .rs-table-cell-content').should('contain', 'Male');",
              "err": {},
              "uuid": "1686b8c4-8755-4963-a503-0a61c14b9e06",
              "parentUUID": "84c78e12-9a49-488a-8b76-b1c1d51c5b98",
              "isHook": false,
              "skipped": false
            },
            {
              "title": "Verify that the user is able to search donors by blood type and that the result is clearly visible",
              "fullTitle": "Report menu Verify that the user is able to search donors by blood type and that the result is clearly visible",
              "timedOut": null,
              "duration": 2729,
              "state": "passed",
              "speed": "fast",
              "pass": true,
              "fail": false,
              "pending": false,
              "context": null,
              "code": "loginPage.navigate('https://biskit-frontend-dev.eha.im/#/signin');\nloginPage.enterusername('nelo_processing');\nloginPage.enterPassword('password');\nloginPage.clickLogin();\ncy.contains('Reports').click();\ncy.get('[data-testid=\"nav-item-donors\"] > .rs-stack-item > .sc-BeQoi').click();\ncy.get('.sc-fnykZs').type('AB+');\ncy.get('[aria-rowindex=\"2\"] > .rs-table-cell-group > [aria-colindex=\"4\"] > .rs-table-cell-content').should('contain', 'AB+');",
              "err": {},
              "uuid": "45e258ee-3f45-4f8d-804f-d7c2c748f7f5",
              "parentUUID": "84c78e12-9a49-488a-8b76-b1c1d51c5b98",
              "isHook": false,
              "skipped": false
            },
            {
              "title": "Verify that the user is able to search donors by facility and that the result is clearly visible",
              "fullTitle": "Report menu Verify that the user is able to search donors by facility and that the result is clearly visible",
              "timedOut": null,
              "duration": 2981,
              "state": "passed",
              "speed": "fast",
              "pass": true,
              "fail": false,
              "pending": false,
              "context": null,
              "code": "loginPage.navigate('https://biskit-frontend-dev.eha.im/#/signin');\nloginPage.enterusername('nelo_processing');\nloginPage.enterPassword('password');\nloginPage.clickLogin();\ncy.contains('Reports').click();\ncy.get('[data-testid=\"nav-item-donors\"] > .rs-stack-item > .sc-BeQoi').click();\ncy.get('.sc-fnykZs').type('Blood Donation');\ncy.get('[aria-rowindex=\"2\"] > .rs-table-cell-group > [aria-colindex=\"5\"] > .rs-table-cell-content').should('contain', 'Blood Donation');",
              "err": {},
              "uuid": "7a1bbc34-4615-402f-8aee-d360f20cb530",
              "parentUUID": "84c78e12-9a49-488a-8b76-b1c1d51c5b98",
              "isHook": false,
              "skipped": false
            },
            {
              "title": "Verify that the ellipses under the \"Actions\" column expands to  enable the user view details",
              "fullTitle": "Report menu Verify that the ellipses under the \"Actions\" column expands to  enable the user view details",
              "timedOut": null,
              "duration": 3244,
              "state": "passed",
              "speed": "fast",
              "pass": true,
              "fail": false,
              "pending": false,
              "context": null,
              "code": "loginPage.navigate('https://biskit-frontend-dev.eha.im/#/signin');\nloginPage.enterusername('nelo_processing');\nloginPage.enterPassword('password');\nloginPage.clickLogin();\ncy.contains('Reports').click();\ncy.get('[data-testid=\"nav-item-donors\"] > .rs-stack-item > .sc-BeQoi').click();\ncy.get('.sc-fnykZs').type('Blood Donation');\ncy.get('[aria-rowindex=\"2\"] > .rs-table-cell-group > .rs-table-cell-last > .rs-table-cell-content > .rs-btn-icon').click();\ncy.contains('View details').should('have.text', 'View details').and('be.visible');",
              "err": {},
              "uuid": "244fbdb8-55ec-40ce-a50a-e3d45262523b",
              "parentUUID": "84c78e12-9a49-488a-8b76-b1c1d51c5b98",
              "isHook": false,
              "skipped": false
            },
            {
              "title": "Verify that when the user clicks on \"View details\" the system pops up a modal with title \"Donor information\" ",
              "fullTitle": "Report menu Verify that when the user clicks on \"View details\" the system pops up a modal with title \"Donor information\" ",
              "timedOut": null,
              "duration": 2919,
              "state": "passed",
              "speed": "fast",
              "pass": true,
              "fail": false,
              "pending": false,
              "context": null,
              "code": "loginPage.navigate('https://biskit-frontend-dev.eha.im/#/signin');\nloginPage.enterusername('nelo_processing');\nloginPage.enterPassword('password');\nloginPage.clickLogin();\ncy.contains('Reports').click();\ncy.get('[data-testid=\"nav-item-donors\"] > .rs-stack-item > .sc-BeQoi').click();\ncy.get('.sc-fnykZs').type('Blood Donation');\ncy.get('[aria-rowindex=\"2\"] > .rs-table-cell-group > .rs-table-cell-last > .rs-table-cell-content > .rs-btn-icon').click();\ncy.contains('View details').click();\ncy.get('.sc-ivTmOn').should('have.text', 'Donor Information').and('be.visible');",
              "err": {},
              "uuid": "f3186b72-4e1f-42b3-a7b9-aef7b52d98e2",
              "parentUUID": "84c78e12-9a49-488a-8b76-b1c1d51c5b98",
              "isHook": false,
              "skipped": false
            },
            {
              "title": "Verify that the modal contains personal information, blood information, documents information, contact information and other information details",
              "fullTitle": "Report menu Verify that the modal contains personal information, blood information, documents information, contact information and other information details",
              "timedOut": null,
              "duration": 3437,
              "state": "passed",
              "speed": "fast",
              "pass": true,
              "fail": false,
              "pending": false,
              "context": null,
              "code": "loginPage.navigate('https://biskit-frontend-dev.eha.im/#/signin');\nloginPage.enterusername('nelo_processing');\nloginPage.enterPassword('password');\nloginPage.clickLogin();\ncy.contains('Reports').click();\ncy.get('[data-testid=\"nav-item-donors\"] > .rs-stack-item > .sc-BeQoi').click();\ncy.get('.sc-fnykZs').type('Blood Donation');\ncy.get('[aria-rowindex=\"2\"] > .rs-table-cell-group > .rs-table-cell-last > .rs-table-cell-content > .rs-btn-icon').click();\ncy.contains('View details').click();\ncy.get('.rs-modal-body > :nth-child(1) > :nth-child(7)').should('have.text', 'Blood Information').and('be.visible');\ncy.get(':nth-child(13)').should('have.text', 'Documents');\ncy.get(':nth-child(23)').should('have.text', 'Contact Information');\ncy.get('.rs-modal-body > :nth-child(2)').should('have.text', 'Other Information');",
              "err": {},
              "uuid": "c8150cb8-538c-4ec2-84e5-41631b440a3e",
              "parentUUID": "84c78e12-9a49-488a-8b76-b1c1d51c5b98",
              "isHook": false,
              "skipped": false
            },
            {
              "title": "Verify that the user is able to close the modal by clicking on the \"Close\"  button",
              "fullTitle": "Report menu Verify that the user is able to close the modal by clicking on the \"Close\"  button",
              "timedOut": null,
              "duration": 3238,
              "state": "passed",
              "speed": "fast",
              "pass": true,
              "fail": false,
              "pending": false,
              "context": null,
              "code": "loginPage.navigate('https://biskit-frontend-dev.eha.im/#/signin');\nloginPage.enterusername('nelo_processing');\nloginPage.enterPassword('password');\nloginPage.clickLogin();\ncy.contains('Reports').click();\ncy.get('[data-testid=\"nav-item-donors\"] > .rs-stack-item > .sc-BeQoi').click();\ncy.get('.sc-fnykZs').type('Blood Donation');\ncy.get('[aria-rowindex=\"2\"] > .rs-table-cell-group > .rs-table-cell-last > .rs-table-cell-content > .rs-btn-icon').click();\ncy.contains('View details').click();\ncy.get('.sc-ezWOiH').click();",
              "err": {},
              "uuid": "bd746395-b817-4a68-8a8d-4a99b10399e5",
              "parentUUID": "84c78e12-9a49-488a-8b76-b1c1d51c5b98",
              "isHook": false,
              "skipped": false
            },
            {
              "title": "Verify that the user is able to view and click on the \"Download Report\" button",
              "fullTitle": "Report menu Verify that the user is able to view and click on the \"Download Report\" button",
              "timedOut": null,
              "duration": 2504,
              "state": "passed",
              "speed": "fast",
              "pass": true,
              "fail": false,
              "pending": false,
              "context": null,
              "code": "loginPage.navigate('https://biskit-frontend-dev.eha.im/#/signin');\nloginPage.enterusername('nelo_processing');\nloginPage.enterPassword('password');\nloginPage.clickLogin();\ncy.contains('Reports').click();\ncy.get('[data-testid=\"nav-item-donors\"] > .rs-stack-item > .sc-BeQoi').click();\ncy.contains('Download Report').click();",
              "err": {},
              "uuid": "d585ea9d-3be7-4270-89fd-13d0cf5d0a1f",
              "parentUUID": "84c78e12-9a49-488a-8b76-b1c1d51c5b98",
              "isHook": false,
              "skipped": false
            },
            {
              "title": "Verify that the report format can be in either CSV, Docx or PDF",
              "fullTitle": "Report menu Verify that the report format can be in either CSV, Docx or PDF",
              "timedOut": null,
              "duration": 2999,
              "state": "passed",
              "speed": "fast",
              "pass": true,
              "fail": false,
              "pending": false,
              "context": null,
              "code": "loginPage.navigate('https://biskit-frontend-dev.eha.im/#/signin');\nloginPage.enterusername('nelo_processing');\nloginPage.enterPassword('password');\nloginPage.clickLogin();\ncy.contains('Reports').click();\ncy.get('[data-testid=\"nav-item-donors\"] > .rs-stack-item > .sc-BeQoi').click();\ncy.contains('Download Report').click();\ncy.contains('CSV');\ncy.contains('Docx');\ncy.contains('PDF');",
              "err": {},
              "uuid": "adcf06a7-78e2-4030-80dd-f4f3fcc3d824",
              "parentUUID": "84c78e12-9a49-488a-8b76-b1c1d51c5b98",
              "isHook": false,
              "skipped": false
            },
            {
              "title": "Verify that the system is able to download the report in DOCx format",
              "fullTitle": "Report menu Verify that the system is able to download the report in DOCx format",
              "timedOut": null,
              "duration": 3668,
              "state": "passed",
              "speed": "fast",
              "pass": true,
              "fail": false,
              "pending": false,
              "context": null,
              "code": "loginPage.navigate('https://biskit-frontend-dev.eha.im/#/signin');\nloginPage.enterusername('nelo_processing');\nloginPage.enterPassword('password');\nloginPage.clickLogin();\ncy.contains('Reports').click();\ncy.get('[data-testid=\"nav-item-donors\"] > .rs-stack-item > .sc-BeQoi').click();\ncy.contains('Download Report').click();\ncy.contains('Docx').click();",
              "err": {},
              "uuid": "09a47fbb-ff98-48f7-9a20-08c5fd63290f",
              "parentUUID": "84c78e12-9a49-488a-8b76-b1c1d51c5b98",
              "isHook": false,
              "skipped": false
            },
            {
              "title": "Verify that the system is able to download the report in CSV format",
              "fullTitle": "Report menu Verify that the system is able to download the report in CSV format",
              "timedOut": null,
              "duration": 2972,
              "state": "passed",
              "speed": "fast",
              "pass": true,
              "fail": false,
              "pending": false,
              "context": null,
              "code": "loginPage.navigate('https://biskit-frontend-dev.eha.im/#/signin');\nloginPage.enterusername('nelo_processing');\nloginPage.enterPassword('password');\nloginPage.clickLogin();\ncy.contains('Reports').click();\ncy.get('[data-testid=\"nav-item-donors\"] > .rs-stack-item > .sc-BeQoi').click();\ncy.contains('Download Report').click();\ncy.contains('CSV').click();",
              "err": {},
              "uuid": "57ea7d72-d432-4825-ab98-b50b49d78aad",
              "parentUUID": "84c78e12-9a49-488a-8b76-b1c1d51c5b98",
              "isHook": false,
              "skipped": false
            },
            {
              "title": "Verify that the system is able to download the report in PDF format",
              "fullTitle": "Report menu Verify that the system is able to download the report in PDF format",
              "timedOut": null,
              "duration": 2761,
              "state": "passed",
              "speed": "fast",
              "pass": true,
              "fail": false,
              "pending": false,
              "context": null,
              "code": "loginPage.navigate('https://biskit-frontend-dev.eha.im/#/signin');\nloginPage.enterusername('nelo_processing');\nloginPage.enterPassword('password');\nloginPage.clickLogin();\ncy.contains('Reports').click();\ncy.get('[data-testid=\"nav-item-donors\"] > .rs-stack-item > .sc-BeQoi').click();\ncy.contains('Download Report').click();\ncy.contains('PDF').click();",
              "err": {},
              "uuid": "ba89b8f7-93e0-4f67-afcb-3dff083e58aa",
              "parentUUID": "84c78e12-9a49-488a-8b76-b1c1d51c5b98",
              "isHook": false,
              "skipped": false
            },
            {
              "title": "Verify that the total number of records available is displayed on top and bottom of the donors page",
              "fullTitle": "Report menu Verify that the total number of records available is displayed on top and bottom of the donors page",
              "timedOut": null,
              "duration": 2827,
              "state": "passed",
              "speed": "fast",
              "pass": true,
              "fail": false,
              "pending": false,
              "context": null,
[...]
              "err": {
                "message": "AssertionError: Timed out retrying after 10000ms: Expected to find content: 'View details' but never did.",
                "estack": "AssertionError: Timed out retrying after 10000ms: Expected to find content: 'View details' but never did.\n    at Context.eval (webpack://biskit/./cypress/e2e/BloodProcessingUser.cy.js:1423:9)",
                "diff": null
              },
              "uuid": "2d30baf6-3ecd-4c91-bd53-64b6042d91d3",
              "parentUUID": "77ad15e7-9231-4997-92a9-74ff5d980b10",
              "isHook": false,
              "skipped": false
            },
            {
              "title": "Verify that the user is able to view and click on the \"Download Report\" button",
              "fullTitle": "Blood Donations Verify that the user is able to view and click on the \"Download Report\" button",
              "timedOut": null,
              "duration": 3211,
              "state": "passed",
              "speed": "fast",
              "pass": true,
              "fail": false,
              "pending": false,
              "context": null,
              "code": "loginPage.navigate('https://biskit-frontend-dev.eha.im/#/signin');\nloginPage.enterusername('nelo_processing');\nloginPage.enterPassword('password');\nloginPage.clickLogin();\ncy.contains('Reports').click();\ncy.contains('Blood Donations').click();\ncy.contains('Download Report').click();",
              "err": {},
              "uuid": "12fb2c3a-1956-4b11-a533-99671e277658",
              "parentUUID": "77ad15e7-9231-4997-92a9-74ff5d980b10",
              "isHook": false,
              "skipped": false
            },
            {
              "title": "Verify that the report format can be in either CSV, Docx or PDF",
              "fullTitle": "Blood Donations Verify that the report format can be in either CSV, Docx or PDF",
              "timedOut": null,
              "duration": 3362,
              "state": "passed",
              "speed": "fast",
              "pass": true,
              "fail": false,
              "pending": false,
              "context": null,
              "code": "loginPage.navigate('https://biskit-frontend-dev.eha.im/#/signin');\nloginPage.enterusername('nelo_processing');\nloginPage.enterPassword('password');\nloginPage.clickLogin();\ncy.contains('Reports').click();\ncy.contains('Blood Donations').click();\ncy.contains('Download Report').click();\ncy.contains('CSV').should('have.text', 'CSV').and('be.visible');\ncy.contains('PDF').should('have.text', 'PDF').and('be.visible');\ncy.contains('Docx').should('have.text', 'Docx').and('be.visible');",
              "err": {},
              "uuid": "c007a45f-fdb4-45c2-94ef-e2d931664960",
              "parentUUID": "77ad15e7-9231-4997-92a9-74ff5d980b10",
              "isHook": false,
              "skipped": false
            },
            {
              "title": "Verify that the system is able to download the report in DOCx format",
              "fullTitle": "Blood Donations Verify that the system is able to download the report in DOCx format",
              "timedOut": null,
              "duration": 2928,
              "state": "passed",
              "speed": "fast",
              "pass": true,
              "fail": false,
              "pending": false,
              "context": null,
              "code": "loginPage.navigate('https://biskit-frontend-dev.eha.im/#/signin');\nloginPage.enterusername('nelo_processing');\nloginPage.enterPassword('password');\nloginPage.clickLogin();\ncy.contains('Reports').click();\ncy.contains('Blood Donations').click();\ncy.contains('Download Report').click();\ncy.contains('Docx').click();",
              "err": {},
              "uuid": "2e42c2a4-969e-41d1-b59e-e54ab965f837",
              "parentUUID": "77ad15e7-9231-4997-92a9-74ff5d980b10",
              "isHook": false,
              "skipped": false
            },
            {
              "title": "Verify that the system is able to download the report in PDF format",
              "fullTitle": "Blood Donations Verify that the system is able to download the report in PDF format",
              "timedOut": null,
              "duration": 3598,
              "state": "passed",
              "speed": "fast",
              "pass": true,
              "fail": false,
              "pending": false,
              "context": null,
              "code": "loginPage.navigate('https://biskit-frontend-dev.eha.im/#/signin');\nloginPage.enterusername('nelo_processing');\nloginPage.enterPassword('password');\nloginPage.clickLogin();\ncy.contains('Reports').click();\ncy.contains('Blood Donations').click();\ncy.contains('Download Report').click();\ncy.contains('PDF').click();",
              "err": {},
              "uuid": "42144b9f-c5b2-459d-884e-516cb1af5e20",
              "parentUUID": "77ad15e7-9231-4997-92a9-74ff5d980b10",
              "isHook": false,
              "skipped": false
            },
            {
              "title": "Verify that the system is able to download the report in CSV format",
              "fullTitle": "Blood Donations Verify that the system is able to download the report in CSV format",
              "timedOut": null,
              "duration": 2859,
              "state": "passed",
              "speed": "fast",
              "pass": true,
              "fail": false,
              "pending": false,
              "context": null,
              "code": "loginPage.navigate('https://biskit-frontend-dev.eha.im/#/signin');\nloginPage.enterusername('nelo_processing');\nloginPage.enterPassword('password');\nloginPage.clickLogin();\ncy.contains('Reports').click();\ncy.contains('Blood Donations').click();\ncy.contains('Download Report').click();\ncy.contains('CSV').click();",
              "err": {},
              "uuid": "be40db9b-0779-447e-87b0-837cc374cfa4",
              "parentUUID": "77ad15e7-9231-4997-92a9-74ff5d980b10",
              "isHook": false,
              "skipped": false
            },
            {
              "title": "Verify that the total number of records available is displayed on top and bottom of the Blood donation page",
              "fullTitle": "Blood Donations Verify that the total number of records available is displayed on top and bottom of the Blood donation page",
              "timedOut": null,
              "duration": 2788,
              "state": "passed",
              "speed": "fast",
              "pass": true,
              "fail": false,
              "pending": false,
              "context": null,
              "code": "loginPage.navigate('https://biskit-frontend-dev.eha.im/#/signin');\nloginPage.enterusername('nelo_processing');\nloginPage.enterPassword('password');\nloginPage.clickLogin();\ncy.contains('Reports').click();\ncy.contains('Blood Donations').click();\ncy.get('[style=\"font-size: 14px; margin-left: 30px;\"] > .sc-papXJ').should('be.visible').and('not.be.NaN');\ncy.get('.rs-pagination-group-total > :nth-child(2)').should('be.visible').and('not.be.NaN');",
              "err": {},
              "uuid": "57b65cd4-53a5-45e2-9ed9-c191834d7e99",
              "parentUUID": "77ad15e7-9231-4997-92a9-74ff5d980b10",
              "isHook": false,
              "skipped": false
            },
            {
              "title": "Verify that the blood donation page is paginated",
              "fullTitle": "Blood Donations Verify that the blood donation page is paginated",
              "timedOut": null,
              "duration": 3677,
              "state": "passed",
              "speed": "fast",
              "pass": true,
              "fail": false,
              "pending": false,
              "context": null,
              "code": "loginPage.navigate('https://biskit-frontend-dev.eha.im/#/signin');\nloginPage.enterusername('nelo_processing');\nloginPage.enterPassword('password');\nloginPage.clickLogin();\ncy.contains('Reports').click();\ncy.contains('Blood Donations').click();\ncy.get('.rs-pagination-btn-active').should('not.be.empty').and('not.be.NaN').and('be.enabled');",
              "err": {},
              "uuid": "5c6e1641-852a-45fd-b1b4-b56cc41b1687",
              "parentUUID": "77ad15e7-9231-4997-92a9-74ff5d980b10",
              "isHook": false,
              "skipped": false
            },
            {
              "title": "Verify that the user is able to view and click on the filter button",
              "fullTitle": "Blood Donations Verify that the user is able to view and click on the filter button",
              "timedOut": null,
              "duration": 3117,
              "state": "passed",
              "speed": "fast",
              "pass": true,
              "fail": false,
              "pending": false,
              "context": null,
              "code": "loginPage.navigate('https://biskit-frontend-dev.eha.im/#/signin');\nloginPage.enterusername('nelo_processing');\nloginPage.enterPassword('password');\nloginPage.clickLogin();\ncy.contains('Reports').click();\ncy.contains('Blood Donations').click();\ncy.get('.rs-flex-box-grid-item > .sc-bczRLJ').should('have.text', 'Filter by').and('be.visible');\ncy.get('.rs-flex-box-grid-item > .sc-bczRLJ').click();",
              "err": {},
              "uuid": "c7252a24-ad00-458b-b4c5-23ce92da61f0",
              "parentUUID": "77ad15e7-9231-4997-92a9-74ff5d980b10",
              "isHook": false,
              "skipped": false
            },
            {
              "title": "Verify that the user is able to filter by facility",
              "fullTitle": "Blood Donations Verify that the user is able to filter by facility",
              "timedOut": null,
              "duration": 2786,
              "state": "passed",
              "speed": "fast",
              "pass": true,
              "fail": false,
              "pending": false,
              "context": null,
              "code": "loginPage.navigate('https://biskit-frontend-dev.eha.im/#/signin');\nloginPage.enterusername('nelo_processing');\nloginPage.enterPassword('password');\nloginPage.clickLogin();\ncy.contains('Reports').click();\ncy.contains('Blood Donations').click();\ncy.get('.rs-flex-box-grid-item > .sc-bczRLJ').click();\ncy.contains('Select Facility').click();",
              "err": {},
              "uuid": "581cbba9-27fc-49f8-9892-7045992cfab3",
              "parentUUID": "77ad15e7-9231-4997-92a9-74ff5d980b10",
              "isHook": false,
              "skipped": false
            },
            {
              "title": "Verify that the user is able to filter by status",
              "fullTitle": "Blood Donations Verify that the user is able to filter by status",
              "timedOut": null,
              "duration": 2769,
              "state": "passed",
              "speed": "fast",
              "pass": true,
              "fail": false,
              "pending": false,
              "context": null,
              "code": "loginPage.navigate('https://biskit-frontend-dev.eha.im/#/signin');\nloginPage.enterusername('nelo_processing');\nloginPage.enterPassword('password');\nloginPage.clickLogin();\ncy.contains('Reports').click();\ncy.contains('Blood Donations').click();\ncy.get('.rs-flex-box-grid-item > .sc-bczRLJ').click();\ncy.contains('Select Status').click();",
              "err": {},
              "uuid": "39d9cf69-fe7d-41aa-8d33-a364e8aed540",
              "parentUUID": "77ad15e7-9231-4997-92a9-74ff5d980b10",
              "isHook": false,
              "skipped": false
            },
            {
              "title": "Verify that the user is able to filter by date period",
              "fullTitle": "Blood Donations Verify that the user is able to filter by date period",
              "timedOut": null,
              "duration": 13274,
              "state": "failed",
              "speed": null,
              "pass": false,
              "fail": true,
              "pending": false,
              "context": "{\n  \"title\": \"cypress-mochawesome-reporter-screenshots\",\n  \"value\": [\n    [\n      \"/BloodProcessingUser.cy.js/Blood Donations -- Verify that the user is able to filter by date period (failed) (2).png\"\n    ]\n  ]\n}",
              "code": "loginPage.navigate('https://biskit-frontend-dev.eha.im/#/signin');\nloginPage.enterusername('nelo_processing');\nloginPage.enterPassword('password');\nloginPage.clickLogin();\ncy.contains('Reports').click();\ncy.contains('Blood Donations').click();\ncy.get('.rs-flex-box-grid-item > .sc-bczRLJ').click();\ncy.contains('Select Date').click();\ncy.wait(10000);\ncy.get('.sc-hAZoDl > .rs-picker-toggle > .rs-stack > [style=\"flex-grow: 1; overflow: hidden;\"] > .rs-picker-toggle-textbox').click();\ncy.get(':nth-child(3) > [aria-label=\"07 Dec 2023\"] > .rs-calendar-table-cell-content > .rs-calendar-table-cell-day').click();\nconsole.log('placeholder has \"Select Status\" instead of \"Select Date\"');",
              "err": {
                "message": "AssertionError: Timed out retrying after 10000ms: Expected to find content: 'Select Date' but never did.",
                "estack": "AssertionError: Timed out retrying after 10000ms: Expected to find content: 'Select Date' but never did.\n    at Context.eval (webpack://biskit/./cypress/e2e/BloodProcessingUser.cy.js:1564:9)",
                "diff": null
              },
              "uuid": "28ba2ce6-47a0-4817-9505-4d93faec2bb6",
              "parentUUID": "77ad15e7-9231-4997-92a9-74ff5d980b10",
              "isHook": false,
              "skipped": false
            },
            {
              "title": "Verify that the filter is triggered by clicking on a \"Filter\" button which is clearly visible and clickable",
              "fullTitle": "Blood Donations Verify that the filter is triggered by clicking on a \"Filter\" button which is clearly visible and clickable",
              "timedOut": null,
              "duration": 3586,
              "state": "passed",
              "speed": "fast",
              "pass": true,
              "fail": false,
              "pending": false,
              "context": null,
              "code": "loginPage.navigate('https://biskit-frontend-dev.eha.im/#/signin');\nloginPage.enterusername('nelo_processing');\nloginPage.enterPassword('password');\nloginPage.clickLogin();\ncy.contains('Reports').click();\ncy.contains('Blood Donations').click();\ncy.get('.rs-flex-box-grid-item > .sc-bczRLJ').click();\ncy.contains('Select Facility').click();\ncy.get('[style=\"margin-top: 24px;\"] > .sc-bczRLJ').click();",
              "err": {},
              "uuid": "5d608fb3-a0d7-4987-82c1-d390b737b46a",
              "parentUUID": "77ad15e7-9231-4997-92a9-74ff5d980b10",
              "isHook": false,
              "skipped": false
            }
          ],
          "suites": [],
          "passes": [
            "8631fbf4-2e03-4c91-8613-f573459c5dd1",
            "2a5003a7-45b0-4f7f-a2e9-a199fb36fd0c",
            "51c4558b-20ca-4d8a-980b-1fa20cb8eacd",
            "3d954b18-d3a5-4567-b9d8-85c59ef68446",
            "abe81292-1b30-4321-ae77-9743868e4b9c",
            "e78de503-65f8-47b9-9051-0d4be178ec8b",
            "5f4044cb-a2b5-4282-b041-8279d57303b0",
            "4f0dfdbc-ed43-4ceb-b61d-ab649056d85c",
            "cc09a082-272c-4d3c-93dd-7e99ac3625ac",
            "0072ff9b-4a38-4178-8154-8aacc91e1985",
            "12fb2c3a-1956-4b11-a533-99671e277658",
            "c007a45f-fdb4-45c2-94ef-e2d931664960",
            "2e42c2a4-969e-41d1-b59e-e54ab965f837",
            "42144b9f-c5b2-459d-884e-516cb1af5e20",
            "be40db9b-0779-447e-87b0-837cc374cfa4",
            "57b65cd4-53a5-45e2-9ed9-c191834d7e99",
            "5c6e1641-852a-45fd-b1b4-b56cc41b1687",
            "c7252a24-ad00-458b-b4c5-23ce92da61f0",
            "581cbba9-27fc-49f8-9892-7045992cfab3",
            "39d9cf69-fe7d-41aa-8d33-a364e8aed540",
            "5d608fb3-a0d7-4987-82c1-d390b737b46a"
          ],
          "failures": [
            "028a8f15-1f98-4fd3-9c76-af58152fb456",
            "3a1cfd29-f6c1-43cf-b00f-91d2731841f3",
            "ab48a7c5-9258-4393-9387-581dfc3b395c",
            "de293993-6d73-43e6-8e4e-5e05aed8b883",
            "2d30baf6-3ecd-4c91-bd53-64b6042d91d3",
            "28ba2ce6-47a0-4817-9505-4d93faec2bb6"
          ],
          "pending": [],
          "skipped": [],
          "duration": 195955,
          "root": false,
          "rootEmpty": false,
          "_timeout": 2000
        },
        {
          "uuid": "d5a269c9-a574-460d-aea2-95e2fb33be5b",
          "title": "Logout",
          "fullFile": "",
          "file": "",
          "beforeHooks": [],
          "afterHooks": [],
          "tests": [
            {
              "title": "Verify that the logout button is visible and clickable",
              "fullTitle": "Logout Verify that the logout button is visible and clickable",
              "timedOut": null,
              "duration": 2995,
              "state": "passed",
              "speed": "fast",
              "pass": true,
              "fail": false,
              "pending": false,
              "context": null,
              "code": "loginPage.navigate('https://biskit-frontend-dev.eha.im/#/signin');\nloginPage.enterusername('nelo_BDC');\nloginPage.enterPassword('password');\nloginPage.clickLogin();\ncy.contains('Reports').click();\ncy.get('[data-testid=\"user-info-logout\"]').click();\ncy.contains('logout').should('contain', 'logout').and('be.visible');",
              "err": {},
              "uuid": "d1e05733-4601-4752-a71a-8428864e9907",
              "parentUUID": "d5a269c9-a574-460d-aea2-95e2fb33be5b",
              "isHook": false,
              "skipped": false
            },
            {
              "title": "Verify that the logout button is visible and clickable",
              "fullTitle": "Logout Verify that the logout button is visible and clickable",
              "timedOut": null,
              "duration": 3166,
              "state": "passed",
              "speed": "fast",
              "pass": true,
              "fail": false,
              "pending": false,
              "context": null,
              "code": "loginPage.navigate('https://biskit-frontend-dev.eha.im/#/signin');\nloginPage.enterusername('nelo_BDC');\nloginPage.enterPassword('password');\nloginPage.clickLogin();\ncy.contains('Reports').click();\ncy.get('[data-testid=\"user-info-logout\"]').click();\ncy.contains('logout').click();\ncy.get('.sc-bczRLJ').should('contain', 'Login');",
              "err": {},
              "uuid": "4a4156ab-6092-4eb9-8d4e-8b9631eef79f",
              "parentUUID": "d5a269c9-a574-460d-aea2-95e2fb33be5b",
              "isHook": false,
              "skipped": false
            }
          ],
          "suites": [],
          "passes": [
            "d1e05733-4601-4752-a71a-8428864e9907",
            "4a4156ab-6092-4eb9-8d4e-8b9631eef79f"
          ],
          "failures": [],
          "pending": [],
          "skipped": [],
          "duration": 6161,
          "root": false,
          "rootEmpty": false,
          "_timeout": 2000
        }
      ],
      "passes": [],
      "failures": [],
      "pending": [],
      "skipped": [],
      "duration": 0,
      "root": true,
      "rootEmpty": true,
      "_timeout": 2000
    }
  ],
  "meta": {
    "mocha": {
      "version": "7.0.1"
    },
    "mochawesome": {
      "options": {
        "quiet": false,
        "reportFilename": "mochawesome",
        "saveHtml": false,
        "saveJson": true,
        "consoleReporter": "spec",
        "useInlineDiffs": false,
        "code": true
      },
      "version": "7.1.3"
    },
    "marge": {
      "options": {
        "reportDir": "cypress/report/.jsons",
        "charts": true,
        "reportPageTitle": "BISKIT WEB AUTOMATION",
        "overwrite": false,
        "html": false,
        "json": true
      },
      "version": "6.2.0"
    }
  }
}