{
  "stats": {
    "suites": 7,
    "tests": 124,
    "passes": 113,
    "pending": 1,
    "failures": 10,
    "start": "2024-01-08T00:37:17.647Z",
    "end": "2024-01-08T00:51:54.587Z",
    "duration": 876940,
    "testsRegistered": 125,
    "passPercent": 91.12903225806451,
    "pendingPercent": 0.8,
    "other": 1,
    "hasOther": true,
    "skipped": 0,
    "hasSkipped": false
  },
  "results": [
    {
      "uuid": "236ef5b0-a225-4791-8883-86872e690263",
      "title": "",
      "fullFile": "cypress/e2e/Blood Donation User.cy.js",
      "file": "cypress/e2e/Blood Donation User.cy.js",
      "beforeHooks": [],
      "afterHooks": [],
      "tests": [],
      "suites": [
        {
          "uuid": "362aaf57-33ca-4d09-9018-49ddde075188",
          "title": "Login Tests",
          "fullFile": "",
          "file": "",
          "beforeHooks": [],
          "afterHooks": [],
          "tests": [
            {
              "title": "Verify that the user is able to access the url https://biskit-frontend-dev.eha.im/",
              "fullTitle": "Login Tests Verify that the user is able to access the url https://biskit-frontend-dev.eha.im/",
              "timedOut": null,
              "duration": 1893,
              "state": "passed",
              "speed": "fast",
              "pass": true,
              "fail": false,
              "pending": false,
              "context": null,
              "code": "loginPage.navigate('https://biskit-frontend-dev.eha.im/#/signin');\ncy.get('.sc-ikZpkk').should('have.text', 'Welcome back! Please enter your details');",
              "err": {},
              "uuid": "f913b72e-7748-4f95-9b3f-29aa64ef92b9",
              "parentUUID": "362aaf57-33ca-4d09-9018-49ddde075188",
              "isHook": false,
              "skipped": false
            },
            {
              "title": "Verify that the user is not able to access the app with an invalid login credential (Password)",
              "fullTitle": "Login Tests Verify that the user is not able to access the app with an invalid login credential (Password)",
              "timedOut": null,
              "duration": 11002,
              "state": "passed",
              "speed": "slow",
              "pass": true,
              "fail": false,
              "pending": false,
              "context": null,
              "code": "loginPage.navigate('https://biskit-frontend-dev.eha.im/#/signin');\nloginPage.enterusername('nelo_BDC');\nloginPage.enterPassword('password2');\nloginPage.clickLogin();\ncy.wait(10000);\ncy.get('.rs-notification-content').should('contain', 'Error').and('not.have.text', 'Welcome to BISKIT');",
              "err": {},
              "uuid": "087f13f7-d17c-4033-be35-f50efc0d3e77",
              "parentUUID": "362aaf57-33ca-4d09-9018-49ddde075188",
              "isHook": false,
              "skipped": false
            },
            {
              "title": "Verify that the user is not able to access the app with an invalid login credential (Username)",
              "fullTitle": "Login Tests Verify that the user is not able to access the app with an invalid login credential (Username)",
              "timedOut": null,
              "duration": 1621,
              "state": "passed",
              "speed": "fast",
              "pass": true,
              "fail": false,
              "pending": false,
              "context": null,
              "code": "loginPage.navigate('https://biskit-frontend-dev.eha.im/#/signin');\nloginPage.enterusername('nelo_BDC123');\nloginPage.enterPassword('password');\nloginPage.clickLogin();\n// cy.wait(10000)\ncy.get('.rs-notification-content').should('contain', 'Error').and('not.have.text', 'Welcome to BISKIT');",
              "err": {},
              "uuid": "2188a150-26eb-4277-8b26-e55fdbf71a1e",
              "parentUUID": "362aaf57-33ca-4d09-9018-49ddde075188",
              "isHook": false,
              "skipped": false
            },
            {
              "title": "Verify that the user is able to login to the app with a valid username and password",
              "fullTitle": "Login Tests Verify that the user is able to login to the app with a valid username and password",
              "timedOut": null,
              "duration": 2675,
              "state": "passed",
              "speed": "fast",
              "pass": true,
              "fail": false,
              "pending": false,
              "context": null,
              "code": "loginPage.navigate('https://biskit-frontend-dev.eha.im/#/signin');\nloginPage.enterusername('nelo_BDC');\nloginPage.enterPassword('password');\nloginPage.clickLogin();\ncy.get('[data-testid=\"home-welcome\"]').should('be.visible').and('have.text', 'Welcome to BISKIT');",
              "err": {},
              "uuid": "91f280f0-2d19-4156-acf3-5890d3ab2698",
              "parentUUID": "362aaf57-33ca-4d09-9018-49ddde075188",
              "isHook": false,
              "skipped": false
            }
          ],
          "suites": [],
          "passes": [
            "f913b72e-7748-4f95-9b3f-29aa64ef92b9",
            "087f13f7-d17c-4033-be35-f50efc0d3e77",
            "2188a150-26eb-4277-8b26-e55fdbf71a1e",
            "91f280f0-2d19-4156-acf3-5890d3ab2698"
          ],
          "failures": [],
          "pending": [],
          "skipped": [],
          "duration": 17191,
          "root": false,
          "rootEmpty": false,
          "_timeout": 2000
        },
        {
          "uuid": "569e593b-9dba-4282-9e60-a7bf98d55c46",
          "title": "Landing page",
          "fullFile": "",
          "file": "",
          "beforeHooks": [],
          "afterHooks": [],
          "tests": [
            {
              "title": "Verify that the user is able to view the login landing page with a \"Welcome to BISKIT\" message",
              "fullTitle": "Landing page Verify that the user is able to view the login landing page with a \"Welcome to BISKIT\" message",
              "timedOut": null,
              "duration": 11508,
              "state": "passed",
              "speed": "slow",
              "pass": true,
              "fail": false,
              "pending": false,
              "context": null,
              "code": "loginPage.navigate('https://biskit-frontend-dev.eha.im/#/signin');\nloginPage.enterusername('nelo_BDC');\nloginPage.enterPassword('password');\nloginPage.clickLogin();\ncy.wait(10000);\ncy.get('[data-testid=\"home-welcome\"]').should('be.visible');",
              "err": {},
              "uuid": "967311d1-7531-424f-9d5b-d4adbae6130d",
              "parentUUID": "569e593b-9dba-4282-9e60-a7bf98d55c46",
              "isHook": false,
              "skipped": false
            },
            {
              "title": "Verify that the user is able to view the login landing page with the \"Dashboard\" menu button clearly visible",
              "fullTitle": "Landing page Verify that the user is able to view the login landing page with the \"Dashboard\" menu button clearly visible",
              "timedOut": null,
              "duration": 11668,
              "state": "passed",
              "speed": "slow",
              "pass": true,
              "fail": false,
              "pending": false,
              "context": null,
              "code": "loginPage.navigate('https://biskit-frontend-dev.eha.im/#/signin');\nloginPage.enterusername('nelo_BDC');\nloginPage.enterPassword('password');\nloginPage.clickLogin();\ncy.wait(10000);\ncy.contains('Dashboard').click();\ncy.get('.rs-flex-box-grid > :nth-child(1) > .sc-llJcti').should('have.text', 'Track, Manage and Get a birds eye view of all activities').and('not.be.NaN').and('be.visible');",
              "err": {},
              "uuid": "fd68be57-b788-40e7-857a-c39f2f10a630",
              "parentUUID": "569e593b-9dba-4282-9e60-a7bf98d55c46",
              "isHook": false,
              "skipped": false
            },
            {
              "title": "Verify that the user is able to view the login landing page with the \"Facilities\" menu button clearly visible",
              "fullTitle": "Landing page Verify that the user is able to view the login landing page with the \"Facilities\" menu button clearly visible",
              "timedOut": null,
              "duration": 2090,
              "state": "passed",
              "speed": "fast",
              "pass": true,
              "fail": false,
              "pending": false,
              "context": null,
              "code": "loginPage.navigate('https://biskit-frontend-dev.eha.im/#/signin');\nloginPage.enterusername('nelo_BDC');\nloginPage.enterPassword('password');\nloginPage.clickLogin();\n// cy.wait(10000)\ncy.get('[data-testid=\"nav-group-facilities\"] > .rs-dropdown-toggle > [data-testid=\"nav-item-undefined\"] > :nth-child(2) > .sc-BeQoi').should('have.text', 'Facilities').and('be.visible');",
              "err": {},
              "uuid": "69d3bb23-a7fc-4994-8053-671b21cc3488",
              "parentUUID": "569e593b-9dba-4282-9e60-a7bf98d55c46",
              "isHook": false,
              "skipped": false
            },
            {
              "title": "Verify that the user is able to view the login landing page with a the \"Reports\" menu button clearly visible",
              "fullTitle": "Landing page Verify that the user is able to view the login landing page with a the \"Reports\" menu button clearly visible",
              "timedOut": null,
              "duration": 11462,
              "state": "passed",
              "speed": "slow",
              "pass": true,
              "fail": false,
              "pending": false,
              "context": null,
              "code": "loginPage.navigate('https://biskit-frontend-dev.eha.im/#/signin');\nloginPage.enterusername('nelo_BDC');\nloginPage.enterPassword('password');\nloginPage.clickLogin();\ncy.wait(10000);\ncy.contains('Reports').should('have.text', 'Reports').and('be.visible');",
              "err": {},
              "uuid": "96d789b0-0952-4e59-93fe-04a63c6956d7",
              "parentUUID": "569e593b-9dba-4282-9e60-a7bf98d55c46",
              "isHook": false,
              "skipped": false
            },
            {
              "title": "Verify that the user is able to view the login landing page with a the \"Users\" menu button clearly visible",
              "fullTitle": "Landing page Verify that the user is able to view the login landing page with a the \"Users\" menu button clearly visible",
              "timedOut": null,
              "duration": 2190,
              "state": "passed",
              "speed": "fast",
              "pass": true,
              "fail": false,
              "pending": false,
              "context": null,
              "code": "loginPage.navigate('https://biskit-frontend-dev.eha.im/#/signin');\nloginPage.enterusername('nelo_BDC');\nloginPage.enterPassword('password');\nloginPage.clickLogin();\n// cy.wait(10000)\ncy.contains('Users').should('have.text', 'Users').and('be.visible');",
              "err": {},
              "uuid": "13424220-f04d-48ec-a8c6-c7bad7c0a7c8",
              "parentUUID": "569e593b-9dba-4282-9e60-a7bf98d55c46",
              "isHook": false,
              "skipped": false
            },
            {
              "title": "Verify that the user is able to view clearly thye BISKIT logo on top of the landing page",
              "fullTitle": "Landing page Verify that the user is able to view clearly thye BISKIT logo on top of the landing page",
              "timedOut": null,
              "duration": 2810,
              "state": "passed",
              "speed": "fast",
              "pass": true,
              "fail": false,
              "pending": false,
              "context": null,
              "code": "loginPage.navigate('https://biskit-frontend-dev.eha.im/#/signin');\nloginPage.enterusername('nelo_BDC');\nloginPage.enterPassword('password');\nloginPage.clickLogin();\n// cy.wait(10000)\ncy.get('[data-testid=\"home-welcome\"]').should('have.text', 'Welcome to BISKIT').and('be.visible');",
              "err": {},
              "uuid": "03fd2afe-7f5b-4cb6-85c4-31815b21c65e",
              "parentUUID": "569e593b-9dba-4282-9e60-a7bf98d55c46",
              "isHook": false,
              "skipped": false
            },
            {
              "title": "Verify that the user is able to view the profile details of the logged in user on the landing page",
              "fullTitle": "Landing page Verify that the user is able to view the profile details of the logged in user on the landing page",
              "timedOut": null,
              "duration": 3080,
              "state": "passed",
              "speed": "fast",
              "pass": true,
              "fail": false,
              "pending": false,
              "context": null,
              "code": "loginPage.navigate('https://biskit-frontend-dev.eha.im/#/signin');\nloginPage.enterusername('nelo_BDC');\nloginPage.enterPassword('password');\nloginPage.clickLogin();\n// cy.wait(10000)\ncy.get('[data-testid=\"user-info-nelo_BDC\"]').should('be.visible');",
              "err": {},
              "uuid": "49c2fb04-e281-448b-a597-560b3db57280",
              "parentUUID": "569e593b-9dba-4282-9e60-a7bf98d55c46",
              "isHook": false,
              "skipped": false
            },
            {
              "title": "Verify that the user is able to view the \"Notification\" icon on the login landing page",
              "fullTitle": "Landing page Verify that the user is able to view the \"Notification\" icon on the login landing page",
              "timedOut": null,
              "duration": 2744,
              "state": "passed",
              "speed": "fast",
              "pass": true,
              "fail": false,
              "pending": false,
              "context": null,
              "code": "loginPage.navigate('https://biskit-frontend-dev.eha.im/#/signin');\nloginPage.enterusername('nelo_BDC');\nloginPage.enterPassword('password');\nloginPage.clickLogin();\n// cy.wait(10000)\ncy.get('.fa-regular').should('be.visible');",
              "err": {},
              "uuid": "b6d5868a-c010-47f2-9dc4-16b6c3bdc9b0",
              "parentUUID": "569e593b-9dba-4282-9e60-a7bf98d55c46",
              "isHook": false,
              "skipped": false
            },
            {
              "title": "Verify that the user is able to click on the \"Dashboard\" menu button",
              "fullTitle": "Landing page Verify that the user is able to click on the \"Dashboard\" menu button",
              "timedOut": null,
              "duration": 2960,
              "state": "passed",
              "speed": "fast",
              "pass": true,
              "fail": false,
              "pending": false,
              "context": null,
              "code": "loginPage.navigate('https://biskit-frontend-dev.eha.im/#/signin');\nloginPage.enterusername('nelo_BDC');\nloginPage.enterPassword('password');\nloginPage.clickLogin();\n// cy.wait(10000)\ncy.contains('Dashboard').click().should('be.visible');",
              "err": {},
              "uuid": "009ec45b-5968-452d-851c-3de16fc65179",
              "parentUUID": "569e593b-9dba-4282-9e60-a7bf98d55c46",
              "isHook": false,
              "skipped": false
            },
            {
              "title": "Verify that the user is able to view the page title message which reads \"Dashboard, Track, Manage and Get a birds eye view of all activities\"",
              "fullTitle": "Landing page Verify that the user is able to view the page title message which reads \"Dashboard, Track, Manage and Get a birds eye view of all activities\"",
              "timedOut": null,
              "duration": 3472,
              "state": "passed",
              "speed": "fast",
              "pass": true,
              "fail": false,
              "pending": false,
              "context": null,
              "code": "loginPage.navigate('https://biskit-frontend-dev.eha.im/#/signin');\nloginPage.enterusername('nelo_BDC');\nloginPage.enterPassword('password');\nloginPage.clickLogin();\n// cy.wait(10000)\ncy.contains('Dashboard').click();\ncy.get('.rs-flex-box-grid > :nth-child(1) > .sc-llJcti').should('have.text', 'Track, Manage and Get a birds eye view of all activities').and('be.visible');",
              "err": {},
              "uuid": "b0bd6fa6-3ac4-4aaf-9f85-8d55b83f9e83",
              "parentUUID": "569e593b-9dba-4282-9e60-a7bf98d55c46",
              "isHook": false,
              "skipped": false
            },
            {
              "title": "Verify that the user is able to view the date field on top of the page",
              "fullTitle": "Landing page Verify that the user is able to view the date field on top of the page",
              "timedOut": null,
              "duration": 3323,
              "state": "passed",
              "speed": "fast",
              "pass": true,
              "fail": false,
              "pending": false,
              "context": null,
              "code": "loginPage.navigate('https://biskit-frontend-dev.eha.im/#/signin');\nloginPage.enterusername('nelo_BDC');\nloginPage.enterPassword('password');\nloginPage.clickLogin();\n// cy.wait(10000)\ncy.contains('Dashboard').click();\ncy.contains('Jan').should('be.visible').and('not.be.NaN');",
              "err": {},
              "uuid": "4caa6cf9-2687-4d7e-8b5a-80c59bbb2e7e",
              "parentUUID": "569e593b-9dba-4282-9e60-a7bf98d55c46",
              "isHook": false,
              "skipped": false
            },
            {
              "title": "Verify that the date on the date field can be selected and changed to any date in the past",
              "fullTitle": "Landing page Verify that the date on the date field can be selected and changed to any date in the past",
              "timedOut": null,
              "duration": 13266,
              "state": "failed",
              "speed": null,
              "pass": false,
              "fail": true,
              "pending": false,
              "context": "{\n  \"title\": \"cypress-mochawesome-reporter-screenshots\",\n  \"value\": [\n    [\n      \"/Blood Donation User.cy.js/Landing page -- Verify that the date on the date field can be selected and changed to any date in the past (failed) (3).png\"\n    ]\n  ]\n}",
              "code": "loginPage.navigate('https://biskit-frontend-dev.eha.im/#/signin');\nloginPage.enterusername('nelo_BDC');\nloginPage.enterPassword('password');\nloginPage.clickLogin();\n// cy.wait(10000)\ncy.contains('Dashboard').click();\ncy.contains('Jan').click().should('be.focused');\nconsole.log('The dropdown does not open and userv is unable to select dates');",
              "err": {
                "message": "AssertionError: Timed out retrying after 10050ms: expected '<button#menubutton-:r0:.rs-dropdown-toggle.rs-btn.rs-btn-default.rs-btn-sm>' to be 'focused'",
                "estack": "AssertionError: Timed out retrying after 10050ms: expected '<button#menubutton-:r0:.rs-dropdown-toggle.rs-btn.rs-btn-default.rs-btn-sm>' to be 'focused'\n    at Context.eval (webpack://biskit/./cypress/e2e/Blood Donation User.cy.js:189:5)\n    at runnable.fn (https://biskit-frontend-dev.eha.im/__cypress/runner/cypress_runner.js:138986:19)\n    at callFn (https://biskit-frontend-dev.eha.im/__cypress/runner/cypress_runner.js:157883:21)\n    at Runnable.run (https://biskit-frontend-dev.eha.im/__cypress/runner/cypress_runner.js:157870:7)\n    at <unknown> (https://biskit-frontend-dev.eha.im/__cypress/runner/cypress_runner.js:163794:30)\n    at PassThroughHandlerContext.finallyHandler (https://biskit-frontend-dev.eha.im/__cypress/runner/cypress_runner.js:4072:23)\n    at PassThroughHandlerContext.tryCatcher (https://biskit-frontend-dev.eha.im/__cypress/runner/cypress_runner.js:1807:23)\n    at Promise._settlePromiseFromHandler (https://biskit-frontend-dev.eha.im/__cypress/runner/cypress_runner.js:1519:31)",
                "diff": null
              },
              "uuid": "581198d5-7439-4e59-a497-1dbef5c58cf9",
              "parentUUID": "569e593b-9dba-4282-9e60-a7bf98d55c46",
              "isHook": false,
              "skipped": false
            },
            {
              "title": "Verify that the user is not able to select a date in the future",
              "fullTitle": "Landing page Verify that the user is not able to select a date in the future",
              "timedOut": null,
              "duration": 12609,
              "state": "failed",
              "speed": null,
              "pass": false,
              "fail": true,
              "pending": false,
              "context": "{\n  \"title\": \"cypress-mochawesome-reporter-screenshots\",\n  \"value\": [\n    [\n      \"/Blood Donation User.cy.js/Landing page -- Verify that the user is not able to select a date in the future (failed) (3).png\"\n    ]\n  ]\n}",
              "code": "loginPage.navigate('https://biskit-frontend-dev.eha.im/#/signin');\nloginPage.enterusername('nelo_BDC');\nloginPage.enterPassword('password');\nloginPage.clickLogin();\n// cy.wait(10000)\ncy.contains('Dashboard').click();\ncy.contains('Jan').click().should('be.focused');\nconsole.log('User is unable to select any dates as dropdwon does not open when clicked on');",
              "err": {
                "message": "AssertionError: Timed out retrying after 10050ms: expected '<button#menubutton-:r0:.rs-dropdown-toggle.rs-btn.rs-btn-default.rs-btn-sm>' to be 'focused'",
                "estack": "AssertionError: Timed out retrying after 10050ms: expected '<button#menubutton-:r0:.rs-dropdown-toggle.rs-btn.rs-btn-default.rs-btn-sm>' to be 'focused'\n    at Context.eval (webpack://biskit/./cypress/e2e/Blood Donation User.cy.js:201:5)\n    at runnable.fn (https://biskit-frontend-dev.eha.im/__cypress/runner/cypress_runner.js:138986:19)\n    at callFn (https://biskit-frontend-dev.eha.im/__cypress/runner/cypress_runner.js:157883:21)\n    at Runnable.run (https://biskit-frontend-dev.eha.im/__cypress/runner/cypress_runner.js:157870:7)\n    at <unknown> (https://biskit-frontend-dev.eha.im/__cypress/runner/cypress_runner.js:163794:30)\n    at PassThroughHandlerContext.finallyHandler (https://biskit-frontend-dev.eha.im/__cypress/runner/cypress_runner.js:4072:23)\n    at PassThroughHandlerContext.tryCatcher (https://biskit-frontend-dev.eha.im/__cypress/runner/cypress_runner.js:1807:23)\n    at Promise._settlePromiseFromHandler (https://biskit-frontend-dev.eha.im/__cypress/runner/cypress_runner.js:1519:31)",
                "diff": null
              },
              "uuid": "1f4c3b95-5022-48b8-8bdf-a80a1ea74723",
              "parentUUID": "569e593b-9dba-4282-9e60-a7bf98d55c46",
              "isHook": false,
              "skipped": false
            },
            {
              "title": "Verify that the user is able to view and select a location of choice",
              "fullTitle": "Landing page Verify that the user is able to view and select a location of choice",
              "timedOut": null,
              "duration": 12295,
              "state": "failed",
              "speed": null,
              "pass": false,
              "fail": true,
              "pending": false,
              "context": "{\n  \"title\": \"cypress-mochawesome-reporter-screenshots\",\n  \"value\": [\n    [\n      \"/Blood Donation User.cy.js/Landing page -- Verify that the user is able to view and select a location of choice (failed) (3).png\"\n    ]\n  ]\n}",
              "code": "loginPage.navigate('https://biskit-frontend-dev.eha.im/#/signin');\nloginPage.enterusername('nelo_BDC');\nloginPage.enterPassword('password');\nloginPage.clickLogin();\n// cy.wait(10000)\ncy.contains('Dashboard').click();\ncy.contains('Johannesburg').should('be.focused');\nconsole.log('the dropdown is not clickable');",
              "err": {
                "message": "AssertionError: Timed out retrying after 10000ms: expected '<button#menubutton-:r2:.rs-dropdown-toggle.rs-btn.rs-btn-default.rs-btn-sm>' to be 'focused'",
                "estack": "AssertionError: Timed out retrying after 10000ms: expected '<button#menubutton-:r2:.rs-dropdown-toggle.rs-btn.rs-btn-default.rs-btn-sm>' to be 'focused'\n    at Context.eval (webpack://biskit/./cypress/e2e/Blood Donation User.cy.js:213:5)\n    at runnable.fn (https://biskit-frontend-dev.eha.im/__cypress/runner/cypress_runner.js:138986:19)\n    at callFn (https://biskit-frontend-dev.eha.im/__cypress/runner/cypress_runner.js:157883:21)\n    at Runnable.run (https://biskit-frontend-dev.eha.im/__cypress/runner/cypress_runner.js:157870:7)\n    at <unknown> (https://biskit-frontend-dev.eha.im/__cypress/runner/cypress_runner.js:163794:30)\n    at PassThroughHandlerContext.finallyHandler (https://biskit-frontend-dev.eha.im/__cypress/runner/cypress_runner.js:4072:23)\n    at PassThroughHandlerContext.tryCatcher (https://biskit-frontend-dev.eha.im/__cypress/runner/cypress_runner.js:1807:23)\n    at Promise._settlePromiseFromHandler (https://biskit-frontend-dev.eha.im/__cypress/runner/cypress_runner.js:1519:31)",
                "diff": null
              },
              "uuid": "d86a9b48-3790-4cd9-b80d-9aa58ea1762a",
              "parentUUID": "569e593b-9dba-4282-9e60-a7bf98d55c46",
              "isHook": false,
              "skipped": false
            },
            {
              "title": "Verify that the user is able to view the report in a table format and contains No of Donors",
              "fullTitle": "Landing page Verify that the user is able to view the report in a table format and contains No of Donors",
              "timedOut": null,
              "duration": 2224,
              "state": "passed",
              "speed": "fast",
              "pass": true,
              "fail": false,
              "pending": false,
              "context": null,
              "code": "loginPage.navigate('https://biskit-frontend-dev.eha.im/#/signin');\nloginPage.enterusername('nelo_BDC');\nloginPage.enterPassword('password');\nloginPage.clickLogin();\n// cy.wait(10000)\ncy.contains('Dashboard').click();\ncy.get('.show-grid > :nth-child(1) > .strong').should('be.visible').and('have.text', 'No. of Donors');",
              "err": {},
              "uuid": "c8b097dc-d38b-4d90-9199-fc4fe4344a66",
              "parentUUID": "569e593b-9dba-4282-9e60-a7bf98d55c46",
              "isHook": false,
              "skipped": false
            },
            {
              "title": "Verify that the value under the No of Donors column is a number",
              "fullTitle": "Landing page Verify that the value under the No of Donors column is a number",
              "timedOut": null,
              "duration": 11256,
              "state": "passed",
              "speed": "slow",
              "pass": true,
              "fail": false,
              "pending": false,
              "context": null,
              "code": "loginPage.navigate('https://biskit-frontend-dev.eha.im/#/signin');\nloginPage.enterusername('nelo_BDC');\nloginPage.enterPassword('password');\nloginPage.clickLogin();\ncy.wait(10000);\ncy.contains('Dashboard').click();\ncy.get('.show-grid > :nth-child(1) > .sc-llJcti').should('be.visible').and('not.be.NaN');",
              "err": {},
              "uuid": "20688c70-fddd-4dfe-b744-c0439a5a48b9",
              "parentUUID": "569e593b-9dba-4282-9e60-a7bf98d55c46",
              "isHook": false,
              "skipped": false
            },
            {
              "title": "Verify that the user is able to view the report in a table format and contains Donations",
              "fullTitle": "Landing page Verify that the user is able to view the report in a table format and contains Donations",
              "timedOut": null,
              "duration": 11378,
              "state": "passed",
              "speed": "slow",
              "pass": true,
              "fail": false,
              "pending": false,
              "context": null,
              "code": "loginPage.navigate('https://biskit-frontend-dev.eha.im/#/signin');\nloginPage.enterusername('nelo_BDC');\nloginPage.enterPassword('password');\nloginPage.clickLogin();\ncy.wait(10000);\ncy.contains('Dashboard').click();\ncy.get(':nth-child(2) > .strong').should('be.visible').and('have.text', 'Donations');",
              "err": {},
              "uuid": "89c99448-4aa5-4158-a299-5e0b91b9df3e",
              "parentUUID": "569e593b-9dba-4282-9e60-a7bf98d55c46",
              "isHook": false,
              "skipped": false
            },
            {
              "title": "Verify that the value under the Donations column is a number",
              "fullTitle": "Landing page Verify that the value under the Donations column is a number",
              "timedOut": null,
              "duration": 21146,
              "state": "failed",
              "speed": null,
              "pass": false,
              "fail": true,
              "pending": false,
              "context": "{\n  \"title\": \"cypress-mochawesome-reporter-screenshots\",\n  \"value\": [\n    [\n      \"/Blood Donation User.cy.js/Landing page -- Verify that the value under the Donations column is a number (failed).png\"\n    ]\n  ]\n}",
              "code": "loginPage.navigate('https://biskit-frontend-dev.eha.im/#/signin');\nloginPage.enterusername('nelo_BDC');\nloginPage.enterPassword('password');\nloginPage.clickLogin();\ncy.wait(10000);\ncy.contains('Dashboard').click();\ncy.get(':nth-child(2) > .sc-llJcti').should('be.visible').and('not.be.NaN');",
              "err": {
                "message": "AssertionError: Timed out retrying after 10000ms: Expected to find content: 'Dashboard' but never did.",
                "estack": "AssertionError: Timed out retrying after 10000ms: Expected to find content: 'Dashboard' but never did.\n    at Context.eval (webpack://biskit/./cypress/e2e/Blood Donation User.cy.js:261:7)\n    at runnable.fn (https://biskit-frontend-dev.eha.im/__cypress/runner/cypress_runner.js:138986:19)\n    at callFn (https://biskit-frontend-dev.eha.im/__cypress/runner/cypress_runner.js:157883:21)\n    at Runnable.run (https://biskit-frontend-dev.eha.im/__cypress/runner/cypress_runner.js:157870:7)\n    at <unknown> (https://biskit-frontend-dev.eha.im/__cypress/runner/cypress_runner.js:163794:30)\n    at PassThroughHandlerContext.finallyHandler (https://biskit-frontend-dev.eha.im/__cypress/runner/cypress_runner.js:4072:23)\n    at PassThroughHandlerContext.tryCatcher (https://biskit-frontend-dev.eha.im/__cypress/runner/cypress_runner.js:1807:23)\n    at Promise._settlePromiseFromHandler (https://biskit-frontend-dev.eha.im/__cypress/runner/cypress_runner.js:1519:31)",
                "diff": null
              },
              "uuid": "41334a94-5b54-4960-bcda-6f266f55e80f",
              "parentUUID": "569e593b-9dba-4282-9e60-a7bf98d55c46",
              "isHook": false,
              "skipped": false
            },
            {
              "title": "Verify that the user is able to view the report in a table format and contains Blood products ",
              "fullTitle": "Landing page Verify that the user is able to view the report in a table format and contains Blood products ",
              "timedOut": null,
              "duration": 11213,
              "state": "passed",
              "speed": "slow",
              "pass": true,
              "fail": false,
              "pending": false,
              "context": null,
              "code": "loginPage.navigate('https://biskit-frontend-dev.eha.im/#/signin');\nloginPage.enterusername('nelo_BDC');\nloginPage.enterPassword('password');\nloginPage.clickLogin();\ncy.wait(10000);\ncy.contains('Dashboard').click();\ncy.get(':nth-child(3) > .strong').should('be.visible').and('have.text', 'Blood Products');",
              "err": {},
              "uuid": "e8ade506-0ed5-41ee-be19-6a2f615a8e39",
              "parentUUID": "569e593b-9dba-4282-9e60-a7bf98d55c46",
              "isHook": false,
              "skipped": false
            },
            {
              "title": "Verify that the value under the Blood Products column is a number",
              "fullTitle": "Landing page Verify that the value under the Blood Products column is a number",
              "timedOut": null,
              "duration": 11322,
              "state": "passed",
              "speed": "slow",
              "pass": true,
              "fail": false,
              "pending": false,
              "context": null,
              "code": "loginPage.navigate('https://biskit-frontend-dev.eha.im/#/signin');\nloginPage.enterusername('nelo_BDC');\nloginPage.enterPassword('password');\nloginPage.clickLogin();\ncy.wait(10000);\ncy.contains('Dashboard').click();\ncy.get(':nth-child(3) > .sc-llJcti').should('be.visible').and('not.be.NaN');",
              "err": {},
              "uuid": "cc587042-fcdd-4497-9059-68b2a60b47de",
              "parentUUID": "569e593b-9dba-4282-9e60-a7bf98d55c46",
              "isHook": false,
              "skipped": false
            },
            {
              "title": "Verify that the user is able to view the report in a table format and contains Blood requests",
              "fullTitle": "Landing page Verify that the user is able to view the report in a table format and contains Blood requests",
              "timedOut": null,
              "duration": 11290,
              "state": "passed",
              "speed": "slow",
              "pass": true,
              "fail": false,
              "pending": false,
              "context": null,
              "code": "loginPage.navigate('https://biskit-frontend-dev.eha.im/#/signin');\nloginPage.enterusername('nelo_BDC');\nloginPage.enterPassword('password');\nloginPage.clickLogin();\ncy.wait(10000);\ncy.contains('Dashboard').click();\ncy.get(':nth-child(4) > .strong').should('be.visible').and('have.text', 'Blood Requests');",
              "err": {},
              "uuid": "8720087b-7b9f-42ce-b538-34b3ad05ea8e",
              "parentUUID": "569e593b-9dba-4282-9e60-a7bf98d55c46",
              "isHook": false,
              "skipped": false
            },
            {
              "title": "Verify that the value under the Blood request column is a number ",
              "fullTitle": "Landing page Verify that the value under the Blood request column is a number ",
              "timedOut": null,
              "duration": 11783,
              "state": "passed",
              "speed": "slow",
              "pass": true,
              "fail": false,
              "pending": false,
              "context": null,
              "code": "loginPage.navigate('https://biskit-frontend-dev.eha.im/#/signin');\nloginPage.enterusername('nelo_BDC');\nloginPage.enterPassword('password');\nloginPage.clickLogin();\ncy.wait(10000);\ncy.contains('Dashboard').click();\ncy.get(':nth-child(4) > .sc-llJcti').should('be.visible').and('not.be.NaN');",
              "err": {},
              "uuid": "ddc4c4ab-dde6-4cd7-8c62-8027fd940a20",
              "parentUUID": "569e593b-9dba-4282-9e60-a7bf98d55c46",
              "isHook": false,
              "skipped": false
            },
            {
              "title": "Verify that the user is able to view the report in a table format and contains Adverse events",
              "fullTitle": "Landing page Verify that the user is able to view the report in a table format and contains Adverse events",
              "timedOut": null,
              "duration": 11270,
              "state": "passed",
              "speed": "slow",
              "pass": true,
              "fail": false,
              "pending": false,
              "context": null,
              "code": "loginPage.navigate('https://biskit-frontend-dev.eha.im/#/signin');\nloginPage.enterusername('nelo_BDC');\nloginPage.enterPassword('password');\nloginPage.clickLogin();\ncy.wait(10000);\ncy.contains('Dashboard').click();\ncy.get(':nth-child(5) > .strong').should('be.visible').and('have.text', 'Adverse Events');",
              "err": {},
              "uuid": "82cadbf7-8061-4b9b-91b5-3bb5b8d16edd",
              "parentUUID": "569e593b-9dba-4282-9e60-a7bf98d55c46",
              "isHook": false,
              "skipped": false
            },
            {
              "title": "Verify that the value under the Adverse events column is a number ",
              "fullTitle": "Landing page Verify that the value under the Adverse events column is a number ",
              "timedOut": null,
              "duration": 11401,
              "state": "passed",
              "speed": "slow",
              "pass": true,
              "fail": false,
              "pending": false,
              "context": null,
              "code": "loginPage.navigate('https://biskit-frontend-dev.eha.im/#/signin');\nloginPage.enterusername('nelo_BDC');\nloginPage.enterPassword('password');\nloginPage.clickLogin();\ncy.wait(10000);\ncy.contains('Dashboard').click();\ncy.get(':nth-child(5) > .sc-llJcti').should('be.visible').and('not.be.NaN');",
              "err": {},
              "uuid": "fe048d45-a05e-465a-ad75-437420bb62c9",
              "parentUUID": "569e593b-9dba-4282-9e60-a7bf98d55c46",
              "isHook": false,
              "skipped": false
            },
            {
              "title": "Verify that the user is able to view the report in a tale format and contains Appointments",
              "fullTitle": "Landing page Verify that the user is able to view the report in a tale format and contains Appointments",
              "timedOut": null,
              "duration": 11230,
              "state": "passed",
              "speed": "slow",
              "pass": true,
              "fail": false,
              "pending": false,
              "context": null,
              "code": "loginPage.navigate('https://biskit-frontend-dev.eha.im/#/signin');\nloginPage.enterusername('nelo_BDC');\nloginPage.enterPassword('password');\nloginPage.clickLogin();\ncy.wait(10000);\ncy.contains('Dashboard').click();\ncy.get(':nth-child(6) > .strong').should('be.visible').and('have.text', 'Appointments');",
              "err": {},
              "uuid": "aeaea042-b155-48da-9934-9a1ddc7c3d89",
              "parentUUID": "569e593b-9dba-4282-9e60-a7bf98d55c46",
              "isHook": false,
              "skipped": false
            },
            {
              "title": "Verify that the value under the Appointments column is a number",
              "fullTitle": "Landing page Verify that the value under the Appointments column is a number",
              "timedOut": null,
              "duration": 11331,
              "state": "passed",
              "speed": "slow",
              "pass": true,
              "fail": false,
              "pending": false,
              "context": null,
              "code": "loginPage.navigate('https://biskit-frontend-dev.eha.im/#/signin');\nloginPage.enterusername('nelo_BDC');\nloginPage.enterPassword('password');\nloginPage.clickLogin();\ncy.wait(10000);\ncy.contains('Dashboard').click();\ncy.get(':nth-child(6) > .sc-llJcti').should('be.visible').and('not.be.NaN');",
              "err": {},
              "uuid": "38ba1c0a-e25e-404f-9e77-57a61c91c211",
              "parentUUID": "569e593b-9dba-4282-9e60-a7bf98d55c46",
              "isHook": false,
              "skipped": false
            },
            {
              "title": "Verify that the user is able to view the pie-chart representation of proportion of donor by gender ",
              "fullTitle": "Landing page Verify that the user is able to view the pie-chart representation of proportion of donor by gender ",
              "timedOut": null,
              "duration": 11383,
              "state": "passed",
              "speed": "slow",
              "pass": true,
              "fail": false,
              "pending": false,
              "context": null,
              "code": "loginPage.navigate('https://biskit-frontend-dev.eha.im/#/signin');\nloginPage.enterusername('nelo_BDC');\nloginPage.enterPassword('password');\nloginPage.clickLogin();\ncy.wait(10000);\ncy.contains('Dashboard').click();\ncy.get('.chart-one-doughnut-container > div > canvas').should('be.visible').and('have.text', '');",
              "err": {},
              "uuid": "6a037acd-2c2f-4ab5-bd15-0fa1cc3ecacc",
              "parentUUID": "569e593b-9dba-4282-9e60-a7bf98d55c46",
              "isHook": false,
              "skipped": false
            },
            {
              "title": "Verify that the pie-chart contains a part representing male gender",
              "fullTitle": "Landing page Verify that the pie-chart contains a part representing male gender",
              "timedOut": null,
              "duration": 11322,
              "state": "passed",
              "speed": "slow",
              "pass": true,
              "fail": false,
              "pending": false,
              "context": null,
              "code": "loginPage.navigate('https://biskit-frontend-dev.eha.im/#/signin');\nloginPage.enterusername('nelo_BDC');\nloginPage.enterPassword('password');\nloginPage.clickLogin();\ncy.wait(10000);\ncy.contains('Dashboard').click();\ncy.get('.chart-one-doughnut-container > div > canvas').should('be.visible').and('have.text', '');",
              "err": {},
              "uuid": "b462ba00-ca04-4e79-9ac5-9ad95c439ed5",
              "parentUUID": "569e593b-9dba-4282-9e60-a7bf98d55c46",
              "isHook": false,
              "skipped": false
            },
            {
              "title": "Verify that the pie-chart contains a part representing female gender",
              "fullTitle": "Landing page Verify that the pie-chart contains a part representing female gender",
              "timedOut": null,
              "duration": 11325,
              "state": "passed",
              "speed": "slow",
              "pass": true,
              "fail": false,
              "pending": false,
              "context": null,
              "code": "loginPage.navigate('https://biskit-frontend-dev.eha.im/#/signin');\nloginPage.enterusername('nelo_BDC');\nloginPage.enterPassword('password');\nloginPage.clickLogin();\ncy.wait(10000);\ncy.contains('Dashboard').click();\ncy.get('.chart-one-doughnut-container > div > canvas').should('be.visible').and('have.text', '');",
              "err": {},
              "uuid": "1eee05d1-a92d-46a5-93bc-04628089ae4c",
              "parentUUID": "569e593b-9dba-4282-9e60-a7bf98d55c46",
              "isHook": false,
              "skipped": false
            },
            {
              "title": "Verify that the radio buttons associated with the pie-chart is clickable",
              "fullTitle": "Landing page Verify that the radio buttons associated with the pie-chart is clickable",
              "timedOut": null,
              "duration": 11332,
              "state": "passed",
              "speed": "slow",
              "pass": true,
              "fail": false,
              "pending": false,
              "context": null,
              "code": "loginPage.navigate('https://biskit-frontend-dev.eha.im/#/signin');\nloginPage.enterusername('nelo_BDC');\nloginPage.enterPassword('password');\nloginPage.clickLogin();\ncy.wait(10000);\ncy.contains('Dashboard').click();\ncy.get('.chart-one-doughnut-container > div > canvas').should('be.visible').and('contain', '');",
              "err": {},
              "uuid": "d7293dfa-8d61-430d-aedd-316193581904",
              "parentUUID": "569e593b-9dba-4282-9e60-a7bf98d55c46",
              "isHook": false,
              "skipped": false
            },
            {
              "title": "Verify that the user is able to view the bar chart representation of blood donation by month",
              "fullTitle": "Landing page Verify that the user is able to view the bar chart representation of blood donation by month",
              "timedOut": null,
              "duration": 11420,
              "state": "passed",
              "speed": "slow",
              "pass": true,
              "fail": false,
              "pending": false,
              "context": null,
              "code": "loginPage.navigate('https://biskit-frontend-dev.eha.im/#/signin');\nloginPage.enterusername('nelo_BDC');\nloginPage.enterPassword('password');\nloginPage.clickLogin();\ncy.wait(10000);\ncy.contains('Dashboard').click();\ncy.get('.chart-one-bar-container > div > canvas').should('be.visible').and('have.text', '');",
              "err": {},
              "uuid": "fbdd6a1c-618b-4619-9a06-a810141fe931",
              "parentUUID": "569e593b-9dba-4282-9e60-a7bf98d55c46",
              "isHook": false,
              "skipped": false
            },
            {
              "title": "Verify that the user is able to view the bar chart representation of distribution of donors by age",
              "fullTitle": "Landing page Verify that the user is able to view the bar chart representation of distribution of donors by age",
              "timedOut": null,
              "duration": 12340,
              "state": "passed",
              "speed": "slow",
              "pass": true,
              "fail": false,
              "pending": false,
              "context": null,
              "code": "loginPage.navigate('https://biskit-frontend-dev.eha.im/#/signin');\nloginPage.enterusername('nelo_BDC');\nloginPage.enterPassword('password');\nloginPage.clickLogin();\ncy.wait(10000);\ncy.contains('Dashboard').click();\ncy.get('.flexed-chart-two-section > :nth-child(1) > div > canvas').should('be.visible').and('have.text', '');",
              "err": {},
              "uuid": "b7cfcff3-9057-4cec-ad11-518b9e46aec5",
              "parentUUID": "569e593b-9dba-4282-9e60-a7bf98d55c46",
              "isHook": false,
              "skipped": false
            },
            {
              "title": "Verify that the user is able to view the bar chart representation of distribution of tests by status",
              "fullTitle": "Landing page Verify that the user is able to view the bar chart representation of distribution of tests by status",
              "timedOut": null,
              "duration": 11509,
              "state": "passed",
              "speed": "slow",
              "pass": true,
              "fail": false,
              "pending": false,
              "context": null,
              "code": "loginPage.navigate('https://biskit-frontend-dev.eha.im/#/signin');\nloginPage.enterusername('nelo_BDC');\nloginPage.enterPassword('password');\nloginPage.clickLogin();\ncy.wait(10000);\ncy.contains('Dashboard').click();\ncy.get(':nth-child(3) > div > canvas').should('be.visible').and('have.text', '');",
              "err": {},
              "uuid": "753e0238-378c-4e1e-960e-dc0aa8bcfd21",
              "parentUUID": "569e593b-9dba-4282-9e60-a7bf98d55c46",
              "isHook": false,
              "skipped": false
            },
            {
              "title": "Verify that the user is able to view the graph representation of distribution of tests by type",
              "fullTitle": "Landing page Verify that the user is able to view the graph representation of distribution of tests by type",
              "timedOut": null,
              "duration": 11209,
              "state": "passed",
              "speed": "slow",
              "pass": true,
              "fail": false,
              "pending": false,
              "context": null,
              "code": "loginPage.navigate('https://biskit-frontend-dev.eha.im/#/signin');\nloginPage.enterusername('nelo_BDC');\nloginPage.enterPassword('password');\nloginPage.clickLogin();\ncy.wait(10000);\ncy.contains('Dashboard').click();\ncy.get('.flexed-chart-three-section > div > canvas').should('be.visible').and('have.text', '');",
              "err": {},
              "uuid": "7f973cc5-913b-46cc-83c5-69c3b898b54b",
              "parentUUID": "569e593b-9dba-4282-9e60-a7bf98d55c46",
              "isHook": false,
              "skipped": false
            }
          ],
          "suites": [],
          "passes": [
            "967311d1-7531-424f-9d5b-d4adbae6130d",
            "fd68be57-b788-40e7-857a-c39f2f10a630",
            "69d3bb23-a7fc-4994-8053-671b21cc3488",
            "96d789b0-0952-4e59-93fe-04a63c6956d7",
            "13424220-f04d-48ec-a8c6-c7bad7c0a7c8",
            "03fd2afe-7f5b-4cb6-85c4-31815b21c65e",
            "49c2fb04-e281-448b-a597-560b3db57280",
            "b6d5868a-c010-47f2-9dc4-16b6c3bdc9b0",
            "009ec45b-5968-452d-851c-3de16fc65179",
            "b0bd6fa6-3ac4-4aaf-9f85-8d55b83f9e83",
            "4caa6cf9-2687-4d7e-8b5a-80c59bbb2e7e",
            "c8b097dc-d38b-4d90-9199-fc4fe4344a66",
            "20688c70-fddd-4dfe-b744-c0439a5a48b9",
            "89c99448-4aa5-4158-a299-5e0b91b9df3e",
            "e8ade506-0ed5-41ee-be19-6a2f615a8e39",
            "cc587042-fcdd-4497-9059-68b2a60b47de",
            "8720087b-7b9f-42ce-b538-34b3ad05ea8e",
            "ddc4c4ab-dde6-4cd7-8c62-8027fd940a20",
            "82cadbf7-8061-4b9b-91b5-3bb5b8d16edd",
            "fe048d45-a05e-465a-ad75-437420bb62c9",
            "aeaea042-b155-48da-9934-9a1ddc7c3d89",
            "38ba1c0a-e25e-404f-9e77-57a61c91c211",
            "6a037acd-2c2f-4ab5-bd15-0fa1cc3ecacc",
            "b462ba00-ca04-4e79-9ac5-9ad95c439ed5",
            "1eee05d1-a92d-46a5-93bc-04628089ae4c",
            "d7293dfa-8d61-430d-aedd-316193581904",
            "fbdd6a1c-618b-4619-9a06-a810141fe931",
            "b7cfcff3-9057-4cec-ad11-518b9e46aec5",
            "753e0238-378c-4e1e-960e-dc0aa8bcfd21",
            "7f973cc5-913b-46cc-83c5-69c3b898b54b"
          ],
          "failures": [
            "581198d5-7439-4e59-a497-1dbef5c58cf9",
            "1f4c3b95-5022-48b8-8bdf-a80a1ea74723",
            "d86a9b48-3790-4cd9-b80d-9aa58ea1762a",
            "41334a94-5b54-4960-bcda-6f266f55e80f"
          ],
          "pending": [],
          "skipped": [],
          "duration": 324161,
          "root": false,
          "rootEmpty": false,
          "_timeout": 2000
        },
        {
          "uuid": "44b7bbd3-292e-4e19-b78a-d6df92ba3799",
          "title": "Facilities menu",
          "fullFile": "",
          "file": "",
          "beforeHooks": [],
          "afterHooks": [],
          "tests": [
            {
              "title": "Verify that the user is able to click on the \"Facilities\"  menu button",
              "fullTitle": "Facilities menu Verify that the user is able to click on the \"Facilities\"  menu button",
              "timedOut": null,
              "duration": 11214,
              "state": "passed",
              "speed": "slow",
              "pass": true,
              "fail": false,
              "pending": false,
              "context": null,
              "code": "loginPage.navigate('https://biskit-frontend-dev.eha.im/#/signin');\nloginPage.enterusername('nelo_BDC');\nloginPage.enterPassword('password');\nloginPage.clickLogin();\ncy.wait(10000);\ncy.contains('Facilities').click().should('be.visible').and('have.text', 'Facilities');",
              "err": {},
              "uuid": "c4b8c7f3-c638-4e18-8f8a-aa82cf15f36c",
              "parentUUID": "44b7bbd3-292e-4e19-b78a-d6df92ba3799",
              "isHook": false,
              "skipped": false
            },
            {
              "title": "Verify that the facilities menu button expands to display a \"Facility\" sub-menu button",
              "fullTitle": "Facilities menu Verify that the facilities menu button expands to display a \"Facility\" sub-menu button",
              "timedOut": null,
              "duration": 11326,
              "state": "passed",
              "speed": "slow",
              "pass": true,
              "fail": false,
              "pending": false,
              "context": null,
              "code": "loginPage.navigate('https://biskit-frontend-dev.eha.im/#/signin');\nloginPage.enterusername('nelo_BDC');\nloginPage.enterPassword('password');\nloginPage.clickLogin();\ncy.wait(10000);\ncy.contains('Facilities').click();\ncy.get('[data-testid=\"nav-item-facility\"] > .rs-stack-item > .sc-BeQoi').should('be.visible').and('have.text', 'Facility');",
              "err": {},
              "uuid": "62212af9-6be2-4f50-870e-4e630b7736c0",
              "parentUUID": "44b7bbd3-292e-4e19-b78a-d6df92ba3799",
              "isHook": false,
              "skipped": false
            },
            {
              "title": "Verify that the \"Facility\" button is visible and clickable",
              "fullTitle": "Facilities menu Verify that the \"Facility\" button is visible and clickable",
              "timedOut": null,
              "duration": 11346,
              "state": "passed",
              "speed": "slow",
              "pass": true,
              "fail": false,
              "pending": false,
              "context": null,
              "code": "loginPage.navigate('https://biskit-frontend-dev.eha.im/#/signin');\nloginPage.enterusername('nelo_BDC');\nloginPage.enterPassword('password');\nloginPage.clickLogin();\ncy.wait(10000);\ncy.contains('Facilities').click();\ncy.get('[data-testid=\"nav-item-facility\"] > .rs-stack-item > .sc-BeQoi').click();",
              "err": {},
              "uuid": "091acc1e-2050-40af-8d27-04c2ee88165d",
              "parentUUID": "44b7bbd3-292e-4e19-b78a-d6df92ba3799",
              "isHook": false,
              "skipped": false
            },
            {
              "title": "Verify that the user is able to view a list of facilities on the \"Facility\" landing page",
              "fullTitle": "Facilities menu Verify that the user is able to view a list of facilities on the \"Facility\" landing page",
              "timedOut": null,
              "duration": 21484,
              "state": "failed",
              "speed": null,
              "pass": false,
              "fail": true,
              "pending": false,
              "context": "{\n  \"title\": \"cypress-mochawesome-reporter-screenshots\",\n  \"value\": [\n    [\n      \"/Blood Donation User.cy.js/Facilities menu -- Verify that the user is able to view a list of facilities on the Facility landing page (failed) (3).png\"\n    ]\n  ]\n}",
              "code": "loginPage.navigate('https://biskit-frontend-dev.eha.im/#/signin');\nloginPage.enterusername('nelo_BDC');\nloginPage.enterPassword('password');\nloginPage.clickLogin();\ncy.wait(10000);\ncy.contains('Facilities').click();\ncy.get('[data-testid=\"nav-item-facility\"] > .rs-stack-item > .sc-BeQoi').click();\ncy.get('[data-testid=\"home-welcome\"]').should('be.visible').and('contain', 'Facilities');",
              "err": {
                "message": "AssertionError: Timed out retrying after 10000ms: expected '<div.home-message>' to contain 'Facilities'",
                "estack": "AssertionError: Timed out retrying after 10000ms: expected '<div.home-message>' to contain 'Facilities'\n    at Context.eval (webpack://biskit/./cypress/e2e/Blood Donation User.cy.js:492:11)\n    at runnable.fn (https://biskit-frontend-dev.eha.im/__cypress/runner/cypress_runner.js:138986:19)\n    at callFn (https://biskit-frontend-dev.eha.im/__cypress/runner/cypress_runner.js:157883:21)\n    at Runnable.run (https://biskit-frontend-dev.eha.im/__cypress/runner/cypress_runner.js:157870:7)\n    at <unknown> (https://biskit-frontend-dev.eha.im/__cypress/runner/cypress_runner.js:163794:30)\n    at PassThroughHandlerContext.finallyHandler (https://biskit-frontend-dev.eha.im/__cypress/runner/cypress_runner.js:4072:23)\n    at PassThroughHandlerContext.tryCatcher (https://biskit-frontend-dev.eha.im/__cypress/runner/cypress_runner.js:1807:23)\n    at Promise._settlePromiseFromHandler (https://biskit-frontend-dev.eha.im/__cypress/runner/cypress_runner.js:1519:31)",
                "diff": null
              },
              "uuid": "d2708206-176f-4662-a54f-739aeb1c1aa7",
              "parentUUID": "44b7bbd3-292e-4e19-b78a-d6df92ba3799",
              "isHook": false,
              "skipped": false
            }
          ],
          "suites": [],
          "passes": [
            "c4b8c7f3-c638-4e18-8f8a-aa82cf15f36c",
            "62212af9-6be2-4f50-870e-4e630b7736c0",
            "091acc1e-2050-40af-8d27-04c2ee88165d"
          ],
          "failures": [
            "d2708206-176f-4662-a54f-739aeb1c1aa7"
          ],
          "pending": [],
          "skipped": [],
          "duration": 55370,
          "root": false,
          "rootEmpty": false,
          "_timeout": 2000
        },
        {
          "uuid": "315966f6-fb0c-4ea9-aa17-0ad1a2efe252",
          "title": "Report menu",
          "fullFile": "",
          "file": "",
          "beforeHooks": [],
          "afterHooks": [],
          "tests": [
            {
              "title": "Verify that the user is able to click on the \"Reports\"  menu button",
              "fullTitle": "Report menu Verify that the user is able to click on the \"Reports\"  menu button",
              "timedOut": null,
              "duration": 11553,
              "state": "passed",
              "speed": "slow",
              "pass": true,
              "fail": false,
              "pending": false,
              "context": null,
              "code": "loginPage.navigate('https://biskit-frontend-dev.eha.im/#/signin');\nloginPage.enterusername('nelo_BDC');\nloginPage.enterPassword('password');\nloginPage.clickLogin();\ncy.wait(10000);\ncy.contains('Reports').click().should('be.visible').and('have.text', 'Reports');",
              "err": {},
              "uuid": "8b94b1a9-d580-421e-a7c3-ed224ca308b6",
              "parentUUID": "315966f6-fb0c-4ea9-aa17-0ad1a2efe252",
              "isHook": false,
              "skipped": false
            },
            {
              "title": "Verify that the \"Reports\" landing page has a \"Welcome to BISKIT\" message clearly displayed",
              "fullTitle": "Report menu Verify that the \"Reports\" landing page has a \"Welcome to BISKIT\" message clearly displayed",
              "timedOut": null,
              "duration": 11638,
              "state": "passed",
              "speed": "slow",
              "pass": true,
              "fail": false,
              "pending": false,
              "context": null,
              "code": "loginPage.navigate('https://biskit-frontend-dev.eha.im/#/signin');\nloginPage.enterusername('nelo_BDC');\nloginPage.enterPassword('password');\nloginPage.clickLogin();\ncy.wait(10000);\ncy.contains('Reports').click();\ncy.get('[data-testid=\"home-welcome\"]').should('be.visible').and('have.text', 'Welcome to BISKIT');",
              "err": {},
              "uuid": "f2b73f94-4d68-4d65-8f05-44ae4d5b510a",
              "parentUUID": "315966f6-fb0c-4ea9-aa17-0ad1a2efe252",
              "isHook": false,
              "skipped": false
            },
            {
              "title": "Verify that the \"Reports\" menu expands to show other sub-menu items namely; donors,appointments and blood donations",
              "fullTitle": "Report menu Verify that the \"Reports\" menu expands to show other sub-menu items namely; donors,appointments and blood donations",
              "timedOut": null,
              "duration": 11633,
              "state": "passed",
              "speed": "slow",
              "pass": true,
              "fail": false,
              "pending": false,
              "context": null,
              "code": "loginPage.navigate('https://biskit-frontend-dev.eha.im/#/signin');\nloginPage.enterusername('nelo_BDC');\nloginPage.enterPassword('password');\nloginPage.clickLogin();\ncy.wait(10000);\ncy.get('[data-testid=\"nav-group-reports\"] > .rs-dropdown-toggle').click();\ncy.contains('Donors').should('be.visible').and('have.text', 'Donors');\ncy.contains('Appointments').should('be.visible').and('have.text', 'Appointments');\ncy.contains('Blood Donations').should('be.visible').and('have.text', 'Blood Donations');",
              "err": {},
              "uuid": "bf04c619-24fe-4cf5-b2f0-7309bf8fc032",
              "parentUUID": "315966f6-fb0c-4ea9-aa17-0ad1a2efe252",
              "isHook": false,
              "skipped": false
            },
            {
              "title": "Verify that the user is able to view and click on the \"Donors\" sub-menu button",
              "fullTitle": "Report menu Verify that the user is able to view and click on the \"Donors\" sub-menu button",
              "timedOut": null,
              "duration": 2962,
              "state": "passed",
              "speed": "fast",
              "pass": true,
              "fail": false,
              "pending": false,
              "context": null,
              "code": "loginPage.navigate('https://biskit-frontend-dev.eha.im/#/signin');\nloginPage.enterusername('nelo_BDC');\nloginPage.enterPassword('password');\nloginPage.clickLogin();\ncy.contains('Reports').click();\ncy.get('[data-testid=\"nav-group-reports\"] > .rs-dropdown-toggle').click();\ncy.contains('Donors').should('be.visible').and('have.text', 'Donors');",
              "err": {},
              "uuid": "419285d4-262a-4f38-a1d8-f32d21f55167",
              "parentUUID": "315966f6-fb0c-4ea9-aa17-0ad1a2efe252",
              "isHook": false,
              "skipped": false
            },
            {
              "title": "Verify that the \"Donors\" page title contains donors as a title text",
              "fullTitle": "Report menu Verify that the \"Donors\" page title contains donors as a title text",
              "timedOut": null,
              "duration": 2631,
              "state": "passed",
              "speed": "fast",
              "pass": true,
              "fail": false,
              "pending": false,
              "context": null,
              "code": "loginPage.navigate('https://biskit-frontend-dev.eha.im/#/signin');\nloginPage.enterusername('nelo_BDC');\nloginPage.enterPassword('password');\nloginPage.clickLogin();\ncy.contains('Reports').click();\ncy.get('[data-testid=\"nav-item-donors\"] > .rs-stack-item > .sc-BeQoi').click();\ncy.get('.sc-kgflAQ').should('be.visible').and('have.text', 'Donors');",
              "err": {},
              "uuid": "395b970b-a359-419b-8380-f3e2745533fe",
              "parentUUID": "315966f6-fb0c-4ea9-aa17-0ad1a2efe252",
              "isHook": false,
              "skipped": false
            },
            {
              "title": "Verify that the donors landing page contains a table with columns namely; donor code, donor name, gender, blood type, facility and action",
              "fullTitle": "Report menu Verify that the donors landing page contains a table with columns namely; donor code, donor name, gender, blood type, facility and action",
              "timedOut": null,
              "duration": 3307,
              "state": "passed",
              "speed": "fast",
              "pass": true,
              "fail": false,
              "pending": false,
              "context": null,
              "code": "loginPage.navigate('https://biskit-frontend-dev.eha.im/#/signin');\nloginPage.enterusername('nelo_BDC');\nloginPage.enterPassword('password');\nloginPage.clickLogin();\ncy.contains('Reports').click();\ncy.get('[data-testid=\"nav-item-donors\"] > .rs-stack-item > .sc-BeQoi').click();\ncy.get(':nth-child(1) > .rs-table-cell > .rs-table-cell-content > .sc-kDDrLX').should('contain.text', 'Donor Code').and('be.visible');\ncy.get(':nth-child(2) > .rs-table-cell > .rs-table-cell-content > .sc-kDDrLX').should('contain.text', 'Donor Name').and('be.visible');\ncy.get(':nth-child(3) > .rs-table-cell > .rs-table-cell-content > .sc-kDDrLX').should('contain.text', 'Gender').and('be.visible');\ncy.get(':nth-child(4) > .rs-table-cell > .rs-table-cell-content > .sc-kDDrLX').should('contain.text', 'Blood Type').and('be.visible');\ncy.get(':nth-child(5) > .rs-table-cell > .rs-table-cell-content > .sc-kDDrLX').should('contain.text', 'Facility').and('be.visible');\ncy.get(':nth-child(6) > .rs-table-cell > .rs-table-cell-content > .sc-kDDrLX').should('contain.text', 'ACTION').and('be.visible');",
              "err": {},
              "uuid": "3587c7fb-5a08-4a0f-b8fd-024fce953919",
              "parentUUID": "315966f6-fb0c-4ea9-aa17-0ad1a2efe252",
              "isHook": false,
              "skipped": false
            },
            {
              "title": "Verify that the donor landing page has search field with a place holder \"Search Donors\"",
              "fullTitle": "Report menu Verify that the donor landing page has search field with a place holder \"Search Donors\"",
              "timedOut": null,
              "duration": 2695,
              "state": "passed",
              "speed": "fast",
              "pass": true,
              "fail": false,
              "pending": false,
              "context": null,
              "code": "loginPage.navigate('https://biskit-frontend-dev.eha.im/#/signin');\nloginPage.enterusername('nelo_BDC');\nloginPage.enterPassword('password');\nloginPage.clickLogin();\ncy.contains('Reports').click();\ncy.get('[data-testid=\"nav-item-donors\"] > .rs-stack-item > .sc-BeQoi').click();\ncy.get('.sc-fnykZs').should('be.visible');",
              "err": {},
              "uuid": "108a862c-dbc1-47cb-8c2d-b6814f3f3f43",
              "parentUUID": "315966f6-fb0c-4ea9-aa17-0ad1a2efe252",
              "isHook": false,
              "skipped": false
            },
            {
              "title": "Verify that the user is able to search donors by donor code and that the result is clearly visible",
              "fullTitle": "Report menu Verify that the user is able to search donors by donor code and that the result is clearly visible",
              "timedOut": null,
              "duration": 3280,
              "state": "passed",
              "speed": "fast",
              "pass": true,
              "fail": false,
              "pending": false,
              "context": null,
              "code": "loginPage.navigate('https://biskit-frontend-dev.eha.im/#/signin');\nloginPage.enterusername('nelo_BDC');\nloginPage.enterPassword('password');\nloginPage.clickLogin();\ncy.contains('Reports').click();\ncy.get('[data-testid=\"nav-item-donors\"] > .rs-stack-item > .sc-BeQoi').click();\ncy.get('.sc-fnykZs').type('BD-D271A83F10E9');\ncy.get('.rs-table-cell-group > .rs-table-cell-first > .rs-table-cell-content').should('contain', 'BD-D271A83F10E9');",
              "err": {},
              "uuid": "7253eb64-e27c-4013-b048-2454cfec8c4a",
              "parentUUID": "315966f6-fb0c-4ea9-aa17-0ad1a2efe252",
              "isHook": false,
              "skipped": false
            },
            {
              "title": "Verify that the user is able to search donors by donor name and that the result is clearly visible",
              "fullTitle": "Report menu Verify that the user is able to search donors by donor name and that the result is clearly visible",
              "timedOut": null,
              "duration": 2713,
              "state": "passed",
              "speed": "fast",
              "pass": true,
              "fail": false,
              "pending": false,
              "context": null,
              "code": "loginPage.navigate('https://biskit-frontend-dev.eha.im/#/signin');\nloginPage.enterusername('nelo_BDC');\nloginPage.enterPassword('password');\nloginPage.clickLogin();\ncy.contains('Reports').click();\ncy.get('[data-testid=\"nav-item-donors\"] > .rs-stack-item > .sc-BeQoi').click();\ncy.get('.sc-fnykZs').type('Qwerty');\ncy.get('.rs-table-cell-group > [aria-colindex=\"2\"] > .rs-table-cell-content').should('contain', 'Qwerty');",
              "err": {},
              "uuid": "9bf89096-b6fe-402a-b267-d2cb10f4b947",
              "parentUUID": "315966f6-fb0c-4ea9-aa17-0ad1a2efe252",
              "isHook": false,
              "skipped": false
            },
            {
              "title": "Verify that the user is able to search donors by gender and that the result is clearly visible",
              "fullTitle": "Report menu Verify that the user is able to search donors by gender and that the result is clearly visible",
              "timedOut": null,
              "duration": 2925,
              "state": "passed",
              "speed": "fast",
              "pass": true,
              "fail": false,
              "pending": false,
              "context": null,
              "code": "loginPage.navigate('https://biskit-frontend-dev.eha.im/#/signin');\nloginPage.enterusername('nelo_BDC');\nloginPage.enterPassword('password');\nloginPage.clickLogin();\ncy.contains('Reports').click();\ncy.get('[data-testid=\"nav-item-donors\"] > .rs-stack-item > .sc-BeQoi').click();\ncy.get('.sc-fnykZs').type('Male');\ncy.get('.rs-table-cell-group > [aria-colindex=\"3\"] > .rs-table-cell-content').should('contain', 'Male');",
              "err": {},
              "uuid": "764251f5-ee9f-4b7b-9bfb-2c05d38fb3b0",
              "parentUUID": "315966f6-fb0c-4ea9-aa17-0ad1a2efe252",
              "isHook": false,
              "skipped": false
            },
            {
              "title": "Verify that the user is able to search donors by blood type and that the result is clearly visible",
              "fullTitle": "Report menu Verify that the user is able to search donors by blood type and that the result is clearly visible",
              "timedOut": null,
              "duration": 2713,
              "state": "passed",
              "speed": "fast",
              "pass": true,
              "fail": false,
              "pending": false,
              "context": null,
              "code": "loginPage.navigate('https://biskit-frontend-dev.eha.im/#/signin');\nloginPage.enterusername('nelo_BDC');\nloginPage.enterPassword('password');\nloginPage.clickLogin();\ncy.contains('Reports').click();\ncy.get('[data-testid=\"nav-item-donors\"] > .rs-stack-item > .sc-BeQoi').click();\ncy.get('.sc-fnykZs').type('AB+');\ncy.get('[aria-rowindex=\"2\"] > .rs-table-cell-group > [aria-colindex=\"4\"] > .rs-table-cell-content').should('contain', 'AB+');",
              "err": {},
              "uuid": "1f9ef329-20b0-458f-be35-222eaae62677",
              "parentUUID": "315966f6-fb0c-4ea9-aa17-0ad1a2efe252",
              "isHook": false,
              "skipped": false
            },
            {
              "title": "Verify that the user is able to search donors by facility and that the result is clearly visible",
              "fullTitle": "Report menu Verify that the user is able to search donors by facility and that the result is clearly visible",
              "timedOut": null,
              "duration": 3835,
              "state": "passed",
              "speed": "fast",
              "pass": true,
              "fail": false,
              "pending": false,
              "context": null,
              "code": "loginPage.navigate('https://biskit-frontend-dev.eha.im/#/signin');\nloginPage.enterusername('nelo_BDC');\nloginPage.enterPassword('password');\nloginPage.clickLogin();\ncy.contains('Reports').click();\ncy.get('[data-testid=\"nav-item-donors\"] > .rs-stack-item > .sc-BeQoi').click();\ncy.get('.sc-fnykZs').type('Blood Donation');\ncy.get('[aria-rowindex=\"2\"] > .rs-table-cell-group > [aria-colindex=\"5\"] > .rs-table-cell-content').should('contain', 'Blood Donation');",
              "err": {},
              "uuid": "0ff0756b-b81f-4b5e-a8f9-d1c11479ea4a",
              "parentUUID": "315966f6-fb0c-4ea9-aa17-0ad1a2efe252",
              "isHook": false,
              "skipped": false
            },
            {
              "title": "Verify that the ellipses under the \"Actions\" column expands to  enable the user view details",
              "fullTitle": "Report menu Verify that the ellipses under the \"Actions\" column expands to  enable the user view details",
              "timedOut": null,
              "duration": 2858,
              "state": "passed",
              "speed": "fast",
              "pass": true,
              "fail": false,
              "pending": false,
              "context": null,
              "code": "loginPage.navigate('https://biskit-frontend-dev.eha.im/#/signin');\nloginPage.enterusername('nelo_BDC');\nloginPage.enterPassword('password');\nloginPage.clickLogin();\ncy.contains('Reports').click();\ncy.get('[data-testid=\"nav-item-donors\"] > .rs-stack-item > .sc-BeQoi').click();\ncy.get('.sc-fnykZs').type('Blood Donation');\ncy.get('[aria-rowindex=\"2\"] > .rs-table-cell-group > .rs-table-cell-last > .rs-table-cell-content > .rs-btn-icon').click();\ncy.contains('View details').should('have.text', 'View details').and('be.visible');",
              "err": {},
              "uuid": "dc282caf-34d6-441a-bf90-394806c7b768",
              "parentUUID": "315966f6-fb0c-4ea9-aa17-0ad1a2efe252",
              "isHook": false,
              "skipped": false
            },
            {
              "title": "Verify that when the user clicks on \"View details\" the system pops up a modal with title \"Donor information\" ",
              "fullTitle": "Report menu Verify that when the user clicks on \"View details\" the system pops up a modal with title \"Donor information\" ",
              "timedOut": null,
              "duration": 4296,
              "state": "passed",
              "speed": "fast",
              "pass": true,
              "fail": false,
              "pending": false,
              "context": null,
              "code": "loginPage.navigate('https://biskit-frontend-dev.eha.im/#/signin');\nloginPage.enterusername('nelo_BDC');\nloginPage.enterPassword('password');\nloginPage.clickLogin();\ncy.contains('Reports').click();\ncy.get('[data-testid=\"nav-item-donors\"] > .rs-stack-item > .sc-BeQoi').click();\ncy.get('.sc-fnykZs').type('Blood Donation');\ncy.get('[aria-rowindex=\"2\"] > .rs-table-cell-group > .rs-table-cell-last > .rs-table-cell-content > .rs-btn-icon').click();\ncy.contains('View details').click();\ncy.get('.sc-ivTmOn').should('have.text', 'Donor Information').and('be.visible');",
              "err": {},
              "uuid": "88480648-1c63-4608-aacf-3e37ed39f7d2",
              "parentUUID": "315966f6-fb0c-4ea9-aa17-0ad1a2efe252",
              "isHook": false,
              "skipped": false
            },
            {
              "title": "Verify that the modal contains personal information, blood information, documents information, contact information and other information details",
              "fullTitle": "Report menu Verify that the modal contains personal information, blood information, documents information, contact information and other information details",
              "timedOut": null,
              "duration": 4657,
              "state": "passed",
              "speed": "fast",
              "pass": true,
              "fail": false,
              "pending": false,
              "context": null,
              "code": "loginPage.navigate('https://biskit-frontend-dev.eha.im/#/signin');\nloginPage.enterusername('nelo_BDC');\nloginPage.enterPassword('password');\nloginPage.clickLogin();\ncy.contains('Reports').click();\ncy.get('[data-testid=\"nav-item-donors\"] > .rs-stack-item > .sc-BeQoi').click();\ncy.get('.sc-fnykZs').type('Blood Donation');\ncy.get('[aria-rowindex=\"2\"] > .rs-table-cell-group > .rs-table-cell-last > .rs-table-cell-content > .rs-btn-icon').click();\ncy.contains('View details').click();\ncy.get('.rs-modal-body > :nth-child(1) > :nth-child(7)').should('have.text', 'Blood Information').and('be.visible');\ncy.get(':nth-child(13)').should('have.text', 'Documents');\ncy.get(':nth-child(23)').should('have.text', 'Contact Information');\ncy.get('.rs-modal-body > :nth-child(2)').should('have.text', 'Other Information');",
              "err": {},
              "uuid": "3d2146be-510c-4f4d-a93f-aed816bad561",
              "parentUUID": "315966f6-fb0c-4ea9-aa17-0ad1a2efe252",
              "isHook": false,
              "skipped": false
            },
            {
              "title": "Verify that the user is able to close the modal by clicking on the \"Close\"  button",
              "fullTitle": "Report menu Verify that the user is able to close the modal by clicking on the \"Close\"  button",
              "timedOut": null,
              "duration": 3628,
              "state": "passed",
              "speed": "fast",
              "pass": true,
              "fail": false,
              "pending": false,
              "context": null,
              "code": "loginPage.navigate('https://biskit-frontend-dev.eha.im/#/signin');\nloginPage.enterusername('nelo_BDC');\nloginPage.enterPassword('password');\nloginPage.clickLogin();\ncy.contains('Reports').click();\ncy.get('[data-testid=\"nav-item-donors\"] > .rs-stack-item > .sc-BeQoi').click();\ncy.get('.sc-fnykZs').type('Blood Donation');\ncy.get('[aria-rowindex=\"2\"] > .rs-table-cell-group > .rs-table-cell-last > .rs-table-cell-content > .rs-btn-icon').click();\ncy.contains('View details').click();\ncy.get('.sc-ezWOiH').click();",
              "err": {},
              "uuid": "d7f8b446-8223-411b-bfac-c5f4529540d3",
              "parentUUID": "315966f6-fb0c-4ea9-aa17-0ad1a2efe252",
              "isHook": false,
              "skipped": false
            },
            {
              "title": "Verify that the user is able to view and click on the \"Download Report\" button",
              "fullTitle": "Report menu Verify that the user is able to view and click on the \"Download Report\" button",
              "timedOut": null,
              "duration": 2715,
              "state": "passed",
              "speed": "fast",
              "pass": true,
              "fail": false,
              "pending": false,
              "context": null,
              "code": "loginPage.navigate('https://biskit-frontend-dev.eha.im/#/signin');\nloginPage.enterusername('nelo_BDC');\nloginPage.enterPassword('password');\nloginPage.clickLogin();\ncy.contains('Reports').click();\ncy.get('[data-testid=\"nav-item-donors\"] > .rs-stack-item > .sc-BeQoi').click();\ncy.contains('Download Report').click();",
              "err": {},
              "uuid": "243dbd06-4b19-43fb-ad23-e8708c40801f",
              "parentUUID": "315966f6-fb0c-4ea9-aa17-0ad1a2efe252",
              "isHook": false,
              "skipped": false
            },
            {
              "title": "Verify that the report format can be in either CSV, Docx or PDF",
              "fullTitle": "Report menu Verify that the report format can be in either CSV, Docx or PDF",
              "timedOut": null,
              "duration": 2911,
              "state": "passed",
              "speed": "fast",
              "pass": true,
              "fail": false,
              "pending": false,
              "context": null,
              "code": "loginPage.navigate('https://biskit-frontend-dev.eha.im/#/signin');\nloginPage.enterusername('nelo_BDC');\nloginPage.enterPassword('password');\nloginPage.clickLogin();\ncy.contains('Reports').click();\ncy.get('[data-testid=\"nav-item-donors\"] > .rs-stack-item > .sc-BeQoi').click();\ncy.contains('Download Report').click();\ncy.contains('CSV');\ncy.contains('Docx');\ncy.contains('PDF');",
              "err": {},
              "uuid": "b56f5c08-cef6-4f1f-9171-18bdd96126d9",
              "parentUUID": "315966f6-fb0c-4ea9-aa17-0ad1a2efe252",
              "isHook": false,
              "skipped": false
            },
            {
              "title": "Verify that the system is able to download the report in DOCx format",
              "fullTitle": "Report menu Verify that the system is able to download the report in DOCx format",
              "timedOut": null,
              "duration": 0,
              "state": "pending",
              "speed": null,
              "pass": false,
              "fail": false,
              "pending": true,
              "context": null,
[...]
                "estack": "CypressError: Timed out retrying after 10050ms: `cy.click()` failed because this element:\n\n`<div class=\"rs-table-cell-content\" style=\"width: 95px; height: 46px; text-align: left;\">Abuja M...</div>`\n\nis being covered by another element:\n\n`<div role=\"gridcell\" class=\"rs-col rs-col-xs-24\">...</div>`\n\nFix this problem, or use {force: true} to disable error checking.\n\nhttps://on.cypress.io/element-cannot-be-interacted-with\n    at ensureIsDescendent (https://biskit-frontend-dev.eha.im/__cypress/runner/cypress_runner.js:111926:68)\n    at ensureDescendents (https://biskit-frontend-dev.eha.im/__cypress/runner/cypress_runner.js:111977:5)\n    at ensureDescendentsAndScroll (https://biskit-frontend-dev.eha.im/__cypress/runner/cypress_runner.js:111983:14)\n    at ensureElIsNotCovered (https://biskit-frontend-dev.eha.im/__cypress/runner/cypress_runner.js:112114:5)\n    at runAllChecks (https://biskit-frontend-dev.eha.im/__cypress/runner/cypress_runner.js:112313:52)\n    at retryActionability (https://biskit-frontend-dev.eha.im/__cypress/runner/cypress_runner.js:112350:16)\n    at tryCatcher (https://biskit-frontend-dev.eha.im/__cypress/runner/cypress_runner.js:1807:23)\n    at Promise.attempt.Promise.try (https://biskit-frontend-dev.eha.im/__cypress/runner/cypress_runner.js:4315:29)\n    at whenStable (https://biskit-frontend-dev.eha.im/__cypress/runner/cypress_runner.js:144345:68)\n    at <unknown> (https://biskit-frontend-dev.eha.im/__cypress/runner/cypress_runner.js:144286:14)\n    at tryCatcher (https://biskit-frontend-dev.eha.im/__cypress/runner/cypress_runner.js:1807:23)\n    at Promise._settlePromiseFromHandler (https://biskit-frontend-dev.eha.im/__cypress/runner/cypress_runner.js:1519:31)\n    at Promise._settlePromise (https://biskit-frontend-dev.eha.im/__cypress/runner/cypress_runner.js:1576:18)\n    at Promise._settlePromise0 (https://biskit-frontend-dev.eha.im/__cypress/runner/cypress_runner.js:1621:10)\n    at Promise._settlePromises (https://biskit-frontend-dev.eha.im/__cypress/runner/cypress_runner.js:1701:18)\n    at Promise._fulfill (https://biskit-frontend-dev.eha.im/__cypress/runner/cypress_runner.js:1645:18)\n    at <unknown> (https://biskit-frontend-dev.eha.im/__cypress/runner/cypress_runner.js:5450:46)\nFrom Your Spec Code:\n    at captureUserInvocationStack (https://biskit-frontend-dev.eha.im/__cypress/runner/cypress_runner.js:139719:94)\n    at Assertion.assert (https://biskit-frontend-dev.eha.im/__cypress/runner/cypress_runner.js:139747:9)\n    at Assertion.<anonymous> (https://biskit-frontend-dev.eha.im/__cypress/runner/cypress_runner.js:139689:25)\n    at Assertion.overwritingPropertyGetter (https://biskit-frontend-dev.eha.im/__cypress/runner/cypress_runner.js:78130:37)\n    at Object.proxyGetter [as get] (https://biskit-frontend-dev.eha.im/__cypress/runner/cypress_runner.js:77996:22)\n    at exists (https://biskit-frontend-dev.eha.im/__cypress/runner/cypress_runner.js:143549:26)\n    at elExists (https://biskit-frontend-dev.eha.im/__cypress/runner/cypress_runner.js:143564:10)\n    at ensureExistence (https://biskit-frontend-dev.eha.im/__cypress/runner/cypress_runner.js:143745:22)\n    at onFailFn (https://biskit-frontend-dev.eha.im/__cypress/runner/cypress_runner.js:143774:53)\n    at tryCatcher (https://biskit-frontend-dev.eha.im/__cypress/runner/cypress_runner.js:1807:23)",
                "diff": null
              },
              "uuid": "372051a8-6d30-4ce1-833b-2f2721e838eb",
              "parentUUID": "ea08ff6b-e21d-4b27-9ff6-82cd5059c665",
              "isHook": false,
              "skipped": false
            },
            {
              "title": "Verify that the user is able to filter by date period",
              "fullTitle": "Appointments Verify that the user is able to filter by date period",
              "timedOut": null,
              "duration": 12669,
              "state": "failed",
              "speed": null,
              "pass": false,
              "fail": true,
              "pending": false,
              "context": "{\n  \"title\": \"cypress-mochawesome-reporter-screenshots\",\n  \"value\": [\n    [\n      \"/Blood Donation User.cy.js/Appointments -- Verify that the user is able to filter by date period (failed) (3).png\"\n    ]\n  ]\n}",
              "code": "loginPage.navigate('https://biskit-frontend-dev.eha.im/#/signin');\nloginPage.enterusername('nelo_BDC');\nloginPage.enterPassword('password');\nloginPage.clickLogin();\ncy.contains('Reports').click();\ncy.contains('Appointments').click();\ncy.get('.rs-flex-box-grid-item > .sc-bczRLJ').click();\ncy.contains('Select Date').click();\ncy.wait(10000);\ncy.get('.sc-hAZoDl > .rs-picker-toggle > .rs-stack > [style=\"flex-grow: 1; overflow: hidden;\"] > .rs-picker-toggle-textbox').click();\ncy.get(':nth-child(3) > [aria-label=\"07 Dec 2023\"] > .rs-calendar-table-cell-content > .rs-calendar-table-cell-day').click();\nconsole.log('placeholder has \"Select Status\" instead of \"Select Date\"');",
              "err": {
                "message": "CypressError: Timed out retrying after 10050ms: `cy.click()` failed because this element:\n\n`<span class=\"rs-picker-toggle-placeholder\" aria-placeholder=\"Select Date\">Select ...</span>`\n\nis being covered by another element:\n\n`<input aria-hidden=\"true\" readonly=\"\" tabindex=\"0\" class=\"rs-picker-toggle-textbox rs-picker-toggle-read-only\" placeholder=\"Select Date\" value=\"\">`\n\nFix this problem, or use {force: true} to disable error checking.\n\nhttps://on.cypress.io/element-cannot-be-interacted-with",
                "estack": "CypressError: Timed out retrying after 10050ms: `cy.click()` failed because this element:\n\n`<span class=\"rs-picker-toggle-placeholder\" aria-placeholder=\"Select Date\">Select ...</span>`\n\nis being covered by another element:\n\n`<input aria-hidden=\"true\" readonly=\"\" tabindex=\"0\" class=\"rs-picker-toggle-textbox rs-picker-toggle-read-only\" placeholder=\"Select Date\" value=\"\">`\n\nFix this problem, or use {force: true} to disable error checking.\n\nhttps://on.cypress.io/element-cannot-be-interacted-with\n    at ensureIsDescendent (https://biskit-frontend-dev.eha.im/__cypress/runner/cypress_runner.js:111926:68)\n    at ensureDescendents (https://biskit-frontend-dev.eha.im/__cypress/runner/cypress_runner.js:111977:5)\n    at ensureDescendentsAndScroll (https://biskit-frontend-dev.eha.im/__cypress/runner/cypress_runner.js:111983:14)\n    at ensureElIsNotCovered (https://biskit-frontend-dev.eha.im/__cypress/runner/cypress_runner.js:112114:5)\n    at runAllChecks (https://biskit-frontend-dev.eha.im/__cypress/runner/cypress_runner.js:112313:52)\n    at retryActionability (https://biskit-frontend-dev.eha.im/__cypress/runner/cypress_runner.js:112350:16)\n    at tryCatcher (https://biskit-frontend-dev.eha.im/__cypress/runner/cypress_runner.js:1807:23)\n    at Promise.attempt.Promise.try (https://biskit-frontend-dev.eha.im/__cypress/runner/cypress_runner.js:4315:29)\n    at whenStable (https://biskit-frontend-dev.eha.im/__cypress/runner/cypress_runner.js:144345:68)\n    at <unknown> (https://biskit-frontend-dev.eha.im/__cypress/runner/cypress_runner.js:144286:14)\n    at tryCatcher (https://biskit-frontend-dev.eha.im/__cypress/runner/cypress_runner.js:1807:23)\n    at Promise._settlePromiseFromHandler (https://biskit-frontend-dev.eha.im/__cypress/runner/cypress_runner.js:1519:31)\n    at Promise._settlePromise (https://biskit-frontend-dev.eha.im/__cypress/runner/cypress_runner.js:1576:18)\n    at Promise._settlePromise0 (https://biskit-frontend-dev.eha.im/__cypress/runner/cypress_runner.js:1621:10)\n    at Promise._settlePromises (https://biskit-frontend-dev.eha.im/__cypress/runner/cypress_runner.js:1701:18)\n    at Promise._fulfill (https://biskit-frontend-dev.eha.im/__cypress/runner/cypress_runner.js:1645:18)\n    at <unknown> (https://biskit-frontend-dev.eha.im/__cypress/runner/cypress_runner.js:5450:46)\nFrom Your Spec Code:\n    at captureUserInvocationStack (https://biskit-frontend-dev.eha.im/__cypress/runner/cypress_runner.js:139719:94)\n    at Assertion.assert (https://biskit-frontend-dev.eha.im/__cypress/runner/cypress_runner.js:139747:9)\n    at Assertion.<anonymous> (https://biskit-frontend-dev.eha.im/__cypress/runner/cypress_runner.js:139689:25)\n    at Assertion.overwritingPropertyGetter (https://biskit-frontend-dev.eha.im/__cypress/runner/cypress_runner.js:78130:37)\n    at Object.proxyGetter [as get] (https://biskit-frontend-dev.eha.im/__cypress/runner/cypress_runner.js:77996:22)\n    at exists (https://biskit-frontend-dev.eha.im/__cypress/runner/cypress_runner.js:143549:26)\n    at elExists (https://biskit-frontend-dev.eha.im/__cypress/runner/cypress_runner.js:143564:10)\n    at ensureExistence (https://biskit-frontend-dev.eha.im/__cypress/runner/cypress_runner.js:143745:22)\n    at onFailFn (https://biskit-frontend-dev.eha.im/__cypress/runner/cypress_runner.js:143774:53)\n    at tryCatcher (https://biskit-frontend-dev.eha.im/__cypress/runner/cypress_runner.js:1807:23)",
                "diff": null
              },
              "uuid": "a18e1964-57dd-47a4-8174-7738dc5ed827",
              "parentUUID": "ea08ff6b-e21d-4b27-9ff6-82cd5059c665",
              "isHook": false,
              "skipped": false
            },
            {
              "title": "Verify that the filter is triggered by clicking on a \"Filter\" button which is clearly visible and clickable",
              "fullTitle": "Appointments Verify that the filter is triggered by clicking on a \"Filter\" button which is clearly visible and clickable",
              "timedOut": null,
              "duration": 12842,
              "state": "failed",
              "speed": null,
              "pass": false,
              "fail": true,
              "pending": false,
              "context": "{\n  \"title\": \"cypress-mochawesome-reporter-screenshots\",\n  \"value\": [\n    [\n      \"/Blood Donation User.cy.js/Appointments -- Verify that the filter is triggered by clicking on a Filter button which is clearly visible and clickable (failed) (2).png\"\n    ]\n  ]\n}",
              "code": "loginPage.navigate('https://biskit-frontend-dev.eha.im/#/signin');\nloginPage.enterusername('nelo_BDC');\nloginPage.enterPassword('password');\nloginPage.clickLogin();\ncy.contains('Reports').click();\ncy.contains('Appointments').click();\ncy.get('.rs-flex-box-grid-item > .sc-bczRLJ').click();\ncy.contains('Select Facility').click();\ncy.get('[style=\"margin-top: 24px;\"] > .sc-bczRLJ').click();",
              "err": {
                "message": "CypressError: Timed out retrying after 10050ms: `cy.click()` failed because this element:\n\n`<button class=\"sc-bczRLJ sc-eCYdqJ kBWqHc eQFnyF\">Filter</button>`\n\nis being covered by another element:\n\n`<span class=\"rs-picker-select-menu-item\">Blood T...</span>`\n\nFix this problem, or use {force: true} to disable error checking.\n\nhttps://on.cypress.io/element-cannot-be-interacted-with",
                "estack": "CypressError: Timed out retrying after 10050ms: `cy.click()` failed because this element:\n\n`<button class=\"sc-bczRLJ sc-eCYdqJ kBWqHc eQFnyF\">Filter</button>`\n\nis being covered by another element:\n\n`<span class=\"rs-picker-select-menu-item\">Blood T...</span>`\n\nFix this problem, or use {force: true} to disable error checking.\n\nhttps://on.cypress.io/element-cannot-be-interacted-with\n    at ensureIsDescendent (https://biskit-frontend-dev.eha.im/__cypress/runner/cypress_runner.js:111926:68)\n    at ensureDescendents (https://biskit-frontend-dev.eha.im/__cypress/runner/cypress_runner.js:111977:5)\n    at ensureDescendentsAndScroll (https://biskit-frontend-dev.eha.im/__cypress/runner/cypress_runner.js:111983:14)\n    at ensureElIsNotCovered (https://biskit-frontend-dev.eha.im/__cypress/runner/cypress_runner.js:112114:5)\n    at runAllChecks (https://biskit-frontend-dev.eha.im/__cypress/runner/cypress_runner.js:112313:52)\n    at retryActionability (https://biskit-frontend-dev.eha.im/__cypress/runner/cypress_runner.js:112350:16)\n    at tryCatcher (https://biskit-frontend-dev.eha.im/__cypress/runner/cypress_runner.js:1807:23)\n    at Promise.attempt.Promise.try (https://biskit-frontend-dev.eha.im/__cypress/runner/cypress_runner.js:4315:29)\n    at whenStable (https://biskit-frontend-dev.eha.im/__cypress/runner/cypress_runner.js:144345:68)\n    at <unknown> (https://biskit-frontend-dev.eha.im/__cypress/runner/cypress_runner.js:144286:14)\n    at tryCatcher (https://biskit-frontend-dev.eha.im/__cypress/runner/cypress_runner.js:1807:23)\n    at Promise._settlePromiseFromHandler (https://biskit-frontend-dev.eha.im/__cypress/runner/cypress_runner.js:1519:31)\n    at Promise._settlePromise (https://biskit-frontend-dev.eha.im/__cypress/runner/cypress_runner.js:1576:18)\n    at Promise._settlePromise0 (https://biskit-frontend-dev.eha.im/__cypress/runner/cypress_runner.js:1621:10)\n    at Promise._settlePromises (https://biskit-frontend-dev.eha.im/__cypress/runner/cypress_runner.js:1701:18)\n    at Promise._fulfill (https://biskit-frontend-dev.eha.im/__cypress/runner/cypress_runner.js:1645:18)\n    at <unknown> (https://biskit-frontend-dev.eha.im/__cypress/runner/cypress_runner.js:5450:46)\nFrom Your Spec Code:\n    at captureUserInvocationStack (https://biskit-frontend-dev.eha.im/__cypress/runner/cypress_runner.js:139719:94)\n    at Assertion.assert (https://biskit-frontend-dev.eha.im/__cypress/runner/cypress_runner.js:139747:9)\n    at Assertion.<anonymous> (https://biskit-frontend-dev.eha.im/__cypress/runner/cypress_runner.js:139689:25)\n    at Assertion.overwritingPropertyGetter (https://biskit-frontend-dev.eha.im/__cypress/runner/cypress_runner.js:78130:37)\n    at Object.proxyGetter [as get] (https://biskit-frontend-dev.eha.im/__cypress/runner/cypress_runner.js:77996:22)\n    at exists (https://biskit-frontend-dev.eha.im/__cypress/runner/cypress_runner.js:143549:26)\n    at elExists (https://biskit-frontend-dev.eha.im/__cypress/runner/cypress_runner.js:143564:10)\n    at ensureExistence (https://biskit-frontend-dev.eha.im/__cypress/runner/cypress_runner.js:143745:22)\n    at onFailFn (https://biskit-frontend-dev.eha.im/__cypress/runner/cypress_runner.js:143774:53)\n    at tryCatcher (https://biskit-frontend-dev.eha.im/__cypress/runner/cypress_runner.js:1807:23)",
                "diff": null
              },
              "uuid": "01da2c9e-b69a-4618-be72-f18cf11cb068",
              "parentUUID": "ea08ff6b-e21d-4b27-9ff6-82cd5059c665",
              "isHook": false,
              "skipped": false
            }
          ],
          "suites": [],
          "passes": [
            "7b0d4850-1287-472e-994e-eb9e980aaae5",
            "806a9483-baf8-4487-b2c1-b2c04d2d3f26",
            "733ce325-e406-4010-a590-0cbd15c7571a",
            "dc3a5191-176c-4412-a8a0-a5d0a62569f7",
            "7f50a150-557a-4fb1-8cb8-88f731888d42",
            "efc48cfd-01a2-4c00-9f1f-73b155ab2b2f",
            "a6825a94-ef4a-408e-933c-007981bafff4",
            "273770b1-db4d-4af0-89fc-1528952e7226",
            "2f6437e7-9455-4979-bec0-3f9a54caf253",
            "e1989a03-d471-4b1b-9d1a-e0864a4725b0",
            "eb021e07-4b4c-4c01-9303-76b3efe26b13",
            "86865b75-aaf6-4cf4-ba9f-151d0a6c0be3",
            "c958cbd6-fe6c-494c-a61a-c20093f94efc",
            "e2491655-f91f-475c-bef3-aa4b115f58d8",
            "c6dd7745-e05c-4b53-ae34-f7a0e5085ad7",
            "c0ec0415-bea6-48a0-9e0a-b843b78dcee9",
            "a9a5833c-9204-4e92-8ae7-7ff41d25827c",
            "7583a182-b204-49c9-bd09-5c7243266362",
            "e0761da4-5620-435d-9842-ccfcb4e84a9b",
            "ff4c2daa-431e-45fe-9392-ccf42e332ca1",
            "dcb2791f-8893-4415-889d-e9d41cc6843e"
          ],
          "failures": [
            "372051a8-6d30-4ce1-833b-2f2721e838eb",
            "a18e1964-57dd-47a4-8174-7738dc5ed827",
            "01da2c9e-b69a-4618-be72-f18cf11cb068"
          ],
          "pending": [],
          "skipped": [],
          "duration": 155015,
          "root": false,
          "rootEmpty": false,
          "_timeout": 2000
        },
        {
          "uuid": "61b8c0bc-0b4e-48ce-a5a6-c1dc6b05222c",
          "title": "Logout",
          "fullFile": "",
          "file": "",
          "beforeHooks": [],
          "afterHooks": [],
          "tests": [
            {
              "title": "Verify that the logout button is visible and clickable",
              "fullTitle": "Logout Verify that the logout button is visible and clickable",
              "timedOut": null,
              "duration": 2731,
              "state": "passed",
              "speed": "fast",
              "pass": true,
              "fail": false,
              "pending": false,
              "context": null,
              "code": "loginPage.navigate('https://biskit-frontend-dev.eha.im/#/signin');\nloginPage.enterusername('nelo_BDC');\nloginPage.enterPassword('password');\nloginPage.clickLogin();\ncy.contains('Reports').click();\ncy.get('[data-testid=\"user-info-logout\"]').click();\ncy.contains('logout').should('contain', 'logout').and('be.visible');",
              "err": {},
              "uuid": "7f84eaff-33d1-4f6b-9d0e-77e9d9685482",
              "parentUUID": "61b8c0bc-0b4e-48ce-a5a6-c1dc6b05222c",
              "isHook": false,
              "skipped": false
            },
            {
              "title": "Verify that the logout button is visible and clickable",
              "fullTitle": "Logout Verify that the logout button is visible and clickable",
              "timedOut": null,
              "duration": 3639,
              "state": "passed",
              "speed": "fast",
              "pass": true,
              "fail": false,
              "pending": false,
              "context": null,
              "code": "loginPage.navigate('https://biskit-frontend-dev.eha.im/#/signin');\nloginPage.enterusername('nelo_BDC');\nloginPage.enterPassword('password');\nloginPage.clickLogin();\ncy.contains('Reports').click();\ncy.get('[data-testid=\"user-info-logout\"]').click();\ncy.contains('logout').click();\ncy.get('.sc-bczRLJ').should('contain', 'Login');",
              "err": {},
              "uuid": "95d1d5c4-9eac-4f6a-99a0-b9c19ee9d0e6",
              "parentUUID": "61b8c0bc-0b4e-48ce-a5a6-c1dc6b05222c",
              "isHook": false,
              "skipped": false
            }
          ],
          "suites": [],
          "passes": [
            "7f84eaff-33d1-4f6b-9d0e-77e9d9685482",
            "95d1d5c4-9eac-4f6a-99a0-b9c19ee9d0e6"
          ],
          "failures": [],
          "pending": [],
          "skipped": [],
          "duration": 6370,
          "root": false,
          "rootEmpty": false,
          "_timeout": 2000
        }
      ],
      "passes": [],
      "failures": [],
      "pending": [],
      "skipped": [],
      "duration": 0,
      "root": true,
      "rootEmpty": true,
      "_timeout": 2000
    }
  ],
  "meta": {
    "mocha": {
      "version": "7.0.1"
    },
    "mochawesome": {
      "options": {
        "quiet": false,
        "reportFilename": "mochawesome",
        "saveHtml": false,
        "saveJson": true,
        "consoleReporter": "spec",
        "useInlineDiffs": false,
        "code": true
      },
      "version": "7.1.3"
    },
    "marge": {
      "options": {
        "reportDir": "cypress/report/.jsons",
        "charts": true,
        "reportPageTitle": "BISKIT WEB AUTOMATION",
        "overwrite": false,
        "html": false,
        "json": true
      },
      "version": "6.2.0"
    }
  }
}