{
  "stats": {
    "suites": 8,
    "tests": 124,
    "passes": 114,
    "pending": 0,
    "failures": 10,
    "start": "2024-01-08T00:17:57.787Z",
    "end": "2024-01-08T00:34:31.356Z",
    "duration": 993569,
    "testsRegistered": 124,
    "passPercent": 91.93548387096774,
    "pendingPercent": 0,
    "other": 0,
    "hasOther": false,
    "skipped": 0,
    "hasSkipped": false
  },
  "results": [
    {
      "uuid": "3c79ec47-8c36-407e-a879-c8dbaba4f3cf",
      "title": "",
      "fullFile": "cypress/e2e/BiskitHQuser.cy.js",
      "file": "cypress/e2e/BiskitHQuser.cy.js",
      "beforeHooks": [],
      "afterHooks": [],
      "tests": [],
      "suites": [
        {
          "uuid": "d8cf90bf-f84d-486b-a49f-d15a08a6a860",
          "title": "Login Tests",
          "fullFile": "",
          "file": "",
          "beforeHooks": [],
          "afterHooks": [],
          "tests": [
            {
              "title": "Verify that the user is able to access the url https://biskit-frontend-dev.eha.im/",
              "fullTitle": "Login Tests Verify that the user is able to access the url https://biskit-frontend-dev.eha.im/",
              "timedOut": null,
              "duration": 1775,
              "state": "passed",
              "speed": "fast",
              "pass": true,
              "fail": false,
              "pending": false,
              "context": null,
              "code": "loginPage.navigate('https://biskit-frontend-dev.eha.im/#/signin');\ncy.get('.sc-ikZpkk').should('have.text', 'Welcome back! Please enter your details');",
              "err": {},
              "uuid": "e2ddfd88-5c8d-4047-8b53-2a74fb389cc2",
              "parentUUID": "d8cf90bf-f84d-486b-a49f-d15a08a6a860",
              "isHook": false,
              "skipped": false
            },
            {
              "title": "Verify that the user is not able to access the app with an invalid login credential (Password)",
              "fullTitle": "Login Tests Verify that the user is not able to access the app with an invalid login credential (Password)",
              "timedOut": null,
              "duration": 11667,
              "state": "passed",
              "speed": "slow",
              "pass": true,
              "fail": false,
              "pending": false,
              "context": null,
              "code": "loginPage.navigate('https://biskit-frontend-dev.eha.im/#/signin');\nloginPage.enterusername('nelo_HQuser');\nloginPage.enterPassword('password2');\nloginPage.clickLogin();\ncy.wait(10000);\ncy.get('.rs-notification-content').should('contain', 'Error').and('not.have.text', 'Welcome to BISKIT');",
              "err": {},
              "uuid": "916237be-4d7f-4a1e-9593-5bcf9d3e2283",
              "parentUUID": "d8cf90bf-f84d-486b-a49f-d15a08a6a860",
              "isHook": false,
              "skipped": false
            },
            {
              "title": "Verify that the user is not able to access the app with an invalid login credential (Username)",
              "fullTitle": "Login Tests Verify that the user is not able to access the app with an invalid login credential (Username)",
              "timedOut": null,
              "duration": 1722,
              "state": "passed",
              "speed": "fast",
              "pass": true,
              "fail": false,
              "pending": false,
              "context": null,
              "code": "loginPage.navigate('https://biskit-frontend-dev.eha.im/#/signin');\nloginPage.enterusername('nelo_HQuser123');\nloginPage.enterPassword('password');\nloginPage.clickLogin();\n// cy.wait(10000)\ncy.get('.rs-notification-content').should('contain', 'Error').and('not.have.text', 'Welcome to BISKIT');",
              "err": {},
              "uuid": "283a2fde-4335-403a-83dc-1a7e553f1edd",
              "parentUUID": "d8cf90bf-f84d-486b-a49f-d15a08a6a860",
              "isHook": false,
              "skipped": false
            },
            {
              "title": "Verify that the user is able to login to the app with a valid username and password",
              "fullTitle": "Login Tests Verify that the user is able to login to the app with a valid username and password",
              "timedOut": null,
              "duration": 2342,
              "state": "passed",
              "speed": "fast",
              "pass": true,
              "fail": false,
              "pending": false,
              "context": null,
              "code": "loginPage.navigate('https://biskit-frontend-dev.eha.im/#/signin');\nloginPage.enterusername('nelo_HQuser');\nloginPage.enterPassword('password');\nloginPage.clickLogin();\ncy.get('[data-testid=\"home-welcome\"]').should('be.visible').and('have.text', 'Welcome to BISKIT');",
              "err": {},
              "uuid": "44e4db74-2515-4ad2-85de-12789854b387",
              "parentUUID": "d8cf90bf-f84d-486b-a49f-d15a08a6a860",
              "isHook": false,
              "skipped": false
            }
          ],
          "suites": [],
          "passes": [
            "e2ddfd88-5c8d-4047-8b53-2a74fb389cc2",
            "916237be-4d7f-4a1e-9593-5bcf9d3e2283",
            "283a2fde-4335-403a-83dc-1a7e553f1edd",
            "44e4db74-2515-4ad2-85de-12789854b387"
          ],
          "failures": [],
          "pending": [],
          "skipped": [],
          "duration": 17506,
          "root": false,
          "rootEmpty": false,
          "_timeout": 2000
        },
        {
          "uuid": "5e91ac81-452c-4d92-a537-61f891aeb105",
          "title": "Landing page",
          "fullFile": "",
          "file": "",
          "beforeHooks": [],
          "afterHooks": [],
          "tests": [
            {
              "title": "Verify that the user is able to view the login landing page with a \"Welcome to BISKIT\" message",
              "fullTitle": "Landing page Verify that the user is able to view the login landing page with a \"Welcome to BISKIT\" message",
              "timedOut": null,
              "duration": 11844,
              "state": "passed",
              "speed": "slow",
              "pass": true,
              "fail": false,
              "pending": false,
              "context": null,
              "code": "loginPage.navigate('https://biskit-frontend-dev.eha.im/#/signin');\nloginPage.enterusername('nelo_HQuser');\nloginPage.enterPassword('password');\nloginPage.clickLogin();\ncy.wait(10000);\ncy.get('[data-testid=\"home-welcome\"]').should('be.visible');",
              "err": {},
              "uuid": "f32e8be0-1473-4be9-8e2b-0de29d30f902",
              "parentUUID": "5e91ac81-452c-4d92-a537-61f891aeb105",
              "isHook": false,
              "skipped": false
            },
            {
              "title": "Verify that the user is able to view the login landing page with the \"Dashboard\" menu button clearly visible",
              "fullTitle": "Landing page Verify that the user is able to view the login landing page with the \"Dashboard\" menu button clearly visible",
              "timedOut": null,
              "duration": 11758,
              "state": "passed",
              "speed": "slow",
              "pass": true,
              "fail": false,
              "pending": false,
              "context": null,
              "code": "loginPage.navigate('https://biskit-frontend-dev.eha.im/#/signin');\nloginPage.enterusername('nelo_HQuser');\nloginPage.enterPassword('password');\nloginPage.clickLogin();\ncy.wait(10000);\ncy.contains('Dashboard').click();\ncy.get('.rs-flex-box-grid > :nth-child(1) > .sc-llJcti').should('have.text', 'Track, Manage and Get a birds eye view of all activities').and('not.be.NaN').and('be.visible');",
              "err": {},
              "uuid": "f6d91718-516d-43d2-9bdb-066f4ce59ce6",
              "parentUUID": "5e91ac81-452c-4d92-a537-61f891aeb105",
              "isHook": false,
              "skipped": false
            },
            {
              "title": "Verify that the user is able to view the login landing page with the \"Facilities\" menu button clearly visible",
              "fullTitle": "Landing page Verify that the user is able to view the login landing page with the \"Facilities\" menu button clearly visible",
              "timedOut": null,
              "duration": 2152,
              "state": "passed",
              "speed": "fast",
              "pass": true,
              "fail": false,
              "pending": false,
              "context": null,
              "code": "loginPage.navigate('https://biskit-frontend-dev.eha.im/#/signin');\nloginPage.enterusername('nelo_HQuser');\nloginPage.enterPassword('password');\nloginPage.clickLogin();\n// cy.wait(10000)\ncy.get('[data-testid=\"nav-group-facilities\"] > .rs-dropdown-toggle > [data-testid=\"nav-item-undefined\"] > :nth-child(2) > .sc-BeQoi').should('have.text', 'Facilities').and('be.visible');",
              "err": {},
              "uuid": "cdff3171-09c4-48a4-9738-a28e80ac5669",
              "parentUUID": "5e91ac81-452c-4d92-a537-61f891aeb105",
              "isHook": false,
              "skipped": false
            },
            {
              "title": "Verify that the user is able to view the login landing page with a the \"Reports\" menu button clearly visible",
              "fullTitle": "Landing page Verify that the user is able to view the login landing page with a the \"Reports\" menu button clearly visible",
              "timedOut": null,
              "duration": 11667,
              "state": "passed",
              "speed": "slow",
              "pass": true,
              "fail": false,
              "pending": false,
              "context": null,
              "code": "loginPage.navigate('https://biskit-frontend-dev.eha.im/#/signin');\nloginPage.enterusername('nelo_HQuser');\nloginPage.enterPassword('password');\nloginPage.clickLogin();\ncy.wait(10000);\ncy.contains('Reports').should('have.text', 'Reports').and('be.visible');",
              "err": {},
              "uuid": "abaef8e9-0bd0-4605-a897-5d60522287aa",
              "parentUUID": "5e91ac81-452c-4d92-a537-61f891aeb105",
              "isHook": false,
              "skipped": false
            },
            {
              "title": "Verify that the user is able to view the login landing page with a the \"Users\" menu button clearly visible",
              "fullTitle": "Landing page Verify that the user is able to view the login landing page with a the \"Users\" menu button clearly visible",
              "timedOut": null,
              "duration": 2573,
              "state": "passed",
              "speed": "fast",
              "pass": true,
              "fail": false,
              "pending": false,
              "context": null,
              "code": "loginPage.navigate('https://biskit-frontend-dev.eha.im/#/signin');\nloginPage.enterusername('nelo_HQuser');\nloginPage.enterPassword('password');\nloginPage.clickLogin();\n// cy.wait(10000)\ncy.contains('Users').should('have.text', 'Users').and('be.visible');",
              "err": {},
              "uuid": "f236bf2c-5bf2-43ac-b067-43d101713781",
              "parentUUID": "5e91ac81-452c-4d92-a537-61f891aeb105",
              "isHook": false,
              "skipped": false
            },
            {
              "title": "Verify that the user is able to view clearly thye BISKIT logo on top of the landing page",
              "fullTitle": "Landing page Verify that the user is able to view clearly thye BISKIT logo on top of the landing page",
              "timedOut": null,
              "duration": 2997,
              "state": "passed",
              "speed": "fast",
              "pass": true,
              "fail": false,
              "pending": false,
              "context": null,
              "code": "loginPage.navigate('https://biskit-frontend-dev.eha.im/#/signin');\nloginPage.enterusername('nelo_HQuser');\nloginPage.enterPassword('password');\nloginPage.clickLogin();\n// cy.wait(10000)\ncy.get('[data-testid=\"home-welcome\"]').should('have.text', 'Welcome to BISKIT').and('be.visible');",
              "err": {},
              "uuid": "ff7b1446-5776-4e37-b69e-1c1896b96900",
              "parentUUID": "5e91ac81-452c-4d92-a537-61f891aeb105",
              "isHook": false,
              "skipped": false
            },
            {
              "title": "Verify that the user is able to view the profile details of the logged in user on the landing page",
              "fullTitle": "Landing page Verify that the user is able to view the profile details of the logged in user on the landing page",
              "timedOut": null,
              "duration": 2972,
              "state": "passed",
              "speed": "fast",
              "pass": true,
              "fail": false,
              "pending": false,
              "context": null,
              "code": "loginPage.navigate('https://biskit-frontend-dev.eha.im/#/signin');\nloginPage.enterusername('nelo_HQuser');\nloginPage.enterPassword('password');\nloginPage.clickLogin();\n// cy.wait(10000)\ncy.get('[data-testid=\"user-info-nelo_HQuser\"]').should('be.visible');",
              "err": {},
              "uuid": "1d4b2c03-4aff-4dd4-ac24-4c336714bd4c",
              "parentUUID": "5e91ac81-452c-4d92-a537-61f891aeb105",
              "isHook": false,
              "skipped": false
            },
            {
              "title": "Verify that the user is able to view the \"Notification\" icon on the login landing page",
              "fullTitle": "Landing page Verify that the user is able to view the \"Notification\" icon on the login landing page",
              "timedOut": null,
              "duration": 3374,
              "state": "passed",
              "speed": "fast",
              "pass": true,
              "fail": false,
              "pending": false,
              "context": null,
              "code": "loginPage.navigate('https://biskit-frontend-dev.eha.im/#/signin');\nloginPage.enterusername('nelo_HQuser');\nloginPage.enterPassword('password');\nloginPage.clickLogin();\n// cy.wait(10000)\ncy.get('.fa-regular').should('be.visible');",
              "err": {},
              "uuid": "df97d1d4-a83c-4896-a83d-0168b2ddf9f8",
              "parentUUID": "5e91ac81-452c-4d92-a537-61f891aeb105",
              "isHook": false,
              "skipped": false
            },
            {
              "title": "Verify that the user is able to click on the \"Dashboard\" menu button",
              "fullTitle": "Landing page Verify that the user is able to click on the \"Dashboard\" menu button",
              "timedOut": null,
              "duration": 3292,
              "state": "passed",
              "speed": "fast",
              "pass": true,
              "fail": false,
              "pending": false,
              "context": null,
              "code": "loginPage.navigate('https://biskit-frontend-dev.eha.im/#/signin');\nloginPage.enterusername('nelo_HQuser');\nloginPage.enterPassword('password');\nloginPage.clickLogin();\n// cy.wait(10000)\ncy.contains('Dashboard').click().should('be.visible');",
              "err": {},
              "uuid": "3005fb24-8452-4817-a189-995cbabc6b49",
              "parentUUID": "5e91ac81-452c-4d92-a537-61f891aeb105",
              "isHook": false,
              "skipped": false
            },
            {
              "title": "Verify that the user is able to view the page title message which reads \"Dashboard, Track, Manage and Get a birds eye view of all activities\"",
              "fullTitle": "Landing page Verify that the user is able to view the page title message which reads \"Dashboard, Track, Manage and Get a birds eye view of all activities\"",
              "timedOut": null,
              "duration": 2723,
              "state": "passed",
              "speed": "fast",
              "pass": true,
              "fail": false,
              "pending": false,
              "context": null,
              "code": "loginPage.navigate('https://biskit-frontend-dev.eha.im/#/signin');\nloginPage.enterusername('nelo_HQuser');\nloginPage.enterPassword('password');\nloginPage.clickLogin();\n// cy.wait(10000)\ncy.contains('Dashboard').click();\ncy.get('.rs-flex-box-grid > :nth-child(1) > .sc-llJcti').should('have.text', 'Track, Manage and Get a birds eye view of all activities').and('be.visible');",
              "err": {},
              "uuid": "c62e21be-f3e7-4110-b71f-4c50d50b1edc",
              "parentUUID": "5e91ac81-452c-4d92-a537-61f891aeb105",
              "isHook": false,
              "skipped": false
            },
            {
              "title": "Verify that the user is able to view the date field on top of the page",
              "fullTitle": "Landing page Verify that the user is able to view the date field on top of the page",
              "timedOut": null,
              "duration": 3224,
              "state": "passed",
              "speed": "fast",
              "pass": true,
              "fail": false,
              "pending": false,
              "context": null,
              "code": "loginPage.navigate('https://biskit-frontend-dev.eha.im/#/signin');\nloginPage.enterusername('nelo_HQuser');\nloginPage.enterPassword('password');\nloginPage.clickLogin();\n// cy.wait(10000)\ncy.contains('Dashboard').click();\ncy.contains('Jan').should('be.visible').and('not.be.NaN');",
              "err": {},
              "uuid": "a98557da-7e58-41c6-b552-a7fd032fc7ad",
              "parentUUID": "5e91ac81-452c-4d92-a537-61f891aeb105",
              "isHook": false,
              "skipped": false
            },
            {
              "title": "Verify that the date on the date field can be selected and changed to any date in the past",
              "fullTitle": "Landing page Verify that the date on the date field can be selected and changed to any date in the past",
              "timedOut": null,
              "duration": 14279,
              "state": "failed",
              "speed": null,
              "pass": false,
              "fail": true,
              "pending": false,
              "context": "{\n  \"title\": \"cypress-mochawesome-reporter-screenshots\",\n  \"value\": [\n    [\n      \"/BiskitHQuser.cy.js/Landing page -- Verify that the date on the date field can be selected and changed to any date in the past (failed) (1).png\"\n    ]\n  ]\n}",
              "code": "loginPage.navigate('https://biskit-frontend-dev.eha.im/#/signin');\nloginPage.enterusername('nelo_HQuser');\nloginPage.enterPassword('password');\nloginPage.clickLogin();\n// cy.wait(10000)\ncy.contains('Dashboard').click();\ncy.contains('Jan').click().should('be.focused');\nconsole.log('The dropdown does not open and userv is unable to select dates');",
              "err": {
                "message": "AssertionError: Timed out retrying after 10050ms: expected '<button#menubutton-:r0:.rs-dropdown-toggle.rs-btn.rs-btn-default.rs-btn-sm>' to be 'focused'",
                "estack": "AssertionError: Timed out retrying after 10050ms: expected '<button#menubutton-:r0:.rs-dropdown-toggle.rs-btn.rs-btn-default.rs-btn-sm>' to be 'focused'\n    at Context.eval (webpack://biskit/./cypress/e2e/BiskitHQuser.cy.js:188:5)",
                "diff": null
              },
              "uuid": "fe4ab961-2fa0-4914-ad61-ac54f7fa49cc",
              "parentUUID": "5e91ac81-452c-4d92-a537-61f891aeb105",
              "isHook": false,
              "skipped": false
            },
            {
              "title": "Verify that the user is not able to select a date in the future",
              "fullTitle": "Landing page Verify that the user is not able to select a date in the future",
              "timedOut": null,
              "duration": 14751,
              "state": "failed",
              "speed": null,
              "pass": false,
              "fail": true,
              "pending": false,
              "context": "{\n  \"title\": \"cypress-mochawesome-reporter-screenshots\",\n  \"value\": [\n    [\n      \"/BiskitHQuser.cy.js/Landing page -- Verify that the user is not able to select a date in the future (failed) (1).png\"\n    ]\n  ]\n}",
              "code": "loginPage.navigate('https://biskit-frontend-dev.eha.im/#/signin');\nloginPage.enterusername('nelo_HQuser');\nloginPage.enterPassword('password');\nloginPage.clickLogin();\n// cy.wait(10000)\ncy.contains('Dashboard').click();\ncy.contains('Jan').click().should('be.focused');\nconsole.log('User is unable to select any dates as dropdwon does not open when clicked on');",
              "err": {
                "message": "AssertionError: Timed out retrying after 10050ms: expected '<button#menubutton-:r0:.rs-dropdown-toggle.rs-btn.rs-btn-default.rs-btn-sm>' to be 'focused'",
                "estack": "AssertionError: Timed out retrying after 10050ms: expected '<button#menubutton-:r0:.rs-dropdown-toggle.rs-btn.rs-btn-default.rs-btn-sm>' to be 'focused'\n    at Context.eval (webpack://biskit/./cypress/e2e/BiskitHQuser.cy.js:200:5)",
                "diff": null
              },
              "uuid": "74340163-cc12-479c-8650-5c82c61e577a",
              "parentUUID": "5e91ac81-452c-4d92-a537-61f891aeb105",
              "isHook": false,
              "skipped": false
            },
            {
              "title": "Verify that the user is able to view and select a location of choice",
              "fullTitle": "Landing page Verify that the user is able to view and select a location of choice",
              "timedOut": null,
              "duration": 12864,
              "state": "failed",
              "speed": null,
              "pass": false,
              "fail": true,
              "pending": false,
              "context": "{\n  \"title\": \"cypress-mochawesome-reporter-screenshots\",\n  \"value\": [\n    [\n      \"/BiskitHQuser.cy.js/Landing page -- Verify that the user is able to view and select a location of choice (failed) (1).png\"\n    ]\n  ]\n}",
              "code": "loginPage.navigate('https://biskit-frontend-dev.eha.im/#/signin');\nloginPage.enterusername('nelo_HQuser');\nloginPage.enterPassword('password');\nloginPage.clickLogin();\n// cy.wait(10000)\ncy.contains('Dashboard').click();\ncy.contains('Johannesburg').should('be.focused');\nconsole.log('the dropdown is not clickable');",
              "err": {
                "message": "AssertionError: Timed out retrying after 10000ms: expected '<button#menubutton-:r2:.rs-dropdown-toggle.rs-btn.rs-btn-default.rs-btn-sm>' to be 'focused'",
                "estack": "AssertionError: Timed out retrying after 10000ms: expected '<button#menubutton-:r2:.rs-dropdown-toggle.rs-btn.rs-btn-default.rs-btn-sm>' to be 'focused'\n    at Context.eval (webpack://biskit/./cypress/e2e/BiskitHQuser.cy.js:212:5)",
                "diff": null
              },
              "uuid": "92382c14-566a-4b5e-9c81-41e85cce362b",
              "parentUUID": "5e91ac81-452c-4d92-a537-61f891aeb105",
              "isHook": false,
              "skipped": false
            },
            {
              "title": "Verify that the user is able to view the report in a table format and contains No of Donors",
              "fullTitle": "Landing page Verify that the user is able to view the report in a table format and contains No of Donors",
              "timedOut": null,
              "duration": 2372,
              "state": "passed",
              "speed": "fast",
              "pass": true,
              "fail": false,
              "pending": false,
              "context": null,
              "code": "loginPage.navigate('https://biskit-frontend-dev.eha.im/#/signin');\nloginPage.enterusername('nelo_HQuser');\nloginPage.enterPassword('password');\nloginPage.clickLogin();\n// cy.wait(10000)\ncy.contains('Dashboard').click();\ncy.get('.show-grid > :nth-child(1) > .strong').should('be.visible').and('have.text', 'No. of Donors');",
              "err": {},
              "uuid": "b106ad58-fd2d-43c9-b505-35960dbe62ce",
              "parentUUID": "5e91ac81-452c-4d92-a537-61f891aeb105",
              "isHook": false,
              "skipped": false
            },
            {
              "title": "Verify that the value under the No of Donors column is a number",
              "fullTitle": "Landing page Verify that the value under the No of Donors column is a number",
              "timedOut": null,
              "duration": 11239,
              "state": "passed",
              "speed": "slow",
              "pass": true,
              "fail": false,
              "pending": false,
              "context": null,
              "code": "loginPage.navigate('https://biskit-frontend-dev.eha.im/#/signin');\nloginPage.enterusername('nelo_HQuser');\nloginPage.enterPassword('password');\nloginPage.clickLogin();\ncy.wait(10000);\ncy.contains('Dashboard').click();\ncy.get('.show-grid > :nth-child(1) > .sc-llJcti').should('be.visible').and('not.be.NaN');",
              "err": {},
              "uuid": "13a2a461-ec7d-4365-803a-565db8d45e2e",
              "parentUUID": "5e91ac81-452c-4d92-a537-61f891aeb105",
              "isHook": false,
              "skipped": false
            },
            {
              "title": "Verify that the user is able to view the report in a table format and contains Donations",
              "fullTitle": "Landing page Verify that the user is able to view the report in a table format and contains Donations",
              "timedOut": null,
              "duration": 11251,
              "state": "passed",
              "speed": "slow",
              "pass": true,
              "fail": false,
              "pending": false,
              "context": null,
              "code": "loginPage.navigate('https://biskit-frontend-dev.eha.im/#/signin');\nloginPage.enterusername('nelo_HQuser');\nloginPage.enterPassword('password');\nloginPage.clickLogin();\ncy.wait(10000);\ncy.contains('Dashboard').click();\ncy.get(':nth-child(2) > .strong').should('be.visible').and('have.text', 'Donations');",
              "err": {},
              "uuid": "d9cad26d-5b2e-49a6-969b-80f39fbe970a",
              "parentUUID": "5e91ac81-452c-4d92-a537-61f891aeb105",
              "isHook": false,
              "skipped": false
            },
            {
              "title": "Verify that the value under the Donations column is a number",
              "fullTitle": "Landing page Verify that the value under the Donations column is a number",
              "timedOut": null,
              "duration": 11378,
              "state": "passed",
              "speed": "slow",
              "pass": true,
              "fail": false,
              "pending": false,
              "context": null,
              "code": "loginPage.navigate('https://biskit-frontend-dev.eha.im/#/signin');\nloginPage.enterusername('nelo_HQuser');\nloginPage.enterPassword('password');\nloginPage.clickLogin();\ncy.wait(10000);\ncy.contains('Dashboard').click();\ncy.get(':nth-child(2) > .sc-llJcti').should('be.visible').and('not.be.NaN');",
              "err": {},
              "uuid": "9cd0f867-4468-493a-9382-4a92e38bc4f4",
              "parentUUID": "5e91ac81-452c-4d92-a537-61f891aeb105",
              "isHook": false,
              "skipped": false
            },
            {
              "title": "Verify that the user is able to view the report in a table format and contains Blood products ",
              "fullTitle": "Landing page Verify that the user is able to view the report in a table format and contains Blood products ",
              "timedOut": null,
              "duration": 11232,
              "state": "passed",
              "speed": "slow",
              "pass": true,
              "fail": false,
              "pending": false,
              "context": null,
              "code": "loginPage.navigate('https://biskit-frontend-dev.eha.im/#/signin');\nloginPage.enterusername('nelo_HQuser');\nloginPage.enterPassword('password');\nloginPage.clickLogin();\ncy.wait(10000);\ncy.contains('Dashboard').click();\ncy.get(':nth-child(3) > .strong').should('be.visible').and('have.text', 'Blood Products');",
              "err": {},
              "uuid": "cc815714-a528-47e9-b0e2-27eaa12b5e37",
              "parentUUID": "5e91ac81-452c-4d92-a537-61f891aeb105",
              "isHook": false,
              "skipped": false
            },
            {
              "title": "Verify that the value under the Blood Products column is a number",
              "fullTitle": "Landing page Verify that the value under the Blood Products column is a number",
              "timedOut": null,
              "duration": 11348,
              "state": "passed",
              "speed": "slow",
              "pass": true,
              "fail": false,
              "pending": false,
              "context": null,
              "code": "loginPage.navigate('https://biskit-frontend-dev.eha.im/#/signin');\nloginPage.enterusername('nelo_HQuser');\nloginPage.enterPassword('password');\nloginPage.clickLogin();\ncy.wait(10000);\ncy.contains('Dashboard').click();\ncy.get(':nth-child(3) > .sc-llJcti').should('be.visible').and('not.be.NaN');",
              "err": {},
              "uuid": "c63cce60-7b3d-4236-80df-f3b78e8e019a",
              "parentUUID": "5e91ac81-452c-4d92-a537-61f891aeb105",
              "isHook": false,
              "skipped": false
            },
            {
              "title": "Verify that the user is able to view the report in a table format and contains Blood requests",
              "fullTitle": "Landing page Verify that the user is able to view the report in a table format and contains Blood requests",
              "timedOut": null,
              "duration": 11338,
              "state": "passed",
              "speed": "slow",
              "pass": true,
              "fail": false,
              "pending": false,
              "context": null,
              "code": "loginPage.navigate('https://biskit-frontend-dev.eha.im/#/signin');\nloginPage.enterusername('nelo_HQuser');\nloginPage.enterPassword('password');\nloginPage.clickLogin();\ncy.wait(10000);\ncy.contains('Dashboard').click();\ncy.get(':nth-child(4) > .strong').should('be.visible').and('have.text', 'Blood Requests');",
              "err": {},
              "uuid": "15937e86-1c0d-4845-9cc0-4dcc16b853f9",
              "parentUUID": "5e91ac81-452c-4d92-a537-61f891aeb105",
              "isHook": false,
              "skipped": false
            },
            {
              "title": "Verify that the value under the Blood request column is a number ",
              "fullTitle": "Landing page Verify that the value under the Blood request column is a number ",
              "timedOut": null,
              "duration": 11326,
              "state": "passed",
              "speed": "slow",
              "pass": true,
              "fail": false,
              "pending": false,
              "context": null,
              "code": "loginPage.navigate('https://biskit-frontend-dev.eha.im/#/signin');\nloginPage.enterusername('nelo_HQuser');\nloginPage.enterPassword('password');\nloginPage.clickLogin();\ncy.wait(10000);\ncy.contains('Dashboard').click();\ncy.get(':nth-child(4) > .sc-llJcti').should('be.visible').and('not.be.NaN');",
              "err": {},
              "uuid": "86be6de5-e9dd-43fa-b0aa-96fded7dc97a",
              "parentUUID": "5e91ac81-452c-4d92-a537-61f891aeb105",
              "isHook": false,
              "skipped": false
            },
            {
              "title": "Verify that the user is able to view the report in a table format and contains Adverse events",
              "fullTitle": "Landing page Verify that the user is able to view the report in a table format and contains Adverse events",
              "timedOut": null,
              "duration": 11400,
              "state": "passed",
              "speed": "slow",
              "pass": true,
              "fail": false,
              "pending": false,
              "context": null,
              "code": "loginPage.navigate('https://biskit-frontend-dev.eha.im/#/signin');\nloginPage.enterusername('nelo_HQuser');\nloginPage.enterPassword('password');\nloginPage.clickLogin();\ncy.wait(10000);\ncy.contains('Dashboard').click();\ncy.get(':nth-child(5) > .strong').should('be.visible').and('have.text', 'Adverse Events');",
              "err": {},
              "uuid": "89d1ec23-2e13-48d0-b8a8-280612b7187a",
              "parentUUID": "5e91ac81-452c-4d92-a537-61f891aeb105",
              "isHook": false,
              "skipped": false
            },
            {
              "title": "Verify that the value under the Adverse events column is a number ",
              "fullTitle": "Landing page Verify that the value under the Adverse events column is a number ",
              "timedOut": null,
              "duration": 11395,
              "state": "passed",
              "speed": "slow",
              "pass": true,
              "fail": false,
              "pending": false,
              "context": null,
              "code": "loginPage.navigate('https://biskit-frontend-dev.eha.im/#/signin');\nloginPage.enterusername('nelo_HQuser');\nloginPage.enterPassword('password');\nloginPage.clickLogin();\ncy.wait(10000);\ncy.contains('Dashboard').click();\ncy.get(':nth-child(5) > .sc-llJcti').should('be.visible').and('not.be.NaN');",
              "err": {},
              "uuid": "e39b43a9-2ca7-4024-9fdc-5243bcdc142f",
              "parentUUID": "5e91ac81-452c-4d92-a537-61f891aeb105",
              "isHook": false,
              "skipped": false
            },
            {
              "title": "Verify that the user is able to view the report in a tale format and contains Appointments",
              "fullTitle": "Landing page Verify that the user is able to view the report in a tale format and contains Appointments",
              "timedOut": null,
              "duration": 11338,
              "state": "passed",
              "speed": "slow",
              "pass": true,
              "fail": false,
              "pending": false,
              "context": null,
              "code": "loginPage.navigate('https://biskit-frontend-dev.eha.im/#/signin');\nloginPage.enterusername('nelo_HQuser');\nloginPage.enterPassword('password');\nloginPage.clickLogin();\ncy.wait(10000);\ncy.contains('Dashboard').click();\ncy.get(':nth-child(6) > .strong').should('be.visible').and('have.text', 'Appointments');",
              "err": {},
              "uuid": "959629d5-7bf0-4438-91b6-9453dde93a9e",
              "parentUUID": "5e91ac81-452c-4d92-a537-61f891aeb105",
              "isHook": false,
              "skipped": false
            },
            {
              "title": "Verify that the value under the Appointments column is a number",
              "fullTitle": "Landing page Verify that the value under the Appointments column is a number",
              "timedOut": null,
              "duration": 11410,
              "state": "passed",
              "speed": "slow",
              "pass": true,
              "fail": false,
              "pending": false,
              "context": null,
              "code": "loginPage.navigate('https://biskit-frontend-dev.eha.im/#/signin');\nloginPage.enterusername('nelo_HQuser');\nloginPage.enterPassword('password');\nloginPage.clickLogin();\ncy.wait(10000);\ncy.contains('Dashboard').click();\ncy.get(':nth-child(6) > .sc-llJcti').should('be.visible').and('not.be.NaN');",
              "err": {},
              "uuid": "1720e0a8-fa05-49cf-b7d3-d0d27095a3c6",
              "parentUUID": "5e91ac81-452c-4d92-a537-61f891aeb105",
              "isHook": false,
              "skipped": false
            },
            {
              "title": "Verify that the user is able to view the pie-chart representation of proportion of donor by gender ",
              "fullTitle": "Landing page Verify that the user is able to view the pie-chart representation of proportion of donor by gender ",
              "timedOut": null,
              "duration": 11223,
              "state": "passed",
              "speed": "slow",
              "pass": true,
              "fail": false,
              "pending": false,
              "context": null,
              "code": "loginPage.navigate('https://biskit-frontend-dev.eha.im/#/signin');\nloginPage.enterusername('nelo_HQuser');\nloginPage.enterPassword('password');\nloginPage.clickLogin();\ncy.wait(10000);\ncy.contains('Dashboard').click();\ncy.get('.chart-one-doughnut-container > div > canvas').should('be.visible').and('have.text', '');",
              "err": {},
              "uuid": "6b3dbf78-b7d8-4a54-8dc8-5fdc0f90470c",
              "parentUUID": "5e91ac81-452c-4d92-a537-61f891aeb105",
              "isHook": false,
              "skipped": false
            },
            {
              "title": "Verify that the pie-chart contains a part representing male gender",
              "fullTitle": "Landing page Verify that the pie-chart contains a part representing male gender",
              "timedOut": null,
              "duration": 11407,
              "state": "passed",
              "speed": "slow",
              "pass": true,
              "fail": false,
              "pending": false,
              "context": null,
              "code": "loginPage.navigate('https://biskit-frontend-dev.eha.im/#/signin');\nloginPage.enterusername('nelo_HQuser');\nloginPage.enterPassword('password');\nloginPage.clickLogin();\ncy.wait(10000);\ncy.contains('Dashboard').click();\ncy.get('.chart-one-doughnut-container > div > canvas').should('be.visible').and('have.text', '');",
              "err": {},
              "uuid": "a5cf26b3-43f6-4e41-91b2-7f3057c36e1f",
              "parentUUID": "5e91ac81-452c-4d92-a537-61f891aeb105",
              "isHook": false,
              "skipped": false
            },
            {
              "title": "Verify that the pie-chart contains a part representing female gender",
              "fullTitle": "Landing page Verify that the pie-chart contains a part representing female gender",
              "timedOut": null,
              "duration": 11328,
              "state": "passed",
              "speed": "slow",
              "pass": true,
              "fail": false,
              "pending": false,
              "context": null,
              "code": "loginPage.navigate('https://biskit-frontend-dev.eha.im/#/signin');\nloginPage.enterusername('nelo_HQuser');\nloginPage.enterPassword('password');\nloginPage.clickLogin();\ncy.wait(10000);\ncy.contains('Dashboard').click();\ncy.get('.chart-one-doughnut-container > div > canvas').should('be.visible').and('have.text', '');",
              "err": {},
              "uuid": "301ecf2c-600f-4d5c-9c95-ee1faa391035",
              "parentUUID": "5e91ac81-452c-4d92-a537-61f891aeb105",
              "isHook": false,
              "skipped": false
            },
            {
              "title": "Verify that the radio buttons associated with the pie-chart is clickable",
              "fullTitle": "Landing page Verify that the radio buttons associated with the pie-chart is clickable",
              "timedOut": null,
              "duration": 11324,
              "state": "passed",
              "speed": "slow",
              "pass": true,
              "fail": false,
              "pending": false,
              "context": null,
              "code": "loginPage.navigate('https://biskit-frontend-dev.eha.im/#/signin');\nloginPage.enterusername('nelo_HQuser');\nloginPage.enterPassword('password');\nloginPage.clickLogin();\ncy.wait(10000);\ncy.contains('Dashboard').click();\ncy.get('.chart-one-doughnut-container > div > canvas').should('be.visible').and('contain', '');",
              "err": {},
              "uuid": "da5605ac-ba97-49f5-8577-bacceb2939e3",
              "parentUUID": "5e91ac81-452c-4d92-a537-61f891aeb105",
              "isHook": false,
              "skipped": false
            },
            {
              "title": "Verify that the user is able to view the bar chart representation of blood donation by month",
              "fullTitle": "Landing page Verify that the user is able to view the bar chart representation of blood donation by month",
              "timedOut": null,
              "duration": 11239,
              "state": "passed",
              "speed": "slow",
              "pass": true,
              "fail": false,
              "pending": false,
              "context": null,
              "code": "loginPage.navigate('https://biskit-frontend-dev.eha.im/#/signin');\nloginPage.enterusername('nelo_HQuser');\nloginPage.enterPassword('password');\nloginPage.clickLogin();\ncy.wait(10000);\ncy.contains('Dashboard').click();\ncy.get('.chart-one-bar-container > div > canvas').should('be.visible').and('have.text', '');",
              "err": {},
              "uuid": "d7d01516-375a-4b9a-a9e7-8fac31456d49",
              "parentUUID": "5e91ac81-452c-4d92-a537-61f891aeb105",
              "isHook": false,
              "skipped": false
            },
            {
              "title": "Verify that the user is able to view the bar chart representation of distribution of donors by age",
              "fullTitle": "Landing page Verify that the user is able to view the bar chart representation of distribution of donors by age",
              "timedOut": null,
              "duration": 11271,
              "state": "passed",
              "speed": "slow",
              "pass": true,
              "fail": false,
              "pending": false,
              "context": null,
              "code": "loginPage.navigate('https://biskit-frontend-dev.eha.im/#/signin');\nloginPage.enterusername('nelo_HQuser');\nloginPage.enterPassword('password');\nloginPage.clickLogin();\ncy.wait(10000);\ncy.contains('Dashboard').click();\ncy.get('.flexed-chart-two-section > :nth-child(1) > div > canvas').should('be.visible').and('have.text', '');",
              "err": {},
              "uuid": "c0aeaca0-c23e-475e-b444-6bda6042b584",
              "parentUUID": "5e91ac81-452c-4d92-a537-61f891aeb105",
              "isHook": false,
              "skipped": false
            },
            {
              "title": "Verify that the user is able to view the bar chart representation of distribution of tests by status",
              "fullTitle": "Landing page Verify that the user is able to view the bar chart representation of distribution of tests by status",
              "timedOut": null,
              "duration": 11209,
              "state": "passed",
              "speed": "slow",
              "pass": true,
              "fail": false,
              "pending": false,
              "context": null,
              "code": "loginPage.navigate('https://biskit-frontend-dev.eha.im/#/signin');\nloginPage.enterusername('nelo_HQuser');\nloginPage.enterPassword('password');\nloginPage.clickLogin();\ncy.wait(10000);\ncy.contains('Dashboard').click();\ncy.get(':nth-child(3) > div > canvas').should('be.visible').and('have.text', '');",
              "err": {},
              "uuid": "44377789-af2b-4047-8862-c7d711014757",
              "parentUUID": "5e91ac81-452c-4d92-a537-61f891aeb105",
              "isHook": false,
              "skipped": false
            },
            {
              "title": "Verify that the user is able to view the graph representation of distribution of tests by type",
              "fullTitle": "Landing page Verify that the user is able to view the graph representation of distribution of tests by type",
              "timedOut": null,
              "duration": 11353,
              "state": "passed",
              "speed": "slow",
              "pass": true,
              "fail": false,
              "pending": false,
              "context": null,
              "code": "loginPage.navigate('https://biskit-frontend-dev.eha.im/#/signin');\nloginPage.enterusername('nelo_HQuser');\nloginPage.enterPassword('password');\nloginPage.clickLogin();\ncy.wait(10000);\ncy.contains('Dashboard').click();\ncy.get('.flexed-chart-three-section > div > canvas').should('be.visible').and('have.text', '');",
              "err": {},
              "uuid": "79006a33-4767-4bdf-a9dd-40126d944cd1",
              "parentUUID": "5e91ac81-452c-4d92-a537-61f891aeb105",
              "isHook": false,
              "skipped": false
            }
          ],
          "suites": [],
          "passes": [
            "f32e8be0-1473-4be9-8e2b-0de29d30f902",
            "f6d91718-516d-43d2-9bdb-066f4ce59ce6",
            "cdff3171-09c4-48a4-9738-a28e80ac5669",
            "abaef8e9-0bd0-4605-a897-5d60522287aa",
            "f236bf2c-5bf2-43ac-b067-43d101713781",
            "ff7b1446-5776-4e37-b69e-1c1896b96900",
            "1d4b2c03-4aff-4dd4-ac24-4c336714bd4c",
            "df97d1d4-a83c-4896-a83d-0168b2ddf9f8",
            "3005fb24-8452-4817-a189-995cbabc6b49",
            "c62e21be-f3e7-4110-b71f-4c50d50b1edc",
            "a98557da-7e58-41c6-b552-a7fd032fc7ad",
            "b106ad58-fd2d-43c9-b505-35960dbe62ce",
            "13a2a461-ec7d-4365-803a-565db8d45e2e",
            "d9cad26d-5b2e-49a6-969b-80f39fbe970a",
            "9cd0f867-4468-493a-9382-4a92e38bc4f4",
            "cc815714-a528-47e9-b0e2-27eaa12b5e37",
            "c63cce60-7b3d-4236-80df-f3b78e8e019a",
            "15937e86-1c0d-4845-9cc0-4dcc16b853f9",
            "86be6de5-e9dd-43fa-b0aa-96fded7dc97a",
            "89d1ec23-2e13-48d0-b8a8-280612b7187a",
            "e39b43a9-2ca7-4024-9fdc-5243bcdc142f",
            "959629d5-7bf0-4438-91b6-9453dde93a9e",
            "1720e0a8-fa05-49cf-b7d3-d0d27095a3c6",
            "6b3dbf78-b7d8-4a54-8dc8-5fdc0f90470c",
            "a5cf26b3-43f6-4e41-91b2-7f3057c36e1f",
            "301ecf2c-600f-4d5c-9c95-ee1faa391035",
            "da5605ac-ba97-49f5-8577-bacceb2939e3",
            "d7d01516-375a-4b9a-a9e7-8fac31456d49",
            "c0aeaca0-c23e-475e-b444-6bda6042b584",
            "44377789-af2b-4047-8862-c7d711014757",
            "79006a33-4767-4bdf-a9dd-40126d944cd1"
          ],
          "failures": [
            "fe4ab961-2fa0-4914-ad61-ac54f7fa49cc",
            "74340163-cc12-479c-8650-5c82c61e577a",
            "92382c14-566a-4b5e-9c81-41e85cce362b"
          ],
          "pending": [],
          "skipped": [],
          "duration": 317851,
          "root": false,
          "rootEmpty": false,
          "_timeout": 2000
        },
        {
          "uuid": "0411ff8e-e020-4a26-bcf6-55cd0d0f0aea",
          "title": "Facilities menu",
          "fullFile": "",
          "file": "",
          "beforeHooks": [],
          "afterHooks": [],
          "tests": [
            {
              "title": "Verify that the user is able to click on the \"Facilities\"  menu button",
              "fullTitle": "Facilities menu Verify that the user is able to click on the \"Facilities\"  menu button",
              "timedOut": null,
              "duration": 11166,
              "state": "passed",
              "speed": "slow",
              "pass": true,
              "fail": false,
              "pending": false,
              "context": null,
              "code": "loginPage.navigate('https://biskit-frontend-dev.eha.im/#/signin');\nloginPage.enterusername('nelo_HQuser');\nloginPage.enterPassword('password');\nloginPage.clickLogin();\ncy.wait(10000);\ncy.contains('Facilities').click().should('be.visible').and('have.text', 'Facilities');",
              "err": {},
              "uuid": "cbbbc164-8513-40fb-b35b-0e4c2d43df53",
              "parentUUID": "0411ff8e-e020-4a26-bcf6-55cd0d0f0aea",
              "isHook": false,
              "skipped": false
            },
            {
              "title": "Verify that the facilities menu button expands to display a \"Facility\" sub-menu button",
              "fullTitle": "Facilities menu Verify that the facilities menu button expands to display a \"Facility\" sub-menu button",
              "timedOut": null,
              "duration": 11266,
              "state": "passed",
              "speed": "slow",
              "pass": true,
              "fail": false,
              "pending": false,
              "context": null,
              "code": "loginPage.navigate('https://biskit-frontend-dev.eha.im/#/signin');\nloginPage.enterusername('nelo_HQuser');\nloginPage.enterPassword('password');\nloginPage.clickLogin();\ncy.wait(10000);\ncy.contains('Facilities').click();\ncy.get('[data-testid=\"nav-item-facility\"] > .rs-stack-item > .sc-BeQoi').should('be.visible').and('have.text', 'Facility');",
              "err": {},
              "uuid": "785225a0-fc09-42f8-af4b-e003a74e059f",
              "parentUUID": "0411ff8e-e020-4a26-bcf6-55cd0d0f0aea",
              "isHook": false,
              "skipped": false
            },
            {
              "title": "Verify that the \"Facility\" button is visible and clickable",
              "fullTitle": "Facilities menu Verify that the \"Facility\" button is visible and clickable",
              "timedOut": null,
              "duration": 11251,
              "state": "passed",
              "speed": "slow",
              "pass": true,
              "fail": false,
              "pending": false,
              "context": null,
              "code": "loginPage.navigate('https://biskit-frontend-dev.eha.im/#/signin');\nloginPage.enterusername('nelo_HQuser');\nloginPage.enterPassword('password');\nloginPage.clickLogin();\ncy.wait(10000);\ncy.contains('Facilities').click();\ncy.get('[data-testid=\"nav-item-facility\"] > .rs-stack-item > .sc-BeQoi').click();",
              "err": {},
              "uuid": "830e73f4-313b-4e4e-9b3b-c5b0a25d7619",
              "parentUUID": "0411ff8e-e020-4a26-bcf6-55cd0d0f0aea",
              "isHook": false,
              "skipped": false
            },
            {
              "title": "Verify that the user is able to view a list of facilities on the \"Facility\" landing page",
              "fullTitle": "Facilities menu Verify that the user is able to view a list of facilities on the \"Facility\" landing page",
              "timedOut": null,
              "duration": 21622,
              "state": "failed",
              "speed": null,
              "pass": false,
              "fail": true,
              "pending": false,
              "context": "{\n  \"title\": \"cypress-mochawesome-reporter-screenshots\",\n  \"value\": [\n    [\n      \"/BiskitHQuser.cy.js/Facilities menu -- Verify that the user is able to view a list of facilities on the Facility landing page (failed) (1).png\"\n    ]\n  ]\n}",
              "code": "loginPage.navigate('https://biskit-frontend-dev.eha.im/#/signin');\nloginPage.enterusername('nelo_HQuser');\nloginPage.enterPassword('password');\nloginPage.clickLogin();\ncy.wait(10000);\ncy.contains('Facilities').click();\ncy.get('[data-testid=\"nav-item-facility\"] > .rs-stack-item > .sc-BeQoi').click();\ncy.get('[data-testid=\"home-welcome\"]').should('be.visible').and('contain', 'Facilities');",
              "err": {
                "message": "AssertionError: Timed out retrying after 10000ms: expected '<div.home-message>' to contain 'Facilities'",
                "estack": "AssertionError: Timed out retrying after 10000ms: expected '<div.home-message>' to contain 'Facilities'\n    at Context.eval (webpack://biskit/./cypress/e2e/BiskitHQuser.cy.js:491:11)",
                "diff": null
              },
              "uuid": "23a44d63-decb-4839-8e5c-bfec826a451d",
              "parentUUID": "0411ff8e-e020-4a26-bcf6-55cd0d0f0aea",
              "isHook": false,
              "skipped": false
            }
          ],
          "suites": [],
          "passes": [
            "cbbbc164-8513-40fb-b35b-0e4c2d43df53",
            "785225a0-fc09-42f8-af4b-e003a74e059f",
            "830e73f4-313b-4e4e-9b3b-c5b0a25d7619"
          ],
          "failures": [
            "23a44d63-decb-4839-8e5c-bfec826a451d"
          ],
          "pending": [],
          "skipped": [],
          "duration": 55305,
          "root": false,
          "rootEmpty": false,
          "_timeout": 2000
        },
        {
          "uuid": "41d07a05-c77b-4186-be71-75ad6ff51223",
          "title": "Report menu",
          "fullFile": "",
          "file": "",
          "beforeHooks": [],
          "afterHooks": [],
          "tests": [
            {
              "title": "Verify that the user is able to click on the \"Reports\"  menu button",
              "fullTitle": "Report menu Verify that the user is able to click on the \"Reports\"  menu button",
              "timedOut": null,
              "duration": 11262,
              "state": "passed",
              "speed": "slow",
              "pass": true,
              "fail": false,
              "pending": false,
              "context": null,
              "code": "loginPage.navigate('https://biskit-frontend-dev.eha.im/#/signin');\nloginPage.enterusername('nelo_HQuser');\nloginPage.enterPassword('password');\nloginPage.clickLogin();\ncy.wait(10000);\ncy.contains('Reports').click().should('be.visible').and('have.text', 'Reports');",
              "err": {},
              "uuid": "764016f5-b327-4602-9437-e4ae2754351f",
              "parentUUID": "41d07a05-c77b-4186-be71-75ad6ff51223",
              "isHook": false,
              "skipped": false
            },
            {
              "title": "Verify that the \"Reports\" landing page has a \"Welcome to BISKIT\" message clearly displayed",
              "fullTitle": "Report menu Verify that the \"Reports\" landing page has a \"Welcome to BISKIT\" message clearly displayed",
              "timedOut": null,
              "duration": 11208,
              "state": "passed",
              "speed": "slow",
              "pass": true,
              "fail": false,
              "pending": false,
              "context": null,
              "code": "loginPage.navigate('https://biskit-frontend-dev.eha.im/#/signin');\nloginPage.enterusername('nelo_HQuser');\nloginPage.enterPassword('password');\nloginPage.clickLogin();\ncy.wait(10000);\ncy.contains('Reports').click();\ncy.get('[data-testid=\"home-welcome\"]').should('be.visible').and('have.text', 'Welcome to BISKIT');",
              "err": {},
              "uuid": "c21ad2c7-fcf1-4e32-87c2-e6a28c38796e",
              "parentUUID": "41d07a05-c77b-4186-be71-75ad6ff51223",
              "isHook": false,
              "skipped": false
            },
            {
              "title": "Verify that the \"Reports\" menu expands to show other sub-menu items namely; blood donations,deliveries and requests",
              "fullTitle": "Report menu Verify that the \"Reports\" menu expands to show other sub-menu items namely; blood donations,deliveries and requests",
              "timedOut": null,
              "duration": 11482,
              "state": "failed",
              "speed": null,
              "pass": false,
              "fail": true,
              "pending": false,
              "context": "{\n  \"title\": \"cypress-mochawesome-reporter-screenshots\",\n  \"value\": [\n    [\n      \"/BiskitHQuser.cy.js/Report menu -- Verify that the Reports menu expands to show other sub-menu items namely; blood donations,deliveries and requests (failed) (1).png\"\n    ]\n  ]\n}",
              "code": "loginPage.navigate('https://biskit-frontend-dev.eha.im/#/signin');\nloginPage.enterusername('nelo_HQuser');\nloginPage.enterPassword('password');\nloginPage.clickLogin();\ncy.wait(10000);\ncy.get('[data-testid=\"nav-group-reports\"] > .rs-dropdown-toggle').click();\ncy.contains('Blood Donations').should('be.visible').and('have.text', 'Blood Donations');\ncy.contains('Deliveries').should('be.visible').and('have.text’,’Deliveries');\ncy.contains('Requests').should('be.visible').and('have.text', 'Requests');",
              "err": {
                "message": "CypressError: The chainer `text’,’Deliveries` was not found. Could not build assertion.",
                "estack": "CypressError: The chainer `text’,’Deliveries` was not found. Could not build assertion.\n    at cypressErr (https://biskit-frontend-dev.eha.im/__cypress/runner/cypress_runner.js:75240:18)\n    at Object.cypressErrByPath (https://biskit-frontend-dev.eha.im/__cypress/runner/cypress_runner.js:75245:10)\n    at <unknown> (https://biskit-frontend-dev.eha.im/__cypress/runner/cypress_runner.js:117848:78)\n    at arrayReduce (https://biskit-frontend-dev.eha.im/__cypress/runner/cypress_runner.js:17809:21)\n    at Function.reduce (https://biskit-frontend-dev.eha.im/__cypress/runner/cypress_runner.js:26861:14)\n    at applyChainers (https://biskit-frontend-dev.eha.im/__cypress/runner/cypress_runner.js:117846:68)\n    at tryCatcher (https://biskit-frontend-dev.eha.im/__cypress/runner/cypress_runner.js:1807:23)\n    at Promise.attempt.Promise.try (https://biskit-frontend-dev.eha.im/__cypress/runner/cypress_runner.js:4315:29)\n    at Context.shouldFn (https://biskit-frontend-dev.eha.im/__cypress/runner/cypress_runner.js:117872:66)\n    at Context.and (https://biskit-frontend-dev.eha.im/__cypress/runner/cypress_runner.js:117894:23)\n    at <unknown> (https://biskit-frontend-dev.eha.im/__cypress/runner/cypress_runner.js:143620:39)\n    at assertions (https://biskit-frontend-dev.eha.im/__cypress/runner/cypress_runner.js:143869:16)\n    at tryCatcher (https://biskit-frontend-dev.eha.im/__cypress/runner/cypress_runner.js:1807:23)\n    at Object.gotValue (https://biskit-frontend-dev.eha.im/__cypress/runner/cypress_runner.js:6478:18)\n    at Object.gotAccum (https://biskit-frontend-dev.eha.im/__cypress/runner/cypress_runner.js:6465:25)\n    at Object.tryCatcher (https://biskit-frontend-dev.eha.im/__cypress/runner/cypress_runner.js:1807:23)\n    at Promise._settlePromiseFromHandler (https://biskit-frontend-dev.eha.im/__cypress/runner/cypress_runner.js:1519:31)\n    at Promise._settlePromise (https://biskit-frontend-dev.eha.im/__cypress/runner/cypress_runner.js:1576:18)\n    at Promise._settlePromise0 (https://biskit-frontend-dev.eha.im/__cypress/runner/cypress_runner.js:1621:10)\n    at Promise._settlePromises (https://biskit-frontend-dev.eha.im/__cypress/runner/cypress_runner.js:1701:18)\n    at _drainQueueStep (https://biskit-frontend-dev.eha.im/__cypress/runner/cypress_runner.js:2407:12)\n    at _drainQueue (https://biskit-frontend-dev.eha.im/__cypress/runner/cypress_runner.js:2400:9)\nFrom Your Spec Code:\n    at Context.eval (webpack://biskit/./cypress/e2e/BiskitHQuser.cy.js:532:5)",
                "diff": null
              },
              "uuid": "7777107d-3254-4f1f-9e9c-408c59dc14d6",
              "parentUUID": "41d07a05-c77b-4186-be71-75ad6ff51223",
              "isHook": false,
              "skipped": false
            }
          ],
          "suites": [
            {
              "uuid": "de5683dd-8bdc-40d2-b40f-9c3b3de541a4",
              "title": "Blood Donations",
              "fullFile": "",
              "file": "",
              "beforeHooks": [],
              "afterHooks": [],
              "tests": [
                {
                  "title": "Verify that the user is able to view and click on the \"Blood Donations\" sub-menu button",
                  "fullTitle": "Report menu Blood Donations Verify that the user is able to view and click on the \"Blood Donations\" sub-menu button",
                  "timedOut": null,
                  "duration": 2595,
                  "state": "passed",
                  "speed": "fast",
                  "pass": true,
                  "fail": false,
                  "pending": false,
                  "context": null,
                  "code": "loginPage.navigate('https://biskit-frontend-dev.eha.im/#/signin');\nloginPage.enterusername('nelo_HQuser');\nloginPage.enterPassword('password');\nloginPage.clickLogin();\ncy.contains('Reports').click();\ncy.contains('Blood Donations').should('contain', 'Blood Donations');",
                  "err": {},
                  "uuid": "5d4cdade-e913-4006-82a7-0a32c69955f9",
                  "parentUUID": "de5683dd-8bdc-40d2-b40f-9c3b3de541a4",
                  "isHook": false,
                  "skipped": false
                },
                {
                  "title": "Verify that the \"Blood Donations\" page title contains Blood Donations as a  title text",
                  "fullTitle": "Report menu Blood Donations Verify that the \"Blood Donations\" page title contains Blood Donations as a  title text",
                  "timedOut": null,
                  "duration": 2492,
                  "state": "passed",
                  "speed": "fast",
                  "pass": true,
                  "fail": false,
                  "pending": false,
                  "context": null,
                  "code": "loginPage.navigate('https://biskit-frontend-dev.eha.im/#/signin');\nloginPage.enterusername('nelo_HQuser');\nloginPage.enterPassword('password');\nloginPage.clickLogin();\ncy.contains('Reports').click();\ncy.contains('Blood Donations').click();\ncy.get('.sc-kgflAQ').should('have.text', 'Blood Donations').and('be.visible');",
                  "err": {},
                  "uuid": "5662b46b-c60d-4f58-b807-b327c6355c01",
                  "parentUUID": "de5683dd-8bdc-40d2-b40f-9c3b3de541a4",
                  "isHook": false,
                  "skipped": false
                },
                {
                  "title": "Verify that the Blood Donations landing page contains a table with columns namely; Donor code, Donor name, date, length, width, volume and action",
                  "fullTitle": "Report menu Blood Donations Verify that the Blood Donations landing page contains a table with columns namely; Donor code, Donor name, date, length, width, volume and action",
                  "timedOut": null,
                  "duration": 3746,
                  "state": "passed",
                  "speed": "fast",
                  "pass": true,
                  "fail": false,
                  "pending": false,
                  "context": null,
                  "code": "loginPage.navigate('https://biskit-frontend-dev.eha.im/#/signin');\nloginPage.enterusername('nelo_HQuser');\nloginPage.enterPassword('password');\nloginPage.clickLogin();\ncy.contains('Reports').click();\ncy.contains('Blood Donations').click();\ncy.get(':nth-child(1) > .rs-table-cell > .rs-table-cell-content > .sc-kDDrLX').should('have.text', 'Donor Code').and('be.visible');\ncy.get(':nth-child(2) > .rs-table-cell > .rs-table-cell-content > .sc-kDDrLX').should('have.text', 'Donor Name').and('be.visible');\ncy.get(':nth-child(3) > .rs-table-cell > .rs-table-cell-content > .sc-kDDrLX').should('have.text', 'Date').and('be.visible');\ncy.get(':nth-child(4) > .rs-table-cell > .rs-table-cell-content > .sc-kDDrLX').should('have.text', 'Length (cm)').and('be.visible');\ncy.get(':nth-child(5) > .rs-table-cell > .rs-table-cell-content > .sc-kDDrLX').should('have.text', 'Width (cm)').and('be.visible');\ncy.contains('Volume').should('have.text', 'Volume (ml)').and('be.visible');\ncy.get(':nth-child(7) > .rs-table-cell > .rs-table-cell-content > .sc-kDDrLX').should('have.text', 'ACTION').and('be.visible');",
                  "err": {},
                  "uuid": "70d1d902-3c04-4351-90ea-062bef4b3f28",
                  "parentUUID": "de5683dd-8bdc-40d2-b40f-9c3b3de541a4",
                  "isHook": false,
                  "skipped": false
                },
                {
                  "title": "Verify that the Blood Donations landing page has search field with a place holder \"Search Blood Donations\"",
                  "fullTitle": "Report menu Blood Donations Verify that the Blood Donations landing page has search field with a place holder \"Search Blood Donations\"",
                  "timedOut": null,
                  "duration": 3162,
                  "state": "passed",
                  "speed": "fast",
                  "pass": true,
                  "fail": false,
                  "pending": false,
                  "context": null,
                  "code": "loginPage.navigate('https://biskit-frontend-dev.eha.im/#/signin');\nloginPage.enterusername('nelo_HQuser');\nloginPage.enterPassword('password');\nloginPage.clickLogin();\ncy.contains('Reports').click();\ncy.contains('Blood Donations').click();\ncy.get('.sc-fnykZs').and('be.visible');",
                  "err": {},
                  "uuid": "a7f11fb6-4e38-4b13-8a52-e85cbc048cab",
                  "parentUUID": "de5683dd-8bdc-40d2-b40f-9c3b3de541a4",
                  "isHook": false,
                  "skipped": false
                },
                {
                  "title": "Verify that the user is able to search Blood Donations by donor code and that the result is clearly visible",
                  "fullTitle": "Report menu Blood Donations Verify that the user is able to search Blood Donations by donor code and that the result is clearly visible",
                  "timedOut": null,
                  "duration": 3347,
                  "state": "passed",
                  "speed": "fast",
                  "pass": true,
                  "fail": false,
                  "pending": false,
                  "context": null,
                  "code": "loginPage.navigate('https://biskit-frontend-dev.eha.im/#/signin');\nloginPage.enterusername('nelo_HQuser');\nloginPage.enterPassword('password');\nloginPage.clickLogin();\ncy.contains('Reports').click();\ncy.contains('Blood Donations').click();\ncy.get('.sc-fnykZs').type('E8D');\ncy.get('[aria-rowindex=\"2\"] > .rs-table-cell-group > .rs-table-cell-first > .rs-table-cell-content').should('be.visible');",
                  "err": {},
                  "uuid": "a6741922-2522-448c-9db0-c230c8060b4b",
                  "parentUUID": "de5683dd-8bdc-40d2-b40f-9c3b3de541a4",
                  "isHook": false,
                  "skipped": false
                },
                {
                  "title": "Verify that the user is able to search Blood Donations by donor name and that the result is clearly visible",
                  "fullTitle": "Report menu Blood Donations Verify that the user is able to search Blood Donations by donor name and that the result is clearly visible",
                  "timedOut": null,
                  "duration": 3457,
                  "state": "passed",
                  "speed": "fast",
                  "pass": true,
                  "fail": false,
                  "pending": false,
                  "context": null,
                  "code": "loginPage.navigate('https://biskit-frontend-dev.eha.im/#/signin');\nloginPage.enterusername('nelo_HQuser');\nloginPage.enterPassword('password');\nloginPage.clickLogin();\ncy.contains('Reports').click();\ncy.contains('Blood Donations').click();\ncy.get('.sc-fnykZs').type('Tay');\ncy.get('.rs-table-cell-group > [aria-colindex=\"2\"] > .rs-table-cell-content').should('be.visible');",
                  "err": {},
                  "uuid": "522dd3f7-85fe-4fa1-9a7a-dc6cdc743fe2",
                  "parentUUID": "de5683dd-8bdc-40d2-b40f-9c3b3de541a4",
                  "isHook": false,
                  "skipped": false
                },
                {
                  "title": "Verify that the user is able to search Blood Donations by date and that the result is clearly visible",
                  "fullTitle": "Report menu Blood Donations Verify that the user is able to search Blood Donations by date and that the result is clearly visible",
                  "timedOut": null,
                  "duration": 3231,
                  "state": "passed",
                  "speed": "fast",
                  "pass": true,
                  "fail": false,
                  "pending": false,
                  "context": null,
                  "code": "loginPage.navigate('https://biskit-frontend-dev.eha.im/#/signin');\nloginPage.enterusername('nelo_HQuser');\nloginPage.enterPassword('password');\nloginPage.clickLogin();\ncy.contains('Reports').click();\ncy.contains('Blood Donations').click();\ncy.get('.sc-fnykZs').type('Dec 3');\ncy.get('[aria-rowindex=\"2\"] > .rs-table-cell-group > [aria-colindex=\"3\"] > .rs-table-cell-content').should('be.visible');",
                  "err": {},
                  "uuid": "1c8a925f-2958-4c3d-9010-074aa968729b",
                  "parentUUID": "de5683dd-8bdc-40d2-b40f-9c3b3de541a4",
                  "isHook": false,
                  "skipped": false
                },
                {
                  "title": "Verify that the user is able to search Blood Donations by length (cm) and that the result is clearly visible",
                  "fullTitle": "Report menu Blood Donations Verify that the user is able to search Blood Donations by length (cm) and that the result is clearly visible",
                  "timedOut": null,
                  "duration": 2961,
                  "state": "passed",
                  "speed": "fast",
                  "pass": true,
                  "fail": false,
                  "pending": false,
                  "context": null,
                  "code": "loginPage.navigate('https://biskit-frontend-dev.eha.im/#/signin');\nloginPage.enterusername('nelo_HQuser');\nloginPage.enterPassword('password');\nloginPage.clickLogin();\ncy.contains('Reports').click();\ncy.contains('Blood Donations').click();\ncy.get('.sc-fnykZs').type('51');\ncy.get('[aria-rowindex=\"2\"] > .rs-table-cell-group > [aria-colindex=\"3\"] > .rs-table-cell-content').should('be.visible');",
                  "err": {},
                  "uuid": "f0fab636-7c71-4eb3-a456-adb7a3ab4ad5",
                  "parentUUID": "de5683dd-8bdc-40d2-b40f-9c3b3de541a4",
                  "isHook": false,
                  "skipped": false
                },
                {
                  "title": "Verify that the user is able to search Blood Donations by width (cm) and that the result is clearly visible",
                  "fullTitle": "Report menu Blood Donations Verify that the user is able to search Blood Donations by width (cm) and that the result is clearly visible",
                  "timedOut": null,
                  "duration": 2735,
                  "state": "passed",
                  "speed": "fast",
                  "pass": true,
                  "fail": false,
                  "pending": false,
                  "context": null,
                  "code": "loginPage.navigate('https://biskit-frontend-dev.eha.im/#/signin');\nloginPage.enterusername('nelo_HQuser');\nloginPage.enterPassword('password');\nloginPage.clickLogin();\ncy.contains('Reports').click();\ncy.contains('Blood Donations').click();\ncy.get('.sc-fnykZs').type('51');\ncy.get('[aria-rowindex=\"2\"] > .rs-table-cell-group > [aria-colindex=\"6\"] > .rs-table-cell-content').should('be.visible');",
                  "err": {},
                  "uuid": "1f8b91a4-e56e-40ed-b2c4-9feab3d32fc1",
                  "parentUUID": "de5683dd-8bdc-40d2-b40f-9c3b3de541a4",
                  "isHook": false,
                  "skipped": false
                },
                {
                  "title": "Verify that the user is able to search Blood Donations by volume (ml) and that the result is clearly visible",
                  "fullTitle": "Report menu Blood Donations Verify that the user is able to search Blood Donations by volume (ml) and that the result is clearly visible",
                  "timedOut": null,
                  "duration": 3372,
                  "state": "passed",
                  "speed": "fast",
                  "pass": true,
                  "fail": false,
                  "pending": false,
                  "context": null,
                  "code": "loginPage.navigate('https://biskit-frontend-dev.eha.im/#/signin');\nloginPage.enterusername('nelo_HQuser');\nloginPage.enterPassword('password');\nloginPage.clickLogin();\ncy.contains('Reports').click();\ncy.contains('Blood Donations').click();\ncy.get('.sc-fnykZs').type('201');\ncy.get('.rs-table-cell-group > [aria-colindex=\"6\"] > .rs-table-cell-content').should('be.visible');",
                  "err": {},
                  "uuid": "e5adea4d-b636-4f62-b5cc-8cee2d3caf5e",
                  "parentUUID": "de5683dd-8bdc-40d2-b40f-9c3b3de541a4",
                  "isHook": false,
                  "skipped": false
                },
                {
                  "title": "Verify that the ellipses under the \"Actions\" column expands to  enable the user view details",
                  "fullTitle": "Report menu Blood Donations Verify that the ellipses under the \"Actions\" column expands to  enable the user view details",
                  "timedOut": null,
                  "duration": 13542,
                  "state": "passed",
                  "speed": "slow",
                  "pass": true,
                  "fail": false,
                  "pending": false,
                  "context": null,
                  "code": "loginPage.navigate('https://biskit-frontend-dev.eha.im/#/signin');\nloginPage.enterusername('nelo_HQuser');\nloginPage.enterPassword('password');\nloginPage.clickLogin();\ncy.contains('Reports').click();\ncy.contains('Blood Donations').click();\ncy.get('[aria-rowindex=\"2\"] > .rs-table-cell-group > .rs-table-cell-last > .rs-table-cell-content > .rs-btn-icon > .sc-evZas > .fa-solid').click();\ncy.wait(10000);\ncy.contains('View details');",
                  "err": {},
                  "uuid": "9e90deda-2c0c-4082-9b47-993288fca065",
                  "parentUUID": "de5683dd-8bdc-40d2-b40f-9c3b3de541a4",
                  "isHook": false,
                  "skipped": false
                },
                {
                  "title": "Verify that when the user clicks on \"View details\" the system pops up a modal with title \"Blood Donations information\" ",
                  "fullTitle": "Report menu Blood Donations Verify that when the user clicks on \"View details\" the system pops up a modal with title \"Blood Donations information\" ",
                  "timedOut": null,
                  "duration": 12900,
                  "state": "passed",
                  "speed": "slow",
                  "pass": true,
                  "fail": false,
                  "pending": false,
                  "context": null,
                  "code": "loginPage.navigate('https://biskit-frontend-dev.eha.im/#/signin');\nloginPage.enterusername('nelo_HQuser');\nloginPage.enterPassword('password');\nloginPage.clickLogin();\ncy.contains('Reports').click();\ncy.contains('Blood Donations').click();\ncy.get('[aria-rowindex=\"2\"] > .rs-table-cell-group > .rs-table-cell-last > .rs-table-cell-content > .rs-btn-icon > .sc-evZas > .fa-solid').click();\ncy.wait(10000);\ncy.contains('View details').click();",
                  "err": {},
                  "uuid": "06907dfc-e0db-41bd-9088-d3a72334582a",
                  "parentUUID": "de5683dd-8bdc-40d2-b40f-9c3b3de541a4",
                  "isHook": false,
                  "skipped": false
                },
                {
                  "title": "Verify that when the user clicks on \"View details\" the system pops up a modal with title \"Blood Donations information\" ",
                  "fullTitle": "Report menu Blood Donations Verify that when the user clicks on \"View details\" the system pops up a modal with title \"Blood Donations information\" ",
                  "timedOut": null,
                  "duration": 13144,
                  "state": "passed",
                  "speed": "slow",
                  "pass": true,
                  "fail": false,
                  "pending": false,
                  "context": null,
                  "code": "loginPage.navigate('https://biskit-frontend-dev.eha.im/#/signin');\nloginPage.enterusername('nelo_HQuser');\nloginPage.enterPassword('password');\nloginPage.clickLogin();\ncy.contains('Reports').click();\ncy.contains('Blood Donations').click();\ncy.get('[aria-rowindex=\"2\"] > .rs-table-cell-group > .rs-table-cell-last > .rs-table-cell-content > .rs-btn-icon > .sc-evZas > .fa-solid').click();\ncy.wait(10000);\ncy.contains('View details').click();\ncy.get('.sc-ivTmOn').should('have.text', 'Blood Donation Details').and('be.visible');",
                  "err": {},
                  "uuid": "215f5f8d-2923-4bd4-ab11-76d063fc6627",
                  "parentUUID": "de5683dd-8bdc-40d2-b40f-9c3b3de541a4",
                  "isHook": false,
                  "skipped": false
                },
                {
                  "title": "Verify that the modal contains blood donation details, health worker information, equipment & Consumables and other information details\" ",
                  "fullTitle": "Report menu Blood Donations Verify that the modal contains blood donation details, health worker information, equipment & Consumables and other information details\" ",
                  "timedOut": null,
                  "duration": 13003,
                  "state": "passed",
                  "speed": "slow",
                  "pass": true,
                  "fail": false,
                  "pending": false,
                  "context": null,
                  "code": "loginPage.navigate('https://biskit-frontend-dev.eha.im/#/signin');\nloginPage.enterusername('nelo_HQuser');\nloginPage.enterPassword('password');\nloginPage.clickLogin();\ncy.contains('Reports').click();\ncy.contains('Blood Donations').click();\ncy.get('[aria-rowindex=\"2\"] > .rs-table-cell-group > .rs-table-cell-last > .rs-table-cell-content > .rs-btn-icon > .sc-evZas > .fa-solid').click();\ncy.wait(10000);\ncy.contains('View details').click();\ncy.get('.rs-modal-body > :nth-child(1) > :nth-child(3)').should('have.text', 'Blood Donation Details').and('be.visible');\ncy.get('.rs-modal-body > :nth-child(1) > :nth-child(7)').should('have.text', 'Health Worker Information').and('be.visible');\ncy.get('.rs-modal-body > :nth-child(1) > :nth-child(11)').should('have.text', 'Equipment & Consumables').and('be.visible');\ncy.contains('Other').should('have.text', 'Other Information');",
                  "err": {},
                  "uuid": "457e474b-a986-4ed2-b4b9-3aee3fbd6f11",
                  "parentUUID": "de5683dd-8bdc-40d2-b40f-9c3b3de541a4",
                  "isHook": false,
                  "skipped": false
                },
                {
                  "title": "Verify that the user is able to close the modal by clicking on the \"Close\"  button\" ",
                  "fullTitle": "Report menu Blood Donations Verify that the user is able to close the modal by clicking on the \"Close\"  button\" ",
                  "timedOut": null,
                  "duration": 12883,
                  "state": "passed",
                  "speed": "slow",
                  "pass": true,
                  "fail": false,
                  "pending": false,
                  "context": null,
                  "code": "loginPage.navigate('https://biskit-frontend-dev.eha.im/#/signin');\nloginPage.enterusername('nelo_HQuser');\nloginPage.enterPassword('password');\nloginPage.clickLogin();\ncy.contains('Reports').click();\ncy.contains('Blood Donations').click();\ncy.get('[aria-rowindex=\"2\"] > .rs-table-cell-group > .rs-table-cell-last > .rs-table-cell-content > .rs-btn-icon > .sc-evZas > .fa-solid').click();\ncy.wait(10000);\ncy.contains('View details').click();\ncy.get('.sc-ezWOiH').click();",
                  "err": {},
                  "uuid": "cb759577-6f1a-4cde-a66e-13f76131dda6",
                  "parentUUID": "de5683dd-8bdc-40d2-b40f-9c3b3de541a4",
                  "isHook": false,
                  "skipped": false
                },
                {
                  "title": "Verify that the user is able to view and click on the \"Download Report\" button",
                  "fullTitle": "Report menu Blood Donations Verify that the user is able to view and click on the \"Download Report\" button",
                  "timedOut": null,
[...]
              "parentUUID": "744b928d-4ef0-45e3-a038-4e889f010a1a",
              "isHook": false,
              "skipped": false
            },
            {
              "title": "Verify that the system is able to download the report in CSV format",
              "fullTitle": "Requests Verify that the system is able to download the report in CSV format",
              "timedOut": null,
              "duration": 2716,
              "state": "passed",
              "speed": "fast",
              "pass": true,
              "fail": false,
              "pending": false,
              "context": null,
              "code": "loginPage.navigate(\"https://biskit-frontend-dev.eha.im/#/signin\");\nloginPage.enterusername(\"nelo_HQuser\");\nloginPage.enterPassword(\"password\");\nloginPage.clickLogin();\ncy.contains(\"Reports\").click();\ncy.contains(\"Requests\").click();\ncy.contains(\"Download Report\").click();\ncy.contains(\"CSV\").click();",
              "err": {},
              "uuid": "e7c4bf8e-db85-413b-a174-e05f202c7add",
              "parentUUID": "744b928d-4ef0-45e3-a038-4e889f010a1a",
              "isHook": false,
              "skipped": false
            },
            {
              "title": "Verify that the total number of records available is displayed on top and bottom of the Requests page",
              "fullTitle": "Requests Verify that the total number of records available is displayed on top and bottom of the Requests page",
              "timedOut": null,
              "duration": 3327,
              "state": "passed",
              "speed": "fast",
              "pass": true,
              "fail": false,
              "pending": false,
              "context": null,
              "code": "loginPage.navigate(\"https://biskit-frontend-dev.eha.im/#/signin\");\nloginPage.enterusername(\"nelo_HQuser\");\nloginPage.enterPassword(\"password\");\nloginPage.clickLogin();\ncy.contains(\"Reports\").click();\ncy.contains(\"Requests\").click();\ncy.get('[style=\"font-size: 14px; margin-left: 30px;\"] > .sc-papXJ').should(\"be.visible\").and(\"not.be.NaN\");\ncy.get(\".rs-pagination-group-total > :nth-child(2)\").should(\"be.visible\").and(\"not.be.NaN\");",
              "err": {},
              "uuid": "572f0712-29c8-4162-87e5-571d73fd5e46",
              "parentUUID": "744b928d-4ef0-45e3-a038-4e889f010a1a",
              "isHook": false,
              "skipped": false
            },
            {
              "title": "Verify that the Requests page is paginated",
              "fullTitle": "Requests Verify that the Requests page is paginated",
              "timedOut": null,
              "duration": 2850,
              "state": "passed",
              "speed": "fast",
              "pass": true,
              "fail": false,
              "pending": false,
              "context": null,
              "code": "loginPage.navigate(\"https://biskit-frontend-dev.eha.im/#/signin\");\nloginPage.enterusername(\"nelo_HQuser\");\nloginPage.enterPassword(\"password\");\nloginPage.clickLogin();\ncy.contains(\"Reports\").click();\ncy.contains(\"Requests\").click();\ncy.get(\".rs-pagination-btn-active\").should(\"not.be.empty\").and(\"not.be.NaN\").and(\"be.enabled\");",
              "err": {},
              "uuid": "2d977a96-8a0e-49a6-ad81-6ca40022d626",
              "parentUUID": "744b928d-4ef0-45e3-a038-4e889f010a1a",
              "isHook": false,
              "skipped": false
            },
            {
              "title": "Verify that the user is able to view and click on the filter button",
              "fullTitle": "Requests Verify that the user is able to view and click on the filter button",
              "timedOut": null,
              "duration": 2799,
              "state": "passed",
              "speed": "fast",
              "pass": true,
              "fail": false,
              "pending": false,
              "context": null,
              "code": "loginPage.navigate(\"https://biskit-frontend-dev.eha.im/#/signin\");\nloginPage.enterusername(\"nelo_HQuser\");\nloginPage.enterPassword(\"password\");\nloginPage.clickLogin();\ncy.contains(\"Reports\").click();\ncy.contains(\"Requests\").click();\ncy.get(\".rs-flex-box-grid-item > .sc-bczRLJ\").should(\"have.text\", \"Filter by\").and(\"be.visible\");\ncy.get(\".rs-flex-box-grid-item > .sc-bczRLJ\").click();",
              "err": {},
              "uuid": "969bd39f-ae4b-402f-a646-7932b9efe32b",
              "parentUUID": "744b928d-4ef0-45e3-a038-4e889f010a1a",
              "isHook": false,
              "skipped": false
            },
            {
              "title": "Verify that the user is able to filter by facility",
              "fullTitle": "Requests Verify that the user is able to filter by facility",
              "timedOut": null,
              "duration": 13133,
              "state": "failed",
              "speed": null,
              "pass": false,
              "fail": true,
              "pending": false,
              "context": "{\n  \"title\": \"cypress-mochawesome-reporter-screenshots\",\n  \"value\": [\n    [\n      \"/BiskitHQuser.cy.js/Requests -- Verify that the user is able to filter by facility (failed) (2).png\"\n    ]\n  ]\n}",
              "code": "loginPage.navigate(\"https://biskit-frontend-dev.eha.im/#/signin\");\nloginPage.enterusername(\"nelo_HQuser\");\nloginPage.enterPassword(\"password\");\nloginPage.clickLogin();\ncy.contains(\"Reports\").click();\ncy.contains(\"Requests\").click();\ncy.get(\".rs-flex-box-grid-item > .sc-bczRLJ\").click();\ncy.contains(\"Select Facility\").click();\ncy.get('[data-key=\"Lagos State University Teaching HQuser (LASUTH)\"] > .rs-picker-select-menu-item').click();\ncy.get('[style=\"margin-top: 24px;\"] > .sc-bczRLJ').click();",
              "err": {
                "message": "AssertionError: Timed out retrying after 10000ms: Expected to find element: `[data-key=\"Lagos State University Teaching HQuser (LASUTH)\"] > .rs-picker-select-menu-item`, but never found it.",
                "estack": "AssertionError: Timed out retrying after 10000ms: Expected to find element: `[data-key=\"Lagos State University Teaching HQuser (LASUTH)\"] > .rs-picker-select-menu-item`, but never found it.\n    at Context.eval (webpack://biskit/./cypress/e2e/BiskitHQuser.cy.js:1485:7)",
                "diff": null
              },
              "uuid": "562fc54b-53e5-4215-94a1-7795f101c4a8",
              "parentUUID": "744b928d-4ef0-45e3-a038-4e889f010a1a",
              "isHook": false,
              "skipped": false
            },
            {
              "title": "Verify that the user is able to filter by quantity",
              "fullTitle": "Requests Verify that the user is able to filter by quantity",
              "timedOut": null,
              "duration": 13635,
              "state": "failed",
              "speed": null,
              "pass": false,
              "fail": true,
              "pending": false,
              "context": "{\n  \"title\": \"cypress-mochawesome-reporter-screenshots\",\n  \"value\": [\n    [\n      \"/BiskitHQuser.cy.js/Requests -- Verify that the user is able to filter by quantity (failed) (2).png\"\n    ]\n  ]\n}",
              "code": "loginPage.navigate(\"https://biskit-frontend-dev.eha.im/#/signin\");\nloginPage.enterusername(\"nelo_HQuser\");\nloginPage.enterPassword(\"password\");\nloginPage.clickLogin();\ncy.contains(\"Reports\").click();\ncy.contains(\"Requests\").click();\ncy.get(\".rs-flex-box-grid-item > .sc-bczRLJ\").click();\ncy.get(\"Enter Quantity\").click();\ncy.get('[style=\"margin-top: 24px;\"] > .sc-bczRLJ').click();",
              "err": {
                "message": "AssertionError: Timed out retrying after 10000ms: Expected to find element: `Enter Quantity`, but never found it.",
                "estack": "AssertionError: Timed out retrying after 10000ms: Expected to find element: `Enter Quantity`, but never found it.\n    at Context.eval (webpack://biskit/./cypress/e2e/BiskitHQuser.cy.js:1498:7)",
                "diff": null
              },
              "uuid": "14580211-1d3b-41df-a546-9ffbd9e2ba3b",
              "parentUUID": "744b928d-4ef0-45e3-a038-4e889f010a1a",
              "isHook": false,
              "skipped": false
            },
            {
              "title": "Verify that the user is able to filter by priority",
              "fullTitle": "Requests Verify that the user is able to filter by priority",
              "timedOut": null,
              "duration": 2880,
              "state": "passed",
              "speed": "fast",
              "pass": true,
              "fail": false,
              "pending": false,
              "context": null,
              "code": "loginPage.navigate(\"https://biskit-frontend-dev.eha.im/#/signin\");\nloginPage.enterusername(\"nelo_HQuser\");\nloginPage.enterPassword(\"password\");\nloginPage.clickLogin();\ncy.contains(\"Reports\").click();\ncy.contains(\"Requests\").click();\ncy.get(\".rs-flex-box-grid-item > .sc-bczRLJ\").click();\ncy.contains(\"Select Priority\").click();\ncy.contains(\"High\").click();\ncy.get('[style=\"margin-top: 24px;\"] > .sc-bczRLJ').click();",
              "err": {},
              "uuid": "a49f6534-1f42-4954-957e-6ad7b3648f70",
              "parentUUID": "744b928d-4ef0-45e3-a038-4e889f010a1a",
              "isHook": false,
              "skipped": false
            },
            {
              "title": "Verify that the user is able to filter by status",
              "fullTitle": "Requests Verify that the user is able to filter by status",
              "timedOut": null,
              "duration": 13734,
              "state": "failed",
              "speed": null,
              "pass": false,
              "fail": true,
              "pending": false,
              "context": "{\n  \"title\": \"cypress-mochawesome-reporter-screenshots\",\n  \"value\": [\n    [\n      \"/BiskitHQuser.cy.js/Requests -- Verify that the user is able to filter by status (failed).png\"\n    ]\n  ]\n}",
              "code": "loginPage.navigate(\"https://biskit-frontend-dev.eha.im/#/signin\");\nloginPage.enterusername(\"nelo_HQuser\");\nloginPage.enterPassword(\"password\");\nloginPage.clickLogin();\ncy.contains(\"Reports\").click();\ncy.contains(\"Requests\").click();\ncy.get(\".rs-flex-box-grid-item > .sc-bczRLJ\").click();\ncy.contains(\"Select Status\").click();\ncy.contains(\"Active\").click();\ncy.get('[style=\"margin-top: 24px;\"] > .sc-bczRLJ').click();",
              "err": {
                "message": "CypressError: Timed out retrying after 10050ms: `cy.click()` failed because this element:\n\n`<div class=\"sc-iTONeN gUwuLh\" style=\"background-color: rgb(209, 250, 229); color: rgb(0, 128, 64);\">Active</div>`\n\nis being covered by another element:\n\n`<div role=\"gridcell\" class=\"rs-col rs-col-xs-24\">...</div>`\n\nFix this problem, or use {force: true} to disable error checking.\n\nhttps://on.cypress.io/element-cannot-be-interacted-with",
                "estack": "CypressError: Timed out retrying after 10050ms: `cy.click()` failed because this element:\n\n`<div class=\"sc-iTONeN gUwuLh\" style=\"background-color: rgb(209, 250, 229); color: rgb(0, 128, 64);\">Active</div>`\n\nis being covered by another element:\n\n`<div role=\"gridcell\" class=\"rs-col rs-col-xs-24\">...</div>`\n\nFix this problem, or use {force: true} to disable error checking.\n\nhttps://on.cypress.io/element-cannot-be-interacted-with\n    at ensureIsDescendent (https://biskit-frontend-dev.eha.im/__cypress/runner/cypress_runner.js:111926:68)\n    at ensureDescendents (https://biskit-frontend-dev.eha.im/__cypress/runner/cypress_runner.js:111977:5)\n    at ensureDescendentsAndScroll (https://biskit-frontend-dev.eha.im/__cypress/runner/cypress_runner.js:111983:14)\n    at ensureElIsNotCovered (https://biskit-frontend-dev.eha.im/__cypress/runner/cypress_runner.js:112114:5)\n    at runAllChecks (https://biskit-frontend-dev.eha.im/__cypress/runner/cypress_runner.js:112313:52)\n    at retryActionability (https://biskit-frontend-dev.eha.im/__cypress/runner/cypress_runner.js:112350:16)\n    at tryCatcher (https://biskit-frontend-dev.eha.im/__cypress/runner/cypress_runner.js:1807:23)\n    at Promise.attempt.Promise.try (https://biskit-frontend-dev.eha.im/__cypress/runner/cypress_runner.js:4315:29)\n    at whenStable (https://biskit-frontend-dev.eha.im/__cypress/runner/cypress_runner.js:144345:68)\n    at <unknown> (https://biskit-frontend-dev.eha.im/__cypress/runner/cypress_runner.js:144286:14)\n    at tryCatcher (https://biskit-frontend-dev.eha.im/__cypress/runner/cypress_runner.js:1807:23)\n    at Promise._settlePromiseFromHandler (https://biskit-frontend-dev.eha.im/__cypress/runner/cypress_runner.js:1519:31)\n    at Promise._settlePromise (https://biskit-frontend-dev.eha.im/__cypress/runner/cypress_runner.js:1576:18)\n    at Promise._settlePromise0 (https://biskit-frontend-dev.eha.im/__cypress/runner/cypress_runner.js:1621:10)\n    at Promise._settlePromises (https://biskit-frontend-dev.eha.im/__cypress/runner/cypress_runner.js:1701:18)\n    at Promise._fulfill (https://biskit-frontend-dev.eha.im/__cypress/runner/cypress_runner.js:1645:18)\n    at <unknown> (https://biskit-frontend-dev.eha.im/__cypress/runner/cypress_runner.js:5450:46)\nFrom Your Spec Code:\n    at Context.eval (webpack://biskit/./cypress/e2e/BiskitHQuser.cy.js:1523:26)",
                "diff": null
              },
              "uuid": "04f28f2f-8c42-4078-9813-1f4c039fb50c",
              "parentUUID": "744b928d-4ef0-45e3-a038-4e889f010a1a",
              "isHook": false,
              "skipped": false
            },
            {
              "title": "Verify that the filter is triggered by clicking on a \"Filter\" button which is clearly visible and clickable",
              "fullTitle": "Requests Verify that the filter is triggered by clicking on a \"Filter\" button which is clearly visible and clickable",
              "timedOut": null,
              "duration": 3370,
              "state": "passed",
              "speed": "fast",
              "pass": true,
              "fail": false,
              "pending": false,
              "context": null,
              "code": "loginPage.navigate(\"https://biskit-frontend-dev.eha.im/#/signin\");\nloginPage.enterusername(\"nelo_HQuser\");\nloginPage.enterPassword(\"password\");\nloginPage.clickLogin();\ncy.contains(\"Reports\").click();\ncy.contains(\"Requests\").click();\ncy.get(\".rs-flex-box-grid-item > .sc-bczRLJ\").click();\ncy.contains(\"Select Status\").click();\ncy.contains(\"Cancelled\").click();\ncy.get('[style=\"margin-top: 24px;\"] > .sc-bczRLJ').click();",
              "err": {},
              "uuid": "69b4dd4d-dd2e-4e7f-bc39-d63d43609ca0",
              "parentUUID": "744b928d-4ef0-45e3-a038-4e889f010a1a",
              "isHook": false,
              "skipped": false
            }
          ],
          "suites": [],
          "passes": [
            "f0746304-949a-43c6-8ede-d296a213946c",
            "787101b2-c4e1-4739-8510-098b1019a3e2",
            "7d32292a-52c8-4a6d-aee1-cf5d7ce912ba",
            "2aa7f12c-e3b8-4b33-9f9c-0f3dd60cc113",
            "6e9e2389-594f-48ee-9f2e-4a3ddf7436fe",
            "531d6d44-ca38-42bb-b32a-cc870ba619ed",
            "4941fb9b-6ab6-4eac-b8b1-c8c3b4ac3803",
            "6c70f43e-58e5-442e-b2d2-992f68a9c5f4",
            "c59cb13b-8178-473b-8c98-40c7deb48331",
            "2c10c79e-cb4d-44f6-8898-0ddc92569272",
            "bf429c92-2f06-4864-a0cb-934fa647f51b",
            "145f5106-2865-4da7-b617-2d98383cc98a",
            "6171d9aa-6208-426c-885f-facbe1abb202",
            "275c4f3e-1b02-499d-8c6b-2316f59338bc",
            "182d2ff9-231e-4a32-86f0-bc68d89d63d6",
            "e7c4bf8e-db85-413b-a174-e05f202c7add",
            "572f0712-29c8-4162-87e5-571d73fd5e46",
            "2d977a96-8a0e-49a6-ad81-6ca40022d626",
            "969bd39f-ae4b-402f-a646-7932b9efe32b",
            "a49f6534-1f42-4954-957e-6ad7b3648f70",
            "69b4dd4d-dd2e-4e7f-bc39-d63d43609ca0"
          ],
          "failures": [
            "01316667-fa8b-48bc-a5fa-2f02f2074798",
            "562fc54b-53e5-4215-94a1-7795f101c4a8",
            "14580211-1d3b-41df-a546-9ffbd9e2ba3b",
            "04f28f2f-8c42-4078-9813-1f4c039fb50c"
          ],
          "pending": [],
          "skipped": [],
          "duration": 221902,
          "root": false,
          "rootEmpty": false,
          "_timeout": 2000
        },
        {
          "uuid": "75b7d68f-75e6-4870-8c1b-a0ef7ea5e3f8",
          "title": "Logout",
          "fullFile": "",
          "file": "",
          "beforeHooks": [],
          "afterHooks": [],
          "tests": [
            {
              "title": "Verify that the logout button is visible and clickable",
              "fullTitle": "Logout Verify that the logout button is visible and clickable",
              "timedOut": null,
              "duration": 2443,
              "state": "passed",
              "speed": "fast",
              "pass": true,
              "fail": false,
              "pending": false,
              "context": null,
              "code": "loginPage.navigate(\"https://biskit-frontend-dev.eha.im/#/signin\");\nloginPage.enterusername(\"nelo_BDC\");\nloginPage.enterPassword(\"password\");\nloginPage.clickLogin();\ncy.contains(\"Reports\").click();\ncy.get('[data-testid=\"user-info-logout\"]').click();\ncy.contains(\"logout\").should(\"contain\", \"logout\").and(\"be.visible\");",
              "err": {},
              "uuid": "c11ad0d5-a029-4309-bda3-ea2757be69b4",
              "parentUUID": "75b7d68f-75e6-4870-8c1b-a0ef7ea5e3f8",
              "isHook": false,
              "skipped": false
            },
            {
              "title": "Verify that the logout button is visible and clickable",
              "fullTitle": "Logout Verify that the logout button is visible and clickable",
              "timedOut": null,
              "duration": 4059,
              "state": "passed",
              "speed": "fast",
              "pass": true,
              "fail": false,
              "pending": false,
              "context": null,
              "code": "loginPage.navigate(\"https://biskit-frontend-dev.eha.im/#/signin\");\nloginPage.enterusername(\"nelo_BDC\");\nloginPage.enterPassword(\"password\");\nloginPage.clickLogin();\ncy.contains(\"Reports\").click();\ncy.get('[data-testid=\"user-info-logout\"]').click();\ncy.contains(\"logout\").click();\ncy.get(\".sc-bczRLJ\").should(\"contain\", \"Login\");",
              "err": {},
              "uuid": "983476cf-d0bd-47c0-8291-37cde8282a39",
              "parentUUID": "75b7d68f-75e6-4870-8c1b-a0ef7ea5e3f8",
              "isHook": false,
              "skipped": false
            }
          ],
          "suites": [],
          "passes": [
            "c11ad0d5-a029-4309-bda3-ea2757be69b4",
            "983476cf-d0bd-47c0-8291-37cde8282a39"
          ],
          "failures": [],
          "pending": [],
          "skipped": [],
          "duration": 6502,
          "root": false,
          "rootEmpty": false,
          "_timeout": 2000
        }
      ],
      "passes": [],
      "failures": [],
      "pending": [],
      "skipped": [],
      "duration": 0,
      "root": true,
      "rootEmpty": true,
      "_timeout": 2000
    }
  ],
  "meta": {
    "mocha": {
      "version": "7.0.1"
    },
    "mochawesome": {
      "options": {
        "quiet": false,
        "reportFilename": "mochawesome",
        "saveHtml": false,
        "saveJson": true,
        "consoleReporter": "spec",
        "useInlineDiffs": false,
        "code": true
      },
      "version": "7.1.3"
    },
    "marge": {
      "options": {
        "reportDir": "cypress/report/.jsons",
        "charts": true,
        "reportPageTitle": "BISKIT WEB AUTOMATION",
        "overwrite": false,
        "html": false,
        "json": true
      },
      "version": "6.2.0"
    }
  }
}