{
  "stats": {
    "suites": 2,
    "tests": 5,
    "passes": 5,
    "pending": 0,
    "failures": 0,
    "start": "2023-12-11T18:31:39.707Z",
    "end": "2023-12-11T18:32:49.631Z",
    "duration": 69924,
    "testsRegistered": 5,
    "passPercent": 100,
    "pendingPercent": 0,
    "other": 0,
    "hasOther": false,
    "skipped": 0,
    "hasSkipped": false
  },
  "results": [
    {
      "uuid": "88423b09-f62a-4432-b157-d532a604de2d",
      "title": "",
      "fullFile": "cypress/e2e/BiskitLogin.cy.js",
      "file": "cypress/e2e/BiskitLogin.cy.js",
      "beforeHooks": [],
      "afterHooks": [],
      "tests": [],
      "suites": [
        {
          "uuid": "f4131cbf-2a64-4915-8303-1b5c9f99e05b",
          "title": "All Login Tests",
          "fullFile": "",
          "file": "",
          "beforeHooks": [],
          "afterHooks": [],
          "tests": [
            {
              "title": "Login with invalid password",
              "fullTitle": "All Login Tests Login with invalid password",
              "timedOut": null,
              "duration": 15091,
              "state": "passed",
              "speed": "slow",
              "pass": true,
              "fail": false,
              "pending": false,
              "context": null,
              "code": "loginPage.navigate('https://biskit-frontend-dev.eha.im/#/signin');\nloginPage.enterusername('nelo_BDC');\nloginPage.enterPassword('password2');\nloginPage.clickLogin();\n// cy.wait(10000)\ncy.get('.rs-notification-content').should('contain', 'Error').and('not.have.text', 'Welcome to BISKIT');",
              "err": {},
              "uuid": "fc72e5af-f037-47d1-a82b-002bba71d350",
              "parentUUID": "f4131cbf-2a64-4915-8303-1b5c9f99e05b",
              "isHook": false,
              "skipped": false
            },
            {
              "title": "Login with invalid username",
              "fullTitle": "All Login Tests Login with invalid username",
              "timedOut": null,
              "duration": 5631,
              "state": "passed",
              "speed": "medium",
              "pass": true,
              "fail": false,
              "pending": false,
              "context": null,
              "code": "loginPage.navigate('https://biskit-frontend-dev.eha.im/#/signin');\nloginPage.enterusername('nelo_BDC123');\nloginPage.enterPassword('password');\nloginPage.clickLogin();\n// cy.wait(10000)\ncy.get('.rs-notification-content').should('contain', 'Error').and('not.have.text', 'Welcome to BISKIT');",
              "err": {},
              "uuid": "4cc5ac30-b80f-414f-95d5-7b1bd2d7be55",
              "parentUUID": "f4131cbf-2a64-4915-8303-1b5c9f99e05b",
              "isHook": false,
              "skipped": false
            },
            {
              "title": "login with valid credentials",
              "fullTitle": "All Login Tests login with valid credentials",
              "timedOut": null,
              "duration": 7461,
              "state": "passed",
              "speed": "medium",
              "pass": true,
              "fail": false,
              "pending": false,
              "context": null,
              "code": "loginPage.navigate('https://biskit-frontend-dev.eha.im/#/signin');\nloginPage.enterusername('nelo_BDC');\nloginPage.enterPassword('password');\nloginPage.clickLogin();\ncy.get('[data-testid=\"home-welcome\"]').should('be.visible').and('have.text', 'Welcome to BISKIT');",
              "err": {},
              "uuid": "fe903adb-a590-4fc4-adf4-84e5067ecec8",
              "parentUUID": "f4131cbf-2a64-4915-8303-1b5c9f99e05b",
              "isHook": false,
              "skipped": false
            }
          ],
          "suites": [],
          "passes": [
            "fc72e5af-f037-47d1-a82b-002bba71d350",
            "4cc5ac30-b80f-414f-95d5-7b1bd2d7be55",
            "fe903adb-a590-4fc4-adf4-84e5067ecec8"
          ],
          "failures": [],
          "pending": [],
          "skipped": [],
          "duration": 28183,
          "root": false,
          "rootEmpty": false,
          "_timeout": 2000
        },
        {
          "uuid": "3af92579-4e40-411d-bf20-8cfd2978ea4f",
          "title": "Logout",
          "fullFile": "",
          "file": "",
          "beforeHooks": [],
          "afterHooks": [],
          "tests": [
            {
              "title": "Verify that the logout button is visible and clickable",
              "fullTitle": "Logout Verify that the logout button is visible and clickable",
              "timedOut": null,
              "duration": 29220,
              "state": "passed",
              "speed": "slow",
              "pass": true,
              "fail": false,
              "pending": false,
              "context": null,
              "code": "loginPage.navigate('https://biskit-frontend-dev.eha.im/#/signin');\nloginPage.enterusername('nelo_BDC');\nloginPage.enterPassword('password');\nloginPage.clickLogin();\ncy.contains('Reports').click();\ncy.get('[data-testid=\"user-info-logout\"]').click();\ncy.contains('logout').should('contain', 'logout').and('be.visible');",
              "err": {},
              "uuid": "3b1c939f-1df8-46b6-82f5-e4774a898230",
              "parentUUID": "3af92579-4e40-411d-bf20-8cfd2978ea4f",
              "isHook": false,
              "skipped": false
            },
            {
              "title": "Verify that the logout button is visible and clickable",
              "fullTitle": "Logout Verify that the logout button is visible and clickable",
              "timedOut": null,
              "duration": 11104,
              "state": "passed",
              "speed": "slow",
              "pass": true,
              "fail": false,
              "pending": false,
              "context": null,
              "code": "loginPage.navigate('https://biskit-frontend-dev.eha.im/#/signin');\nloginPage.enterusername('nelo_BDC');\nloginPage.enterPassword('password');\nloginPage.clickLogin();\ncy.contains('Reports').click();\ncy.get('[data-testid=\"user-info-logout\"]').click();\ncy.contains('logout').click();\ncy.get('.sc-bczRLJ').should('contain', 'Login');",
              "err": {},
              "uuid": "2652564a-2a21-4c81-afde-ceb8120366e0",
              "parentUUID": "3af92579-4e40-411d-bf20-8cfd2978ea4f",
              "isHook": false,
              "skipped": false
            }
          ],
          "suites": [],
          "passes": [
            "3b1c939f-1df8-46b6-82f5-e4774a898230",
            "2652564a-2a21-4c81-afde-ceb8120366e0"
          ],
          "failures": [],
          "pending": [],
          "skipped": [],
          "duration": 40324,
          "root": false,
          "rootEmpty": false,
          "_timeout": 2000
        }
      ],
      "passes": [],
      "failures": [],
      "pending": [],
      "skipped": [],
      "duration": 0,
      "root": true,
      "rootEmpty": true,
      "_timeout": 2000
    }
  ],
  "meta": {
    "mocha": {
      "version": "7.0.1"
    },
    "mochawesome": {
      "options": {
        "quiet": false,
        "reportFilename": "mochawesome",
        "saveHtml": false,
        "saveJson": true,
        "consoleReporter": "spec",
        "useInlineDiffs": false,
        "code": true
      },
      "version": "7.1.3"
    },
    "marge": {
      "options": {
        "overwrite": false,
        "html": false,
        "json": true,
        "reportDir": "cypress/reports/html/.jsons"
      },
      "version": "6.2.0"
    }
  }
}